<?xml version="1.0" encoding="UTF-8"?>
<testsuites name="AllTestCases" time="1749.706" tests="64" failures="4" errors="1">
   <testsuite name="AllTestCases" tests="64" failures="4" errors="1" time="1749.706" timestamp="2021-01-14 08:44:06" hostname="Lenovo - DESKTOP-H3LAPEO" id="Test Suites/AllTestCases">
      <properties>
[...]
</properties>
      <testcase name="Test Cases/Admin/Asset/addAssetAndVerify" time="30.157" classname="Test Cases/Admin/Asset/addAssetAndVerify" status="PASSED">
         <system-out><![CDATA[2021-01-14 08:44:32 - [TEST_CASE][PASSED] - Test Cases/Admin/Asset/addAssetAndVerify: Test Cases/Admin/Asset/addAssetAndVerify

2021-01-14 08:44:32 - [TEST_STEP][PASSED] - Start listener action : login: null

2021-01-14 08:44:32 - [TEST_STEP][PASSED] - Thread.sleep(3000): null

2021-01-14 08:44:35 - [TEST_STEP][PASSED] - url = getUrl(): Current window's url is: 'https://dev-admin.modist.co/dashboard'

2021-01-14 08:44:35 - [MESSAGE][PASSED] - Current window's url is: 'https://dev-admin.modist.co/dashboard'

2021-01-14 08:44:35 - [TEST_STEP][PASSED] - if (!(url.contains("dashboard"))): null

2021-01-14 08:44:35 - [TEST_STEP][PASSED] - pages.Asset.clickAssetTab(): pages.Asset.clickAssetTab is PASSED

2021-01-14 08:44:35 - [MESSAGE][PASSED] - Object 'Object Repository/Asset/Asset/AssetPageElements/assetTab' is present

2021-01-14 08:44:36 - [MESSAGE][PASSED] - Object 'Object Repository/Asset/Asset/AssetPageElements/assetTab' is visible

2021-01-14 08:44:36 - [MESSAGE][PASSED] - Object 'Object Repository/Asset/Asset/AssetPageElements/assetTab' is clickable

2021-01-14 08:44:36 - [MESSAGE][PASSED] - Object: 'Object Repository/Asset/Asset/AssetPageElements/assetTab' is clicked on

2021-01-14 08:44:36 - [MESSAGE][PASSED] - pages.Asset.clickAssetTab is PASSED

2021-01-14 08:44:36 - [TEST_STEP][PASSED] - assetName = pages.Asset.addAsset(): pages.Asset.addAsset is PASSED

2021-01-14 08:44:37 - [MESSAGE][PASSED] - Object 'Object Repository/Asset/Asset/AssetPageElements/AddAssetButton' is present

2021-01-14 08:44:37 - [MESSAGE][PASSED] - Object 'Object Repository/Asset/Asset/AssetPageElements/AddAssetButton' is visible

2021-01-14 08:44:38 - [MESSAGE][PASSED] - Object 'Object Repository/Asset/Asset/AssetPageElements/AddAssetButton' is clickable

2021-01-14 08:44:38 - [MESSAGE][PASSED] - Object: 'Object Repository/Asset/Asset/AssetPageElements/AddAssetButton' is clicked on

2021-01-14 08:44:39 - [MESSAGE][PASSED] - Object 'Object Repository/Asset/Asset/addAsset/Author' is present

2021-01-14 08:44:41 - [MESSAGE][PASSED] - Object 'Object Repository/Asset/Asset/addAsset/Author' is visible

2021-01-14 08:44:41 - [MESSAGE][PASSED] - Object 'Object Repository/Asset/Asset/addAsset/Author' is clickable

2021-01-14 08:44:41 - [MESSAGE][PASSED] - Text of object 'Object Repository/Asset/Asset/addAsset/Author' is cleared

2021-01-14 08:44:42 - [MESSAGE][PASSED] - Keys 'Author394' sent to object: 'Object Repository/Asset/Asset/addAsset/Author'

2021-01-14 08:44:42 - [MESSAGE][PASSED] - File 'E:\Modist\ModistProject\bike4.jpg' sent to object: 'Object Repository/Asset/Asset/addAsset/chooseFile'

2021-01-14 08:44:43 - [MESSAGE][PASSED] - Object 'Object Repository/Asset/Asset/addAsset/clickTenant' is present

2021-01-14 08:44:43 - [MESSAGE][PASSED] - Object 'Object Repository/Asset/Asset/addAsset/clickTenant' is visible

2021-01-14 08:44:44 - [MESSAGE][PASSED] - Object 'Object Repository/Asset/Asset/addAsset/clickTenant' is clickable

2021-01-14 08:44:44 - [MESSAGE][PASSED] - Object: 'Object Repository/Asset/Asset/addAsset/clickTenant' is clicked on

2021-01-14 08:44:45 - [MESSAGE][PASSED] - Object 'Object Repository/Asset/Asset/addAsset/selectTenent' is present

2021-01-14 08:44:45 - [MESSAGE][PASSED] - Object 'Object Repository/Asset/Asset/addAsset/selectTenent' is visible

2021-01-14 08:44:45 - [MESSAGE][PASSED] - Object 'Object Repository/Asset/Asset/addAsset/selectTenent' is clickable

2021-01-14 08:44:46 - [MESSAGE][PASSED] - Object: 'Object Repository/Asset/Asset/addAsset/selectTenent' is clicked on

2021-01-14 08:44:46 - [MESSAGE][PASSED] - Object 'Object Repository/Asset/Asset/addAsset/addAssetButtonInAddAssetPopup' is present

2021-01-14 08:44:46 - [MESSAGE][PASSED] - Object 'Object Repository/Asset/Asset/addAsset/addAssetButtonInAddAssetPopup' is visible

2021-01-14 08:44:46 - [MESSAGE][PASSED] - Object 'Object Repository/Asset/Asset/addAsset/addAssetButtonInAddAssetPopup' is clickable

2021-01-14 08:44:47 - [MESSAGE][PASSED] - Object: 'Object Repository/Asset/Asset/addAsset/addAssetButtonInAddAssetPopup' is clicked on

2021-01-14 08:44:52 - [MESSAGE][PASSED] - Web element with id: 'Object Repository/Asset/Asset/uploadStatusIcon' located by 'By.xpath: //div[@class='upload-progress-wrapper']' is not present after '10' second(s)

2021-01-14 08:44:52 - [MESSAGE][PASSED] - pages.Asset.addAsset is PASSED

2021-01-14 08:44:52 - [TEST_STEP][PASSED] - pages.Asset.VerifyAssetIsPresent(assetName): pages.Asset.VerifyAssetIsPresent is PASSED

2021-01-14 08:44:52 - [MESSAGE][PASSED] - Object 'Object Repository/Asset/Asset/AssetPageElements/search' is present

2021-01-14 08:44:52 - [MESSAGE][PASSED] - Object 'Object Repository/Asset/Asset/AssetPageElements/search' is visible

2021-01-14 08:44:53 - [MESSAGE][PASSED] - Object 'Object Repository/Asset/Asset/AssetPageElements/search' is clickable

2021-01-14 08:44:53 - [MESSAGE][PASSED] - Text of object 'Object Repository/Asset/Asset/AssetPageElements/search' is cleared

2021-01-14 08:44:53 - [MESSAGE][PASSED] - Keys '' sent to object: 'Object Repository/Asset/Asset/AssetPageElements/search'

2021-01-14 08:44:54 - [MESSAGE][PASSED] - Keys 'A' sent to object: 'Object Repository/Asset/Asset/AssetPageElements/search'

2021-01-14 08:44:54 - [MESSAGE][PASSED] - Keys 'u' sent to object: 'Object Repository/Asset/Asset/AssetPageElements/search'

2021-01-14 08:44:55 - [MESSAGE][PASSED] - Keys 't' sent to object: 'Object Repository/Asset/Asset/AssetPageElements/search'

2021-01-14 08:44:57 - [MESSAGE][PASSED] - Keys 'h' sent to object: 'Object Repository/Asset/Asset/AssetPageElements/search'

2021-01-14 08:44:58 - [MESSAGE][PASSED] - Keys 'o' sent to object: 'Object Repository/Asset/Asset/AssetPageElements/search'

2021-01-14 08:44:58 - [MESSAGE][PASSED] - Keys 'r' sent to object: 'Object Repository/Asset/Asset/AssetPageElements/search'

2021-01-14 08:44:59 - [MESSAGE][PASSED] - Keys '3' sent to object: 'Object Repository/Asset/Asset/AssetPageElements/search'

2021-01-14 08:45:00 - [MESSAGE][PASSED] - Keys '9' sent to object: 'Object Repository/Asset/Asset/AssetPageElements/search'

2021-01-14 08:45:00 - [MESSAGE][PASSED] - Keys '4' sent to object: 'Object Repository/Asset/Asset/AssetPageElements/search'

2021-01-14 08:45:02 - [MESSAGE][PASSED] - Object 'Object Repository/Asset/Asset/assetname(assetName)' is present

2021-01-14 08:45:02 - [MESSAGE][PASSED] - pages.Asset.VerifyAssetIsPresent is PASSED]]></system-out>
         <system-err><![CDATA[]]></system-err>
      </testcase>
      <testcase name="Test Cases/Admin/Asset/deleteAssetAndVerify" time="28.506" classname="Test Cases/Admin/Asset/deleteAssetAndVerify" status="PASSED">
         <system-out><![CDATA[2021-01-14 08:45:02 - [TEST_CASE][PASSED] - Test Cases/Admin/Asset/deleteAssetAndVerify: Test Cases/Admin/Asset/deleteAssetAndVerify

2021-01-14 08:45:02 - [TEST_STEP][PASSED] - Start listener action : login: null

2021-01-14 08:45:02 - [TEST_STEP][PASSED] - Thread.sleep(3000): null

2021-01-14 08:45:05 - [TEST_STEP][PASSED] - url = getUrl(): Current window's url is: 'https://dev-admin.modist.co/dashboard'

2021-01-14 08:45:05 - [MESSAGE][PASSED] - Current window's url is: 'https://dev-admin.modist.co/dashboard'

2021-01-14 08:45:05 - [TEST_STEP][PASSED] - if (!(url.contains("dashboard"))): null

2021-01-14 08:45:05 - [TEST_STEP][PASSED] - pages.Asset.clickAssetTab(): pages.Asset.clickAssetTab is PASSED

2021-01-14 08:45:05 - [MESSAGE][PASSED] - Object 'Object Repository/Asset/Asset/AssetPageElements/assetTab' is present

2021-01-14 08:45:06 - [MESSAGE][PASSED] - Object 'Object Repository/Asset/Asset/AssetPageElements/assetTab' is visible

2021-01-14 08:45:06 - [MESSAGE][PASSED] - Object 'Object Repository/Asset/Asset/AssetPageElements/assetTab' is clickable

2021-01-14 08:45:06 - [MESSAGE][PASSED] - Object: 'Object Repository/Asset/Asset/AssetPageElements/assetTab' is clicked on

2021-01-14 08:45:06 - [MESSAGE][PASSED] - pages.Asset.clickAssetTab is PASSED

2021-01-14 08:45:06 - [TEST_STEP][PASSED] - assetName = pages.Asset.getRandomAssetName(): pages.Asset.getRandomAssetName is PASSED

2021-01-14 08:45:06 - [MESSAGE][PASSED] - Wait for page load successfully

2021-01-14 08:45:07 - [MESSAGE][PASSED] - Object 'Object Repository/Asset/Asset/AssetCount' is present

2021-01-14 08:45:07 - [MESSAGE][PASSED] - Text of object 'Object Repository/Asset/Asset/randomAsset(index)' is: 'Author394'

2021-01-14 08:45:07 - [MESSAGE][PASSED] - pages.Asset.getRandomAssetName is PASSED

2021-01-14 08:45:07 - [TEST_STEP][PASSED] - pages.Asset.deleteAsset(assetName): pages.Asset.deleteAsset is PASSED

2021-01-14 08:45:08 - [MESSAGE][PASSED] - Object 'Object Repository/Asset/Asset/AssetPageElements/search' is present

2021-01-14 08:45:08 - [MESSAGE][PASSED] - Object 'Object Repository/Asset/Asset/AssetPageElements/search' is visible

2021-01-14 08:45:08 - [MESSAGE][PASSED] - Object 'Object Repository/Asset/Asset/AssetPageElements/search' is clickable

2021-01-14 08:45:09 - [MESSAGE][PASSED] - Text of object 'Object Repository/Asset/Asset/AssetPageElements/search' is cleared

2021-01-14 08:45:09 - [MESSAGE][PASSED] - Keys '' sent to object: 'Object Repository/Asset/Asset/AssetPageElements/search'

2021-01-14 08:45:09 - [MESSAGE][PASSED] - Keys 'A' sent to object: 'Object Repository/Asset/Asset/AssetPageElements/search'

2021-01-14 08:45:10 - [MESSAGE][PASSED] - Keys 'u' sent to object: 'Object Repository/Asset/Asset/AssetPageElements/search'

2021-01-14 08:45:11 - [MESSAGE][PASSED] - Keys 't' sent to object: 'Object Repository/Asset/Asset/AssetPageElements/search'

2021-01-14 08:45:13 - [MESSAGE][PASSED] - Keys 'h' sent to object: 'Object Repository/Asset/Asset/AssetPageElements/search'

2021-01-14 08:45:13 - [MESSAGE][PASSED] - Keys 'o' sent to object: 'Object Repository/Asset/Asset/AssetPageElements/search'

2021-01-14 08:45:13 - [MESSAGE][PASSED] - Keys 'r' sent to object: 'Object Repository/Asset/Asset/AssetPageElements/search'

2021-01-14 08:45:14 - [MESSAGE][PASSED] - Keys '3' sent to object: 'Object Repository/Asset/Asset/AssetPageElements/search'

2021-01-14 08:45:14 - [MESSAGE][PASSED] - Keys '9' sent to object: 'Object Repository/Asset/Asset/AssetPageElements/search'

2021-01-14 08:45:16 - [MESSAGE][PASSED] - Keys '4' sent to object: 'Object Repository/Asset/Asset/AssetPageElements/search'

2021-01-14 08:45:16 - [MESSAGE][PASSED] - Object 'Object Repository/Asset/Asset/delAssetCheckbox(assetName)' is present

2021-01-14 08:45:16 - [MESSAGE][PASSED] - Object 'Object Repository/Asset/Asset/delAssetCheckbox(assetName)' is visible

2021-01-14 08:45:17 - [MESSAGE][PASSED] - Object 'Object Repository/Asset/Asset/delAssetCheckbox(assetName)' is clickable

2021-01-14 08:45:18 - [MESSAGE][PASSED] - Object: 'Object Repository/Asset/Asset/delAssetCheckbox(assetName)' is clicked on

2021-01-14 08:45:18 - [MESSAGE][PASSED] - Object 'Object Repository/Asset/Asset/delIcon' is present

2021-01-14 08:45:18 - [MESSAGE][PASSED] - Object 'Object Repository/Asset/Asset/delIcon' is visible

2021-01-14 08:45:19 - [MESSAGE][PASSED] - Object 'Object Repository/Asset/Asset/delIcon' is clickable

2021-01-14 08:45:19 - [MESSAGE][PASSED] - Object: 'Object Repository/Asset/Asset/delIcon' is clicked on

2021-01-14 08:45:19 - [MESSAGE][PASSED] - Alert accepted

2021-01-14 08:45:19 - [MESSAGE][PASSED] - pages.Asset.deleteAsset is PASSED

2021-01-14 08:45:19 - [TEST_STEP][PASSED] - pages.Asset.VerifyAssetNotPresent(assetName): pages.Asset.VerifyAssetNotPresent is PASSED

2021-01-14 08:45:21 - [MESSAGE][PASSED] - Object 'Object Repository/Asset/Asset/AssetPageElements/search' is present

2021-01-14 08:45:21 - [MESSAGE][PASSED] - Object 'Object Repository/Asset/Asset/AssetPageElements/search' is visible

2021-01-14 08:45:22 - [MESSAGE][PASSED] - Object 'Object Repository/Asset/Asset/AssetPageElements/search' is clickable

2021-01-14 08:45:22 - [MESSAGE][PASSED] - Text of object 'Object Repository/Asset/Asset/AssetPageElements/search' is cleared

2021-01-14 08:45:22 - [MESSAGE][PASSED] - Keys '' sent to object: 'Object Repository/Asset/Asset/AssetPageElements/search'

2021-01-14 08:45:23 - [MESSAGE][PASSED] - Keys 'A' sent to object: 'Object Repository/Asset/Asset/AssetPageElements/search'

2021-01-14 08:45:23 - [MESSAGE][PASSED] - Keys 'u' sent to object: 'Object Repository/Asset/Asset/AssetPageElements/search'

2021-01-14 08:45:24 - [MESSAGE][PASSED] - Keys 't' sent to object: 'Object Repository/Asset/Asset/AssetPageElements/search'

2021-01-14 08:45:25 - [MESSAGE][PASSED] - Keys 'h' sent to object: 'Object Repository/Asset/Asset/AssetPageElements/search'

2021-01-14 08:45:26 - [MESSAGE][PASSED] - Keys 'o' sent to object: 'Object Repository/Asset/Asset/AssetPageElements/search'

2021-01-14 08:45:27 - [MESSAGE][PASSED] - Keys 'r' sent to object: 'Object Repository/Asset/Asset/AssetPageElements/search'

2021-01-14 08:45:28 - [MESSAGE][PASSED] - Keys '3' sent to object: 'Object Repository/Asset/Asset/AssetPageElements/search'

2021-01-14 08:45:28 - [MESSAGE][PASSED] - Keys '9' sent to object: 'Object Repository/Asset/Asset/AssetPageElements/search'

2021-01-14 08:45:30 - [MESSAGE][PASSED] - Keys '4' sent to object: 'Object Repository/Asset/Asset/AssetPageElements/search'

2021-01-14 08:45:30 - [MESSAGE][PASSED] - Web element with id: 'Object Repository/Asset/Asset/assetname(assetName)' located by 'By.xpath: //div[text()='Author394']' is not present after '30' second(s)

2021-01-14 08:45:30 - [MESSAGE][PASSED] - pages.Asset.VerifyAssetNotPresent is PASSED]]></system-out>
         <system-err><![CDATA[]]></system-err>
      </testcase>
      <testcase name="Test Cases/Admin/Asset/editSourceInAssetEditPageAndVerify" time="37.977" classname="Test Cases/Admin/Asset/editSourceInAssetEditPageAndVerify" status="PASSED">
         <system-out><![CDATA[2021-01-14 08:45:30 - [TEST_CASE][PASSED] - Test Cases/Admin/Asset/editSourceInAssetEditPageAndVerify: Test Cases/Admin/Asset/editSourceInAssetEditPageAndVerify

2021-01-14 08:45:30 - [TEST_STEP][PASSED] - Start listener action : login: null

2021-01-14 08:45:30 - [TEST_STEP][PASSED] - Thread.sleep(3000): null

2021-01-14 08:45:33 - [TEST_STEP][PASSED] - url = getUrl(): Current window's url is: 'https://dev-admin.modist.co/dashboard'

2021-01-14 08:45:33 - [MESSAGE][PASSED] - Current window's url is: 'https://dev-admin.modist.co/dashboard'

2021-01-14 08:45:33 - [TEST_STEP][PASSED] - if (!(url.contains("dashboard"))): null

2021-01-14 08:45:34 - [TEST_STEP][PASSED] - pages.Asset.clickAssetTab(): pages.Asset.clickAssetTab is PASSED

2021-01-14 08:45:34 - [MESSAGE][PASSED] - Object 'Object Repository/Asset/Asset/AssetPageElements/assetTab' is present

2021-01-14 08:45:34 - [MESSAGE][PASSED] - Object 'Object Repository/Asset/Asset/AssetPageElements/assetTab' is visible

2021-01-14 08:45:34 - [MESSAGE][PASSED] - Object 'Object Repository/Asset/Asset/AssetPageElements/assetTab' is clickable

2021-01-14 08:45:35 - [MESSAGE][PASSED] - Object: 'Object Repository/Asset/Asset/AssetPageElements/assetTab' is clicked on

2021-01-14 08:45:35 - [MESSAGE][PASSED] - pages.Asset.clickAssetTab is PASSED

2021-01-14 08:45:35 - [TEST_STEP][PASSED] - assetDetails = pages.Asset.editSourceInAssetEditPage(): pages.Asset.editSourceInAssetEditPage is PASSED

2021-01-14 08:45:35 - [MESSAGE][PASSED] - Wait for page load successfully

2021-01-14 08:45:35 - [MESSAGE][PASSED] - Object 'Object Repository/Asset/Asset/AssetCount' is present

2021-01-14 08:45:36 - [MESSAGE][PASSED] - Text of object 'Object Repository/Asset/Asset/randomAsset(index)' is: 'Author313'

2021-01-14 08:45:36 - [MESSAGE][PASSED] - Object 'Object Repository/Asset/Asset/AssetPageElements/search' is present

2021-01-14 08:45:36 - [MESSAGE][PASSED] - Object 'Object Repository/Asset/Asset/AssetPageElements/search' is visible

2021-01-14 08:45:37 - [MESSAGE][PASSED] - Object 'Object Repository/Asset/Asset/AssetPageElements/search' is clickable

2021-01-14 08:45:37 - [MESSAGE][PASSED] - Text of object 'Object Repository/Asset/Asset/AssetPageElements/search' is cleared

2021-01-14 08:45:37 - [MESSAGE][PASSED] - Keys '' sent to object: 'Object Repository/Asset/Asset/AssetPageElements/search'

2021-01-14 08:45:38 - [MESSAGE][PASSED] - Keys 'A' sent to object: 'Object Repository/Asset/Asset/AssetPageElements/search'

2021-01-14 08:45:38 - [MESSAGE][PASSED] - Keys 'u' sent to object: 'Object Repository/Asset/Asset/AssetPageElements/search'

2021-01-14 08:45:39 - [MESSAGE][PASSED] - Keys 't' sent to object: 'Object Repository/Asset/Asset/AssetPageElements/search'

2021-01-14 08:45:40 - [MESSAGE][PASSED] - Keys 'h' sent to object: 'Object Repository/Asset/Asset/AssetPageElements/search'

2021-01-14 08:45:40 - [MESSAGE][PASSED] - Keys 'o' sent to object: 'Object Repository/Asset/Asset/AssetPageElements/search'

2021-01-14 08:45:42 - [MESSAGE][PASSED] - Keys 'r' sent to object: 'Object Repository/Asset/Asset/AssetPageElements/search'

2021-01-14 08:45:42 - [MESSAGE][PASSED] - Keys '3' sent to object: 'Object Repository/Asset/Asset/AssetPageElements/search'

2021-01-14 08:45:43 - [MESSAGE][PASSED] - Keys '1' sent to object: 'Object Repository/Asset/Asset/AssetPageElements/search'

2021-01-14 08:45:44 - [MESSAGE][PASSED] - Keys '3' sent to object: 'Object Repository/Asset/Asset/AssetPageElements/search'

2021-01-14 08:45:45 - [MESSAGE][PASSED] - Object 'Object Repository/Asset/Asset/assetname(assetName)' is present

2021-01-14 08:45:45 - [MESSAGE][PASSED] - Object 'Object Repository/Asset/Asset/assetname(assetName)' is visible

2021-01-14 08:45:45 - [MESSAGE][PASSED] - Object 'Object Repository/Asset/Asset/assetname(assetName)' is clickable

2021-01-14 08:45:46 - [MESSAGE][PASSED] - Object: 'Object Repository/Asset/Asset/assetname(assetName)' is clicked on

2021-01-14 08:45:46 - [MESSAGE][PASSED] - Scroll to object 'Object Repository/Asset/Asset/assetEditpage/sourceDropdown' successfully

2021-01-14 08:45:47 - [MESSAGE][PASSED] - Object 'Object Repository/Asset/Asset/assetEditpage/sourceDropdown' is present

2021-01-14 08:45:48 - [MESSAGE][PASSED] - Object 'Object Repository/Asset/Asset/assetEditpage/sourceDropdown' is visible

2021-01-14 08:45:48 - [MESSAGE][PASSED] - Object 'Object Repository/Asset/Asset/assetEditpage/sourceDropdown' is clickable

2021-01-14 08:45:48 - [MESSAGE][PASSED] - Object: 'Object Repository/Asset/Asset/assetEditpage/sourceDropdown' is clicked on

2021-01-14 08:45:49 - [MESSAGE][PASSED] - Object 'Object Repository/Asset/Asset/assetEditpage/sourceCount' is present

2021-01-14 08:45:50 - [MESSAGE][PASSED] - Object 'Object Repository/Asset/Asset/assetEditpage/randomSource(index)' is present

2021-01-14 08:45:50 - [MESSAGE][PASSED] - Object 'Object Repository/Asset/Asset/assetEditpage/randomSource(index)' is visible

2021-01-14 08:45:50 - [MESSAGE][PASSED] - Object 'Object Repository/Asset/Asset/assetEditpage/randomSource(index)' is clickable

2021-01-14 08:45:50 - [MESSAGE][PASSED] - Object: 'Object Repository/Asset/Asset/assetEditpage/randomSource(index)' is clicked on

2021-01-14 08:45:51 - [MESSAGE][PASSED] - Text of object 'Object Repository/Asset/Asset/assetEditpage/randomSource(index)' is: 'RandomAsset461'

2021-01-14 08:45:51 - [MESSAGE][PASSED] - Object 'Object Repository/Asset/Asset/assetEditpage/Save' is present

2021-01-14 08:45:52 - [MESSAGE][PASSED] - Object 'Object Repository/Asset/Asset/assetEditpage/Save' is visible

2021-01-14 08:45:52 - [MESSAGE][PASSED] - Object 'Object Repository/Asset/Asset/assetEditpage/Save' is clickable

2021-01-14 08:45:52 - [MESSAGE][PASSED] - Object: 'Object Repository/Asset/Asset/assetEditpage/Save' is clicked on

2021-01-14 08:45:53 - [MESSAGE][PASSED] - Object 'Object Repository/Asset/Asset/assetEditpage/close' is present

2021-01-14 08:45:53 - [MESSAGE][PASSED] - Object 'Object Repository/Asset/Asset/assetEditpage/close' is visible

2021-01-14 08:45:54 - [MESSAGE][PASSED] - Object 'Object Repository/Asset/Asset/assetEditpage/close' is clickable

2021-01-14 08:45:54 - [MESSAGE][PASSED] - Object: 'Object Repository/Asset/Asset/assetEditpage/close' is clicked on

2021-01-14 08:45:54 - [MESSAGE][PASSED] - pages.Asset.editSourceInAssetEditPage is PASSED

2021-01-14 08:45:54 - [TEST_STEP][PASSED] - assetName = assetName: null

2021-01-14 08:45:54 - [TEST_STEP][PASSED] - sourceName = sourceName: null

2021-01-14 08:45:54 - [TEST_STEP][PASSED] - pages.Asset.verifySourceInEditAssetPage(assetName, sourceName): pages.Asset.verifySourceInEditAssetPage is PASSED

2021-01-14 08:45:55 - [MESSAGE][PASSED] - Object 'Object Repository/Asset/Asset/AssetPageElements/search' is present

2021-01-14 08:45:55 - [MESSAGE][PASSED] - Object 'Object Repository/Asset/Asset/AssetPageElements/search' is visible

2021-01-14 08:45:56 - [MESSAGE][PASSED] - Object 'Object Repository/Asset/Asset/AssetPageElements/search' is clickable

2021-01-14 08:45:57 - [MESSAGE][PASSED] - Text of object 'Object Repository/Asset/Asset/AssetPageElements/search' is cleared

2021-01-14 08:45:57 - [MESSAGE][PASSED] - Keys '' sent to object: 'Object Repository/Asset/Asset/AssetPageElements/search'

2021-01-14 08:45:57 - [MESSAGE][PASSED] - Keys 'A' sent to object: 'Object Repository/Asset/Asset/AssetPageElements/search'

2021-01-14 08:45:58 - [MESSAGE][PASSED] - Keys 'u' sent to object: 'Object Repository/Asset/Asset/AssetPageElements/search'

2021-01-14 08:45:58 - [MESSAGE][PASSED] - Keys 't' sent to object: 'Object Repository/Asset/Asset/AssetPageElements/search'

2021-01-14 08:46:00 - [MESSAGE][PASSED] - Keys 'h' sent to object: 'Object Repository/Asset/Asset/AssetPageElements/search'

2021-01-14 08:46:00 - [MESSAGE][PASSED] - Keys 'o' sent to object: 'Object Repository/Asset/Asset/AssetPageElements/search'

2021-01-14 08:46:01 - [MESSAGE][PASSED] - Keys 'r' sent to object: 'Object Repository/Asset/Asset/AssetPageElements/search'

2021-01-14 08:46:01 - [MESSAGE][PASSED] - Keys '3' sent to object: 'Object Repository/Asset/Asset/AssetPageElements/search'

2021-01-14 08:46:02 - [MESSAGE][PASSED] - Keys '1' sent to object: 'Object Repository/Asset/Asset/AssetPageElements/search'

2021-01-14 08:46:03 - [MESSAGE][PASSED] - Keys '3' sent to object: 'Object Repository/Asset/Asset/AssetPageElements/search'

2021-01-14 08:46:04 - [MESSAGE][PASSED] - Object 'Object Repository/Asset/Asset/anyAsset(assetName)' is present

2021-01-14 08:46:04 - [MESSAGE][PASSED] - Object 'Object Repository/Asset/Asset/anyAsset(assetName)' is visible

2021-01-14 08:46:04 - [MESSAGE][PASSED] - Object 'Object Repository/Asset/Asset/anyAsset(assetName)' is clickable

2021-01-14 08:46:05 - [MESSAGE][PASSED] - Object: 'Object Repository/Asset/Asset/anyAsset(assetName)' is clicked on

2021-01-14 08:46:07 - [MESSAGE][PASSED] - Scroll to object 'Object Repository/Asset/Asset/assetEditpage/sourceName(sourceName)' successfully

2021-01-14 08:46:07 - [MESSAGE][PASSED] - Object 'Object Repository/Asset/Asset/assetEditpage/sourceName(sourceName)' is present

2021-01-14 08:46:07 - [MESSAGE][PASSED] - Object 'Object Repository/Asset/Asset/assetEditpage/close' is present

2021-01-14 08:46:08 - [MESSAGE][PASSED] - Object 'Object Repository/Asset/Asset/assetEditpage/close' is visible

2021-01-14 08:46:08 - [MESSAGE][PASSED] - Object 'Object Repository/Asset/Asset/assetEditpage/close' is clickable

2021-01-14 08:46:08 - [MESSAGE][PASSED] - Object: 'Object Repository/Asset/Asset/assetEditpage/close' is clicked on

2021-01-14 08:46:08 - [MESSAGE][PASSED] - pages.Asset.verifySourceInEditAssetPage is PASSED]]></system-out>
         <system-err><![CDATA[]]></system-err>
      </testcase>
      <testcase name="Test Cases/Admin/Asset/functionalityOfCancelButtonInAddAssetPopup" time="18.232" classname="Test Cases/Admin/Asset/functionalityOfCancelButtonInAddAssetPopup" status="PASSED">
         <system-out><![CDATA[2021-01-14 08:46:08 - [TEST_CASE][PASSED] - Test Cases/Admin/Asset/functionalityOfCancelButtonInAddAssetPopup: Test Cases/Admin/Asset/functionalityOfCancelButtonInAddAssetPopup

2021-01-14 08:46:08 - [TEST_STEP][PASSED] - Start listener action : login: null

2021-01-14 08:46:08 - [TEST_STEP][PASSED] - Thread.sleep(3000): null

2021-01-14 08:46:11 - [TEST_STEP][PASSED] - url = getUrl(): Current window's url is: 'https://dev-admin.modist.co/dashboard'

2021-01-14 08:46:11 - [MESSAGE][PASSED] - Current window's url is: 'https://dev-admin.modist.co/dashboard'

2021-01-14 08:46:11 - [TEST_STEP][PASSED] - if (!(url.contains("dashboard"))): null

2021-01-14 08:46:12 - [TEST_STEP][PASSED] - pages.Asset.clickAssetTab(): pages.Asset.clickAssetTab is PASSED

2021-01-14 08:46:12 - [MESSAGE][PASSED] - Object 'Object Repository/Asset/Asset/AssetPageElements/assetTab' is present

2021-01-14 08:46:12 - [MESSAGE][PASSED] - Object 'Object Repository/Asset/Asset/AssetPageElements/assetTab' is visible

2021-01-14 08:46:13 - [MESSAGE][PASSED] - Object 'Object Repository/Asset/Asset/AssetPageElements/assetTab' is clickable

2021-01-14 08:46:13 - [MESSAGE][PASSED] - Object: 'Object Repository/Asset/Asset/AssetPageElements/assetTab' is clicked on

2021-01-14 08:46:13 - [MESSAGE][PASSED] - pages.Asset.clickAssetTab is PASSED

2021-01-14 08:46:13 - [TEST_STEP][PASSED] - assetName = pages.Asset.cancelButtonInAddAssetPopup(): pages.Asset.cancelButtonInAddAssetPopup is PASSED

2021-01-14 08:46:13 - [MESSAGE][PASSED] - Object 'Object Repository/Asset/Asset/AssetPageElements/AddAssetButton' is present

2021-01-14 08:46:14 - [MESSAGE][PASSED] - Object 'Object Repository/Asset/Asset/AssetPageElements/AddAssetButton' is visible

2021-01-14 08:46:14 - [MESSAGE][PASSED] - Object 'Object Repository/Asset/Asset/AssetPageElements/AddAssetButton' is clickable

2021-01-14 08:46:14 - [MESSAGE][PASSED] - Object: 'Object Repository/Asset/Asset/AssetPageElements/AddAssetButton' is clicked on

2021-01-14 08:46:15 - [MESSAGE][PASSED] - Object 'Object Repository/Asset/Asset/addAsset/Author' is present

2021-01-14 08:46:15 - [MESSAGE][PASSED] - Object 'Object Repository/Asset/Asset/addAsset/Author' is visible

2021-01-14 08:46:16 - [MESSAGE][PASSED] - Object 'Object Repository/Asset/Asset/addAsset/Author' is clickable

2021-01-14 08:46:16 - [MESSAGE][PASSED] - Text of object 'Object Repository/Asset/Asset/addAsset/Author' is cleared

2021-01-14 08:46:16 - [MESSAGE][PASSED] - Keys 'Author477' sent to object: 'Object Repository/Asset/Asset/addAsset/Author'

2021-01-14 08:46:17 - [MESSAGE][PASSED] - Object 'Object Repository/Asset/Asset/addAsset/cancelButton' is present

2021-01-14 08:46:17 - [MESSAGE][PASSED] - Object 'Object Repository/Asset/Asset/addAsset/cancelButton' is visible

2021-01-14 08:46:17 - [MESSAGE][PASSED] - Object 'Object Repository/Asset/Asset/addAsset/cancelButton' is clickable

2021-01-14 08:46:18 - [MESSAGE][PASSED] - Object: 'Object Repository/Asset/Asset/addAsset/cancelButton' is clicked on

2021-01-14 08:46:18 - [MESSAGE][PASSED] - pages.Asset.cancelButtonInAddAssetPopup is PASSED

2021-01-14 08:46:18 - [TEST_STEP][PASSED] - pages.Asset.VerifyAssetNotPresent(assetName): pages.Asset.VerifyAssetNotPresent is PASSED

2021-01-14 08:46:18 - [MESSAGE][PASSED] - Object 'Object Repository/Asset/Asset/AssetPageElements/search' is present

2021-01-14 08:46:18 - [MESSAGE][PASSED] - Object 'Object Repository/Asset/Asset/AssetPageElements/search' is visible

2021-01-14 08:46:19 - [MESSAGE][PASSED] - Object 'Object Repository/Asset/Asset/AssetPageElements/search' is clickable

2021-01-14 08:46:19 - [MESSAGE][PASSED] - Text of object 'Object Repository/Asset/Asset/AssetPageElements/search' is cleared

2021-01-14 08:46:19 - [MESSAGE][PASSED] - Keys '' sent to object: 'Object Repository/Asset/Asset/AssetPageElements/search'

2021-01-14 08:46:20 - [MESSAGE][PASSED] - Keys 'A' sent to object: 'Object Repository/Asset/Asset/AssetPageElements/search'

2021-01-14 08:46:20 - [MESSAGE][PASSED] - Keys 'u' sent to object: 'Object Repository/Asset/Asset/AssetPageElements/search'

2021-01-14 08:46:21 - [MESSAGE][PASSED] - Keys 't' sent to object: 'Object Repository/Asset/Asset/AssetPageElements/search'

2021-01-14 08:46:22 - [MESSAGE][PASSED] - Keys 'h' sent to object: 'Object Repository/Asset/Asset/AssetPageElements/search'

2021-01-14 08:46:23 - [MESSAGE][PASSED] - Keys 'o' sent to object: 'Object Repository/Asset/Asset/AssetPageElements/search'

2021-01-14 08:46:24 - [MESSAGE][PASSED] - Keys 'r' sent to object: 'Object Repository/Asset/Asset/AssetPageElements/search'

2021-01-14 08:46:25 - [MESSAGE][PASSED] - Keys '4' sent to object: 'Object Repository/Asset/Asset/AssetPageElements/search'

2021-01-14 08:46:25 - [MESSAGE][PASSED] - Keys '7' sent to object: 'Object Repository/Asset/Asset/AssetPageElements/search'

2021-01-14 08:46:26 - [MESSAGE][PASSED] - Keys '7' sent to object: 'Object Repository/Asset/Asset/AssetPageElements/search'

2021-01-14 08:46:26 - [MESSAGE][PASSED] - Web element with id: 'Object Repository/Asset/Asset/assetname(assetName)' located by 'By.xpath: //div[text()='Author477']' is not present after '30' second(s)

2021-01-14 08:46:26 - [MESSAGE][PASSED] - pages.Asset.VerifyAssetNotPresent is PASSED]]></system-out>
         <system-err><![CDATA[]]></system-err>
      </testcase>
      <testcase name="Test Cases/Admin/Asset/functionalityOfCloseButtonandVerify" time="28.481" classname="Test Cases/Admin/Asset/functionalityOfCloseButtonandVerify" status="PASSED">
         <system-out><![CDATA[2021-01-14 08:46:26 - [TEST_CASE][PASSED] - Test Cases/Admin/Asset/functionalityOfCloseButtonandVerify: Test Cases/Admin/Asset/functionalityOfCloseButtonandVerify

2021-01-14 08:46:26 - [TEST_STEP][PASSED] - Start listener action : login: null

2021-01-14 08:46:26 - [TEST_STEP][PASSED] - Thread.sleep(3000): null

2021-01-14 08:46:29 - [TEST_STEP][PASSED] - url = getUrl(): Current window's url is: 'https://dev-admin.modist.co/dashboard'

2021-01-14 08:46:30 - [MESSAGE][PASSED] - Current window's url is: 'https://dev-admin.modist.co/dashboard'

2021-01-14 08:46:30 - [TEST_STEP][PASSED] - if (!(url.contains("dashboard"))): null

2021-01-14 08:46:30 - [TEST_STEP][PASSED] - pages.Asset.clickAssetTab(): pages.Asset.clickAssetTab is PASSED

2021-01-14 08:46:30 - [MESSAGE][PASSED] - Object 'Object Repository/Asset/Asset/AssetPageElements/assetTab' is present

2021-01-14 08:46:30 - [MESSAGE][PASSED] - Object 'Object Repository/Asset/Asset/AssetPageElements/assetTab' is visible

2021-01-14 08:46:31 - [MESSAGE][PASSED] - Object 'Object Repository/Asset/Asset/AssetPageElements/assetTab' is clickable

2021-01-14 08:46:31 - [MESSAGE][PASSED] - Object: 'Object Repository/Asset/Asset/AssetPageElements/assetTab' is clicked on

2021-01-14 08:46:31 - [MESSAGE][PASSED] - pages.Asset.clickAssetTab is PASSED

2021-01-14 08:46:31 - [TEST_STEP][PASSED] - pages.Asset.closeButtonInAssetEditPage(): pages.Asset.closeButtonInAssetEditPage is PASSED

2021-01-14 08:46:31 - [MESSAGE][PASSED] - Wait for page load successfully

2021-01-14 08:46:31 - [MESSAGE][PASSED] - Object 'Object Repository/Asset/Asset/AssetCount' is present

2021-01-14 08:46:32 - [MESSAGE][PASSED] - Text of object 'Object Repository/Asset/Asset/randomAsset(index)' is: 'Author267'

2021-01-14 08:46:32 - [MESSAGE][PASSED] - Object 'Object Repository/Asset/Asset/AssetPageElements/search' is present

2021-01-14 08:46:33 - [MESSAGE][PASSED] - Object 'Object Repository/Asset/Asset/AssetPageElements/search' is visible

2021-01-14 08:46:33 - [MESSAGE][PASSED] - Object 'Object Repository/Asset/Asset/AssetPageElements/search' is clickable

2021-01-14 08:46:33 - [MESSAGE][PASSED] - Text of object 'Object Repository/Asset/Asset/AssetPageElements/search' is cleared

2021-01-14 08:46:34 - [MESSAGE][PASSED] - Keys '' sent to object: 'Object Repository/Asset/Asset/AssetPageElements/search'

2021-01-14 08:46:34 - [MESSAGE][PASSED] - Keys 'A' sent to object: 'Object Repository/Asset/Asset/AssetPageElements/search'

2021-01-14 08:46:34 - [MESSAGE][PASSED] - Keys 'u' sent to object: 'Object Repository/Asset/Asset/AssetPageElements/search'

2021-01-14 08:46:36 - [MESSAGE][PASSED] - Keys 't' sent to object: 'Object Repository/Asset/Asset/AssetPageElements/search'

2021-01-14 08:46:37 - [MESSAGE][PASSED] - Keys 'h' sent to object: 'Object Repository/Asset/Asset/AssetPageElements/search'

2021-01-14 08:46:38 - [MESSAGE][PASSED] - Keys 'o' sent to object: 'Object Repository/Asset/Asset/AssetPageElements/search'

2021-01-14 08:46:39 - [MESSAGE][PASSED] - Keys 'r' sent to object: 'Object Repository/Asset/Asset/AssetPageElements/search'

2021-01-14 08:46:39 - [MESSAGE][PASSED] - Keys '2' sent to object: 'Object Repository/Asset/Asset/AssetPageElements/search'

2021-01-14 08:46:40 - [MESSAGE][PASSED] - Keys '6' sent to object: 'Object Repository/Asset/Asset/AssetPageElements/search'

2021-01-14 08:46:42 - [MESSAGE][PASSED] - Keys '7' sent to object: 'Object Repository/Asset/Asset/AssetPageElements/search'

2021-01-14 08:46:42 - [MESSAGE][PASSED] - Object 'Object Repository/Asset/Asset/assetname(assetName)' is present

2021-01-14 08:46:42 - [MESSAGE][PASSED] - Object 'Object Repository/Asset/Asset/assetname(assetName)' is visible

2021-01-14 08:46:43 - [MESSAGE][PASSED] - Object 'Object Repository/Asset/Asset/assetname(assetName)' is clickable

2021-01-14 08:46:43 - [MESSAGE][PASSED] - Object: 'Object Repository/Asset/Asset/assetname(assetName)' is clicked on

2021-01-14 08:46:43 - [MESSAGE][PASSED] - Object 'Object Repository/Asset/Asset/assetEditpage/close' is present

2021-01-14 08:46:44 - [MESSAGE][PASSED] - Object 'Object Repository/Asset/Asset/assetEditpage/close' is visible

2021-01-14 08:46:45 - [MESSAGE][PASSED] - Object 'Object Repository/Asset/Asset/assetEditpage/close' is clickable

2021-01-14 08:46:45 - [MESSAGE][PASSED] - Object: 'Object Repository/Asset/Asset/assetEditpage/close' is clicked on

2021-01-14 08:46:45 - [MESSAGE][PASSED] - pages.Asset.closeButtonInAssetEditPage is PASSED

2021-01-14 08:46:45 - [TEST_STEP][PASSED] - verification.Verification.getUrlAndVerify("dashboard", "cancel button is not working"): verification.Verification.getUrlAndVerify is PASSED

2021-01-14 08:46:55 - [MESSAGE][PASSED] - Delayed 10 second(s)

2021-01-14 08:46:55 - [MESSAGE][PASSED] - Current window's url is: 'https://dev-admin.modist.co/dashboard'

2021-01-14 08:46:55 - [MESSAGE][PASSED] - verification.Verification.getUrlAndVerify is PASSED]]></system-out>
         <system-err><![CDATA[]]></system-err>
      </testcase>
      <testcase name="Test Cases/Admin/Asset/functionalityOfSearcBoxWithInvalidDetails" time="15.856" classname="Test Cases/Admin/Asset/functionalityOfSearcBoxWithInvalidDetails" status="PASSED">
         <system-out><![CDATA[2021-01-14 08:46:55 - [TEST_CASE][PASSED] - Test Cases/Admin/Asset/functionalityOfSearcBoxWithInvalidDetails: Test Cases/Admin/Asset/functionalityOfSearcBoxWithInvalidDetails

2021-01-14 08:46:55 - [TEST_STEP][PASSED] - Start listener action : login: null

2021-01-14 08:46:55 - [TEST_STEP][PASSED] - Thread.sleep(3000): null

2021-01-14 08:46:58 - [TEST_STEP][PASSED] - url = getUrl(): Current window's url is: 'https://dev-admin.modist.co/dashboard'

2021-01-14 08:46:58 - [MESSAGE][PASSED] - Current window's url is: 'https://dev-admin.modist.co/dashboard'

2021-01-14 08:46:58 - [TEST_STEP][PASSED] - if (!(url.contains("dashboard"))): null

2021-01-14 08:46:58 - [TEST_STEP][PASSED] - pages.Asset.clickAssetTab(): pages.Asset.clickAssetTab is PASSED

2021-01-14 08:46:59 - [MESSAGE][PASSED] - Object 'Object Repository/Asset/Asset/AssetPageElements/assetTab' is present

2021-01-14 08:46:59 - [MESSAGE][PASSED] - Object 'Object Repository/Asset/Asset/AssetPageElements/assetTab' is visible

2021-01-14 08:46:59 - [MESSAGE][PASSED] - Object 'Object Repository/Asset/Asset/AssetPageElements/assetTab' is clickable

2021-01-14 08:47:00 - [MESSAGE][PASSED] - Object: 'Object Repository/Asset/Asset/AssetPageElements/assetTab' is clicked on

2021-01-14 08:47:00 - [MESSAGE][PASSED] - pages.Asset.clickAssetTab is PASSED

2021-01-14 08:47:00 - [TEST_STEP][PASSED] - assetName = pages.Asset.getRandomAssetName(): pages.Asset.getRandomAssetName is PASSED

2021-01-14 08:47:00 - [MESSAGE][PASSED] - Wait for page load successfully

2021-01-14 08:47:00 - [MESSAGE][PASSED] - Object 'Object Repository/Asset/Asset/AssetCount' is present

2021-01-14 08:47:01 - [MESSAGE][PASSED] - Text of object 'Object Repository/Asset/Asset/randomAsset(index)' is: 'Author62'

2021-01-14 08:47:01 - [MESSAGE][PASSED] - pages.Asset.getRandomAssetName is PASSED

2021-01-14 08:47:01 - [TEST_STEP][PASSED] - assetName = assetName + "1": null

2021-01-14 08:47:01 - [TEST_STEP][PASSED] - pages.Asset.VerifyAssetNotPresent(assetName): pages.Asset.VerifyAssetNotPresent is PASSED

2021-01-14 08:47:01 - [MESSAGE][PASSED] - Object 'Object Repository/Asset/Asset/AssetPageElements/search' is present

2021-01-14 08:47:01 - [MESSAGE][PASSED] - Object 'Object Repository/Asset/Asset/AssetPageElements/search' is visible

2021-01-14 08:47:02 - [MESSAGE][PASSED] - Object 'Object Repository/Asset/Asset/AssetPageElements/search' is clickable

2021-01-14 08:47:02 - [MESSAGE][PASSED] - Text of object 'Object Repository/Asset/Asset/AssetPageElements/search' is cleared

2021-01-14 08:47:02 - [MESSAGE][PASSED] - Keys '' sent to object: 'Object Repository/Asset/Asset/AssetPageElements/search'

2021-01-14 08:47:03 - [MESSAGE][PASSED] - Keys 'A' sent to object: 'Object Repository/Asset/Asset/AssetPageElements/search'

2021-01-14 08:47:03 - [MESSAGE][PASSED] - Keys 'u' sent to object: 'Object Repository/Asset/Asset/AssetPageElements/search'

2021-01-14 08:47:05 - [MESSAGE][PASSED] - Keys 't' sent to object: 'Object Repository/Asset/Asset/AssetPageElements/search'

2021-01-14 08:47:06 - [MESSAGE][PASSED] - Keys 'h' sent to object: 'Object Repository/Asset/Asset/AssetPageElements/search'

2021-01-14 08:47:07 - [MESSAGE][PASSED] - Keys 'o' sent to object: 'Object Repository/Asset/Asset/AssetPageElements/search'

2021-01-14 08:47:08 - [MESSAGE][PASSED] - Keys 'r' sent to object: 'Object Repository/Asset/Asset/AssetPageElements/search'

2021-01-14 08:47:08 - [MESSAGE][PASSED] - Keys '6' sent to object: 'Object Repository/Asset/Asset/AssetPageElements/search'

2021-01-14 08:47:09 - [MESSAGE][PASSED] - Keys '2' sent to object: 'Object Repository/Asset/Asset/AssetPageElements/search'

2021-01-14 08:47:10 - [MESSAGE][PASSED] - Keys '1' sent to object: 'Object Repository/Asset/Asset/AssetPageElements/search'

2021-01-14 08:47:11 - [MESSAGE][PASSED] - Web element with id: 'Object Repository/Asset/Asset/assetname(assetName)' located by 'By.xpath: //div[text()='Author621']' is not present after '30' second(s)

2021-01-14 08:47:11 - [MESSAGE][PASSED] - pages.Asset.VerifyAssetNotPresent is PASSED]]></system-out>
         <system-err><![CDATA[]]></system-err>
      </testcase>
      <testcase name="Test Cases/Admin/Asset/functionalityOfSearchBoxwithValidDetails" time="13.972" classname="Test Cases/Admin/Asset/functionalityOfSearchBoxwithValidDetails" status="PASSED">
         <system-out><![CDATA[2021-01-14 08:47:11 - [TEST_CASE][PASSED] - Test Cases/Admin/Asset/functionalityOfSearchBoxwithValidDetails: Test Cases/Admin/Asset/functionalityOfSearchBoxwithValidDetails

2021-01-14 08:47:11 - [TEST_STEP][PASSED] - Start listener action : login: null

2021-01-14 08:47:11 - [TEST_STEP][PASSED] - Thread.sleep(3000): null

2021-01-14 08:47:14 - [TEST_STEP][PASSED] - url = getUrl(): Current window's url is: 'https://dev-admin.modist.co/dashboard'

2021-01-14 08:47:14 - [MESSAGE][PASSED] - Current window's url is: 'https://dev-admin.modist.co/dashboard'

2021-01-14 08:47:14 - [TEST_STEP][PASSED] - if (!(url.contains("dashboard"))): null

2021-01-14 08:47:14 - [TEST_STEP][PASSED] - pages.Asset.clickAssetTab(): pages.Asset.clickAssetTab is PASSED

2021-01-14 08:47:14 - [MESSAGE][PASSED] - Object 'Object Repository/Asset/Asset/AssetPageElements/assetTab' is present

2021-01-14 08:47:15 - [MESSAGE][PASSED] - Object 'Object Repository/Asset/Asset/AssetPageElements/assetTab' is visible

2021-01-14 08:47:15 - [MESSAGE][PASSED] - Object 'Object Repository/Asset/Asset/AssetPageElements/assetTab' is clickable

2021-01-14 08:47:15 - [MESSAGE][PASSED] - Object: 'Object Repository/Asset/Asset/AssetPageElements/assetTab' is clicked on

2021-01-14 08:47:15 - [MESSAGE][PASSED] - pages.Asset.clickAssetTab is PASSED

2021-01-14 08:47:15 - [TEST_STEP][PASSED] - assetName = pages.Asset.getRandomAssetName(): pages.Asset.getRandomAssetName is PASSED

2021-01-14 08:47:15 - [MESSAGE][PASSED] - Wait for page load successfully

2021-01-14 08:47:16 - [MESSAGE][PASSED] - Object 'Object Repository/Asset/Asset/AssetCount' is present

2021-01-14 08:47:16 - [MESSAGE][PASSED] - Text of object 'Object Repository/Asset/Asset/randomAsset(index)' is: 'Author632'

2021-01-14 08:47:16 - [MESSAGE][PASSED] - pages.Asset.getRandomAssetName is PASSED

2021-01-14 08:47:16 - [TEST_STEP][PASSED] - pages.Asset.VerifyAssetIsPresent(assetName): pages.Asset.VerifyAssetIsPresent is PASSED

2021-01-14 08:47:17 - [MESSAGE][PASSED] - Object 'Object Repository/Asset/Asset/AssetPageElements/search' is present

2021-01-14 08:47:17 - [MESSAGE][PASSED] - Object 'Object Repository/Asset/Asset/AssetPageElements/search' is visible

2021-01-14 08:47:17 - [MESSAGE][PASSED] - Object 'Object Repository/Asset/Asset/AssetPageElements/search' is clickable

2021-01-14 08:47:18 - [MESSAGE][PASSED] - Text of object 'Object Repository/Asset/Asset/AssetPageElements/search' is cleared

2021-01-14 08:47:18 - [MESSAGE][PASSED] - Keys '' sent to object: 'Object Repository/Asset/Asset/AssetPageElements/search'

2021-01-14 08:47:18 - [MESSAGE][PASSED] - Keys 'A' sent to object: 'Object Repository/Asset/Asset/AssetPageElements/search'

2021-01-14 08:47:19 - [MESSAGE][PASSED] - Keys 'u' sent to object: 'Object Repository/Asset/Asset/AssetPageElements/search'

2021-01-14 08:47:19 - [MESSAGE][PASSED] - Keys 't' sent to object: 'Object Repository/Asset/Asset/AssetPageElements/search'

2021-01-14 08:47:21 - [MESSAGE][PASSED] - Keys 'h' sent to object: 'Object Repository/Asset/Asset/AssetPageElements/search'

2021-01-14 08:47:22 - [MESSAGE][PASSED] - Keys 'o' sent to object: 'Object Repository/Asset/Asset/AssetPageElements/search'

2021-01-14 08:47:22 - [MESSAGE][PASSED] - Keys 'r' sent to object: 'Object Repository/Asset/Asset/AssetPageElements/search'

2021-01-14 08:47:23 - [MESSAGE][PASSED] - Keys '6' sent to object: 'Object Repository/Asset/Asset/AssetPageElements/search'

2021-01-14 08:47:24 - [MESSAGE][PASSED] - Keys '3' sent to object: 'Object Repository/Asset/Asset/AssetPageElements/search'

2021-01-14 08:47:24 - [MESSAGE][PASSED] - Keys '2' sent to object: 'Object Repository/Asset/Asset/AssetPageElements/search'

2021-01-14 08:47:25 - [MESSAGE][PASSED] - Object 'Object Repository/Asset/Asset/assetname(assetName)' is present

2021-01-14 08:47:25 - [MESSAGE][PASSED] - pages.Asset.VerifyAssetIsPresent is PASSED]]></system-out>
         <system-err><![CDATA[]]></system-err>
      </testcase>
      <testcase name="Test Cases/Admin/Asset/openAnyAssetAndVerifyUrl" time="15.323" classname="Test Cases/Admin/Asset/openAnyAssetAndVerifyUrl" status="PASSED">
         <system-out><![CDATA[2021-01-14 08:47:25 - [TEST_CASE][PASSED] - Test Cases/Admin/Asset/openAnyAssetAndVerifyUrl: Test Cases/Admin/Asset/openAnyAssetAndVerifyUrl

2021-01-14 08:47:25 - [TEST_STEP][PASSED] - Start listener action : login: null

2021-01-14 08:47:25 - [TEST_STEP][PASSED] - Thread.sleep(3000): null

2021-01-14 08:47:28 - [TEST_STEP][PASSED] - url = getUrl(): Current window's url is: 'https://dev-admin.modist.co/dashboard'

2021-01-14 08:47:28 - [MESSAGE][PASSED] - Current window's url is: 'https://dev-admin.modist.co/dashboard'

2021-01-14 08:47:28 - [TEST_STEP][PASSED] - if (!(url.contains("dashboard"))): null

2021-01-14 08:47:28 - [TEST_STEP][PASSED] - pages.Asset.clickAssetTab(): pages.Asset.clickAssetTab is PASSED

2021-01-14 08:47:29 - [MESSAGE][PASSED] - Object 'Object Repository/Asset/Asset/AssetPageElements/assetTab' is present

2021-01-14 08:47:29 - [MESSAGE][PASSED] - Object 'Object Repository/Asset/Asset/AssetPageElements/assetTab' is visible

2021-01-14 08:47:29 - [MESSAGE][PASSED] - Object 'Object Repository/Asset/Asset/AssetPageElements/assetTab' is clickable

2021-01-14 08:47:29 - [MESSAGE][PASSED] - Object: 'Object Repository/Asset/Asset/AssetPageElements/assetTab' is clicked on

2021-01-14 08:47:29 - [MESSAGE][PASSED] - pages.Asset.clickAssetTab is PASSED

2021-01-14 08:47:29 - [TEST_STEP][PASSED] - assetName = pages.Asset.getRandomAssetName(): pages.Asset.getRandomAssetName is PASSED

2021-01-14 08:47:29 - [MESSAGE][PASSED] - Wait for page load successfully

2021-01-14 08:47:30 - [MESSAGE][PASSED] - Object 'Object Repository/Asset/Asset/AssetCount' is present

2021-01-14 08:47:30 - [MESSAGE][PASSED] - Text of object 'Object Repository/Asset/Asset/randomAsset(index)' is: 'Author632'

2021-01-14 08:47:30 - [MESSAGE][PASSED] - pages.Asset.getRandomAssetName is PASSED

2021-01-14 08:47:30 - [TEST_STEP][PASSED] - pages.Asset.verifyUrlOfassetEditPage(assetName): pages.Asset.verifyUrlOfassetEditPage is PASSED

2021-01-14 08:47:31 - [MESSAGE][PASSED] - Object 'Object Repository/Asset/Asset/AssetPageElements/search' is present

2021-01-14 08:47:31 - [MESSAGE][PASSED] - Object 'Object Repository/Asset/Asset/AssetPageElements/search' is visible

2021-01-14 08:47:31 - [MESSAGE][PASSED] - Object 'Object Repository/Asset/Asset/AssetPageElements/search' is clickable

2021-01-14 08:47:32 - [MESSAGE][PASSED] - Text of object 'Object Repository/Asset/Asset/AssetPageElements/search' is cleared

2021-01-14 08:47:32 - [MESSAGE][PASSED] - Keys '' sent to object: 'Object Repository/Asset/Asset/AssetPageElements/search'

2021-01-14 08:47:32 - [MESSAGE][PASSED] - Keys 'A' sent to object: 'Object Repository/Asset/Asset/AssetPageElements/search'

2021-01-14 08:47:33 - [MESSAGE][PASSED] - Keys 'u' sent to object: 'Object Repository/Asset/Asset/AssetPageElements/search'

2021-01-14 08:47:33 - [MESSAGE][PASSED] - Keys 't' sent to object: 'Object Repository/Asset/Asset/AssetPageElements/search'

2021-01-14 08:47:34 - [MESSAGE][PASSED] - Keys 'h' sent to object: 'Object Repository/Asset/Asset/AssetPageElements/search'

2021-01-14 08:47:36 - [MESSAGE][PASSED] - Keys 'o' sent to object: 'Object Repository/Asset/Asset/AssetPageElements/search'

2021-01-14 08:47:36 - [MESSAGE][PASSED] - Keys 'r' sent to object: 'Object Repository/Asset/Asset/AssetPageElements/search'

2021-01-14 08:47:37 - [MESSAGE][PASSED] - Keys '6' sent to object: 'Object Repository/Asset/Asset/AssetPageElements/search'

2021-01-14 08:47:37 - [MESSAGE][PASSED] - Keys '3' sent to object: 'Object Repository/Asset/Asset/AssetPageElements/search'

2021-01-14 08:47:39 - [MESSAGE][PASSED] - Keys '2' sent to object: 'Object Repository/Asset/Asset/AssetPageElements/search'

2021-01-14 08:47:39 - [MESSAGE][PASSED] - Object 'Object Repository/Asset/Asset/assetname(assetName)' is present

2021-01-14 08:47:39 - [MESSAGE][PASSED] - Object 'Object Repository/Asset/Asset/assetname(assetName)' is visible

2021-01-14 08:47:40 - [MESSAGE][PASSED] - Object 'Object Repository/Asset/Asset/assetname(assetName)' is clickable

2021-01-14 08:47:40 - [MESSAGE][PASSED] - Object: 'Object Repository/Asset/Asset/assetname(assetName)' is clicked on

2021-01-14 08:47:40 - [MESSAGE][PASSED] - Current window's url is: 'https://dev-admin.modist.co/asset/34020'

2021-01-14 08:47:40 - [MESSAGE][PASSED] - pages.Asset.verifyUrlOfassetEditPage is PASSED]]></system-out>
         <system-err><![CDATA[]]></system-err>
      </testcase>
      <testcase name="Test Cases/Admin/Asset/VerifyAssetPage" time="13.61" classname="Test Cases/Admin/Asset/VerifyAssetPage" status="PASSED">
         <system-out><![CDATA[2021-01-14 08:47:40 - [TEST_CASE][PASSED] - Test Cases/Admin/Asset/VerifyAssetPage: Test Cases/Admin/Asset/VerifyAssetPage

2021-01-14 08:47:40 - [TEST_STEP][PASSED] - Start listener action : login: com.kms.katalon.core.webui.exception.WebElementNotFoundException: Web element with id: 'Object Repository/Login Credentials/Email' located by '//input[@name='email']' not found (Root cause: com.kms.katalon.core.exception.StepFailedException: com.kms.katalon.core.webui.exception.WebElementNotFoundException: Web element with id: 'Object Repository/Login Credentials/Email' located by '//input[@name='email']' not found
	at com.kms.katalon.core.webui.keyword.internal.WebUIKeywordMain.stepFailed(WebUIKeywordMain.groovy:64)
	at com.kms.katalon.core.webui.keyword.builtin.VerifyElementPresentKeyword$_verifyElementPresent_closure1.doCall(VerifyElementPresentKeyword.groovy:85)
	at com.kms.katalon.core.webui.keyword.builtin.VerifyElementPresentKeyword$_verifyElementPresent_closure1.call(VerifyElementPresentKeyword.groovy)
	at com.kms.katalon.core.webui.keyword.internal.WebUIKeywordMain.runKeyword(WebUIKeywordMain.groovy:20)
	at com.kms.katalon.core.webui.keyword.builtin.VerifyElementPresentKeyword.verifyElementPresent(VerifyElementPresentKeyword.groovy:92)
	at com.kms.katalon.core.webui.keyword.builtin.VerifyElementPresentKeyword.execute(VerifyElementPresentKeyword.groovy:68)
	at com.kms.katalon.core.keyword.internal.KeywordExecutor.executeKeywordForPlatform(KeywordExecutor.groovy:73)
	at com.kms.katalon.core.webui.keyword.WebUiBuiltInKeywords.verifyElementPresent(WebUiBuiltInKeywords.groovy:1445)
	at com.kms.katalon.core.webui.keyword.WebUiBuiltInKeywords$verifyElementPresent$2.call(Unknown Source)
	at login.LoginForAdminDevEnvironment.login(LoginForAdminDevEnvironment.groovy:17)
	at login.LoginForAdminDevEnvironment$login.call(Unknown Source)
	at Login.login(Login.groovy:37)
	at Login.invokeMethod(Login.groovy)
	at com.kms.katalon.core.context.internal.TestHooker.invokeMethod(TestHooker.java:111)
	at com.kms.katalon.core.context.internal.TestHooker.lambda$3(TestHooker.java:95)
	at com.kms.katalon.core.context.internal.TestHooker.invokeContextMethods(TestHooker.java:94)
	at com.kms.katalon.core.context.internal.TestListenerCollector.lambda$3(TestListenerCollector.java:88)
	at com.kms.katalon.core.context.internal.TestListenerCollector.handleListenerEvent(TestListenerCollector.java:85)
	at com.kms.katalon.core.context.internal.ExecutionEventManager.publicEvent(ExecutionEventManager.java:36)
	at com.kms.katalon.core.main.TestCaseExecutor.execute(TestCaseExecutor.java:221)
	at com.kms.katalon.core.main.TestSuiteExecutor.accessTestCaseMainPhase(TestSuiteExecutor.java:191)
	at com.kms.katalon.core.main.TestSuiteExecutor.accessTestSuiteMainPhase(TestSuiteExecutor.java:141)
	at com.kms.katalon.core.main.TestSuiteExecutor.execute(TestSuiteExecutor.java:90)
	at com.kms.katalon.core.main.TestCaseMain.startTestSuite(TestCaseMain.java:157)
	at com.kms.katalon.core.main.TestCaseMain$startTestSuite$0.call(Unknown Source)
	at TempTestSuite1610631842892.run(TempTestSuite1610631842892.groovy:39)
)

2021-01-14 08:47:40 - [TEST_STEP][PASSED] - Thread.sleep(3000): null

2021-01-14 08:47:43 - [TEST_STEP][PASSED] - url = getUrl(): Current window's url is: 'https://dev-admin.modist.co/asset/34020'

2021-01-14 08:47:43 - [MESSAGE][PASSED] - Current window's url is: 'https://dev-admin.modist.co/asset/34020'

2021-01-14 08:47:43 - [TEST_STEP][PASSED] - if (!(url.contains("dashboard"))): com.kms.katalon.core.webui.exception.WebElementNotFoundException: Web element with id: 'Object Repository/Login Credentials/Email' located by '//input[@name='email']' not found (Root cause: com.kms.katalon.core.exception.StepFailedException: com.kms.katalon.core.webui.exception.WebElementNotFoundException: Web element with id: 'Object Repository/Login Credentials/Email' located by '//input[@name='email']' not found
	at com.kms.katalon.core.webui.keyword.internal.WebUIKeywordMain.stepFailed(WebUIKeywordMain.groovy:64)
	at com.kms.katalon.core.webui.keyword.builtin.VerifyElementPresentKeyword$_verifyElementPresent_closure1.doCall(VerifyElementPresentKeyword.groovy:85)
	at com.kms.katalon.core.webui.keyword.builtin.VerifyElementPresentKeyword$_verifyElementPresent_closure1.call(VerifyElementPresentKeyword.groovy)
	at com.kms.katalon.core.webui.keyword.internal.WebUIKeywordMain.runKeyword(WebUIKeywordMain.groovy:20)
	at com.kms.katalon.core.webui.keyword.builtin.VerifyElementPresentKeyword.verifyElementPresent(VerifyElementPresentKeyword.groovy:92)
	at com.kms.katalon.core.webui.keyword.builtin.VerifyElementPresentKeyword.execute(VerifyElementPresentKeyword.groovy:68)
	at com.kms.katalon.core.keyword.internal.KeywordExecutor.executeKeywordForPlatform(KeywordExecutor.groovy:73)
	at com.kms.katalon.core.webui.keyword.WebUiBuiltInKeywords.verifyElementPresent(WebUiBuiltInKeywords.groovy:1445)
	at com.kms.katalon.core.webui.keyword.WebUiBuiltInKeywords$verifyElementPresent$2.call(Unknown Source)
	at login.LoginForAdminDevEnvironment.login(LoginForAdminDevEnvironment.groovy:17)
	at login.LoginForAdminDevEnvironment$login.call(Unknown Source)
	at Login.login(Login.groovy:37)
	at Login.invokeMethod(Login.groovy)
	at com.kms.katalon.core.context.internal.TestHooker.invokeMethod(TestHooker.java:111)
	at com.kms.katalon.core.context.internal.TestHooker.lambda$3(TestHooker.java:95)
	at com.kms.katalon.core.context.internal.TestHooker.invokeContextMethods(TestHooker.java:94)
	at com.kms.katalon.core.context.internal.TestListenerCollector.lambda$3(TestListenerCollector.java:88)
	at com.kms.katalon.core.context.internal.TestListenerCollector.handleListenerEvent(TestListenerCollector.java:85)
	at com.kms.katalon.core.context.internal.ExecutionEventManager.publicEvent(ExecutionEventManager.java:36)
	at com.kms.katalon.core.main.TestCaseExecutor.execute(TestCaseExecutor.java:221)
	at com.kms.katalon.core.main.TestSuiteExecutor.accessTestCaseMainPhase(TestSuiteExecutor.java:191)
	at com.kms.katalon.core.main.TestSuiteExecutor.accessTestSuiteMainPhase(TestSuiteExecutor.java:141)
	at com.kms.katalon.core.main.TestSuiteExecutor.execute(TestSuiteExecutor.java:90)
	at com.kms.katalon.core.main.TestCaseMain.startTestSuite(TestCaseMain.java:157)
	at com.kms.katalon.core.main.TestCaseMain$startTestSuite$0.call(Unknown Source)
	at TempTestSuite1610631842892.run(TempTestSuite1610631842892.groovy:39)
)

2021-01-14 08:47:43 - [TEST_STEP][PASSED] - navigateToUrl(Url): Navigate to 'https://dev-admin.modist.co/' successfully

2021-01-14 08:47:44 - [MESSAGE][PASSED] - Navigate to 'https://dev-admin.modist.co/' successfully

2021-01-14 08:47:44 - [TEST_STEP][PASSED] - loginPage.login(Email, Password): com.kms.katalon.core.webui.exception.WebElementNotFoundException: Web element with id: 'Object Repository/Login Credentials/Email' located by '//input[@name='email']' not found (Root cause: com.kms.katalon.core.exception.StepFailedException: com.kms.katalon.core.webui.exception.WebElementNotFoundException: Web element with id: 'Object Repository/Login Credentials/Email' located by '//input[@name='email']' not found
	at com.kms.katalon.core.webui.keyword.internal.WebUIKeywordMain.stepFailed(WebUIKeywordMain.groovy:64)
	at com.kms.katalon.core.webui.keyword.builtin.VerifyElementPresentKeyword$_verifyElementPresent_closure1.doCall(VerifyElementPresentKeyword.groovy:85)
	at com.kms.katalon.core.webui.keyword.builtin.VerifyElementPresentKeyword$_verifyElementPresent_closure1.call(VerifyElementPresentKeyword.groovy)
	at com.kms.katalon.core.webui.keyword.internal.WebUIKeywordMain.runKeyword(WebUIKeywordMain.groovy:20)
	at com.kms.katalon.core.webui.keyword.builtin.VerifyElementPresentKeyword.verifyElementPresent(VerifyElementPresentKeyword.groovy:92)
	at com.kms.katalon.core.webui.keyword.builtin.VerifyElementPresentKeyword.execute(VerifyElementPresentKeyword.groovy:68)
	at com.kms.katalon.core.keyword.internal.KeywordExecutor.executeKeywordForPlatform(KeywordExecutor.groovy:73)
	at com.kms.katalon.core.webui.keyword.WebUiBuiltInKeywords.verifyElementPresent(WebUiBuiltInKeywords.groovy:1445)
	at com.kms.katalon.core.webui.keyword.WebUiBuiltInKeywords$verifyElementPresent$2.call(Unknown Source)
	at login.LoginForAdminDevEnvironment.login(LoginForAdminDevEnvironment.groovy:17)
	at login.LoginForAdminDevEnvironment$login.call(Unknown Source)
	at Login.login(Login.groovy:37)
	at Login.invokeMethod(Login.groovy)
	at com.kms.katalon.core.context.internal.TestHooker.invokeMethod(TestHooker.java:111)
	at com.kms.katalon.core.context.internal.TestHooker.lambda$3(TestHooker.java:95)
	at com.kms.katalon.core.context.internal.TestHooker.invokeContextMethods(TestHooker.java:94)
	at com.kms.katalon.core.context.internal.TestListenerCollector.lambda$3(TestListenerCollector.java:88)
	at com.kms.katalon.core.context.internal.TestListenerCollector.handleListenerEvent(TestListenerCollector.java:85)
	at com.kms.katalon.core.context.internal.ExecutionEventManager.publicEvent(ExecutionEventManager.java:36)
	at com.kms.katalon.core.main.TestCaseExecutor.execute(TestCaseExecutor.java:221)
	at com.kms.katalon.core.main.TestSuiteExecutor.accessTestCaseMainPhase(TestSuiteExecutor.java:191)
	at com.kms.katalon.core.main.TestSuiteExecutor.accessTestSuiteMainPhase(TestSuiteExecutor.java:141)
	at com.kms.katalon.core.main.TestSuiteExecutor.execute(TestSuiteExecutor.java:90)
	at com.kms.katalon.core.main.TestCaseMain.startTestSuite(TestCaseMain.java:157)
	at com.kms.katalon.core.main.TestCaseMain$startTestSuite$0.call(Unknown Source)
	at TempTestSuite1610631842892.run(TempTestSuite1610631842892.groovy:39)
)

2021-01-14 08:47:49 - [MESSAGE][INFO] - Unable to find the element located by 'By.xpath: //input[@name='email']'. Please recheck the objects properties to make sure the desired element is located. 

2021-01-14 08:47:49 - [MESSAGE][WARNING] - com.kms.katalon.core.webui.exception.WebElementNotFoundException: Web element with id: 'Object Repository/Login Credentials/Email' located by '//input[@name='email']' not found (Root cause: com.kms.katalon.core.exception.StepFailedException: com.kms.katalon.core.webui.exception.WebElementNotFoundException: Web element with id: 'Object Repository/Login Credentials/Email' located by '//input[@name='email']' not found
	at com.kms.katalon.core.webui.keyword.internal.WebUIKeywordMain.stepFailed(WebUIKeywordMain.groovy:64)
	at com.kms.katalon.core.webui.keyword.builtin.VerifyElementPresentKeyword$_verifyElementPresent_closure1.doCall(VerifyElementPresentKeyword.groovy:85)
	at com.kms.katalon.core.webui.keyword.builtin.VerifyElementPresentKeyword$_verifyElementPresent_closure1.call(VerifyElementPresentKeyword.groovy)
	at com.kms.katalon.core.webui.keyword.internal.WebUIKeywordMain.runKeyword(WebUIKeywordMain.groovy:20)
	at com.kms.katalon.core.webui.keyword.builtin.VerifyElementPresentKeyword.verifyElementPresent(VerifyElementPresentKeyword.groovy:92)
	at com.kms.katalon.core.webui.keyword.builtin.VerifyElementPresentKeyword.execute(VerifyElementPresentKeyword.groovy:68)
	at com.kms.katalon.core.keyword.internal.KeywordExecutor.executeKeywordForPlatform(KeywordExecutor.groovy:73)
	at com.kms.katalon.core.webui.keyword.WebUiBuiltInKeywords.verifyElementPresent(WebUiBuiltInKeywords.groovy:1445)
	at com.kms.katalon.core.webui.keyword.WebUiBuiltInKeywords$verifyElementPresent$2.call(Unknown Source)
	at login.LoginForAdminDevEnvironment.login(LoginForAdminDevEnvironment.groovy:17)
	at login.LoginForAdminDevEnvironment$login.call(Unknown Source)
	at Login.login(Login.groovy:37)
	at Login.invokeMethod(Login.groovy)
	at com.kms.katalon.core.context.internal.TestHooker.invokeMethod(TestHooker.java:111)
	at com.kms.katalon.core.context.internal.TestHooker.lambda$3(TestHooker.java:95)
	at com.kms.katalon.core.context.internal.TestHooker.invokeContextMethods(TestHooker.java:94)
	at com.kms.katalon.core.context.internal.TestListenerCollector.lambda$3(TestListenerCollector.java:88)
	at com.kms.katalon.core.context.internal.TestListenerCollector.handleListenerEvent(TestListenerCollector.java:85)
	at com.kms.katalon.core.context.internal.ExecutionEventManager.publicEvent(ExecutionEventManager.java:36)
	at com.kms.katalon.core.main.TestCaseExecutor.execute(TestCaseExecutor.java:221)
	at com.kms.katalon.core.main.TestSuiteExecutor.accessTestCaseMainPhase(TestSuiteExecutor.java:191)
	at com.kms.katalon.core.main.TestSuiteExecutor.accessTestSuiteMainPhase(TestSuiteExecutor.java:141)
	at com.kms.katalon.core.main.TestSuiteExecutor.execute(TestSuiteExecutor.java:90)
	at com.kms.katalon.core.main.TestCaseMain.startTestSuite(TestCaseMain.java:157)
	at com.kms.katalon.core.main.TestCaseMain$startTestSuite$0.call(Unknown Source)
	at TempTestSuite1610631842892.run(TempTestSuite1610631842892.groovy:39)
)
[[ATTACHMENT|E:\\Modist\\ModistProject\\Reports\\20210114_084402\\AllTestCases\\20210114_084402\\1610632069384.png]]

2021-01-14 08:47:50 - [TEST_STEP][PASSED] - pages.Asset.clickAssetTab(): pages.Asset.clickAssetTab is PASSED

2021-01-14 08:47:50 - [MESSAGE][PASSED] - Object 'Object Repository/Asset/Asset/AssetPageElements/assetTab' is present

2021-01-14 08:47:50 - [MESSAGE][PASSED] - Object 'Object Repository/Asset/Asset/AssetPageElements/assetTab' is visible

2021-01-14 08:47:51 - [MESSAGE][PASSED] - Object 'Object Repository/Asset/Asset/AssetPageElements/assetTab' is clickable

2021-01-14 08:47:51 - [MESSAGE][PASSED] - Object: 'Object Repository/Asset/Asset/AssetPageElements/assetTab' is clicked on

2021-01-14 08:47:51 - [MESSAGE][PASSED] - pages.Asset.clickAssetTab is PASSED

2021-01-14 08:47:51 - [TEST_STEP][PASSED] - pages.Asset.verifyAssetPage(): pages.Asset.verifyAssetPage is PASSED

2021-01-14 08:47:51 - [MESSAGE][PASSED] - Object 'Object Repository/Asset/Asset/AssetPageElements/AddAssetButton' is present

2021-01-14 08:47:52 - [MESSAGE][PASSED] - Object 'Object Repository/Asset/Asset/AssetPageElements/filterByName' is present

2021-01-14 08:47:52 - [MESSAGE][PASSED] - Object 'Object Repository/Asset/Asset/AssetPageElements/sourceTab' is present

2021-01-14 08:47:53 - [MESSAGE][PASSED] - Object 'Object Repository/Asset/Asset/AssetPageElements/created' is present

2021-01-14 08:47:53 - [MESSAGE][PASSED] - Object 'Object Repository/Asset/Asset/AssetPageElements/updated' is present

2021-01-14 08:47:53 - [MESSAGE][PASSED] - Object 'Object Repository/Asset/Asset/AssetPageElements/Autor' is present

2021-01-14 08:47:54 - [MESSAGE][PASSED] - Object 'Object Repository/Asset/Asset/AssetPageElements/content' is present

2021-01-14 08:47:54 - [MESSAGE][PASSED] - pages.Asset.verifyAssetPage is PASSED]]></system-out>
         <system-err><![CDATA[]]></system-err>
      </testcase>
      <testcase name="Test Cases/Admin/Asset/verifyElementsInAddAssetPopUp" time="12.351" classname="Test Cases/Admin/Asset/verifyElementsInAddAssetPopUp" status="PASSED">
         <system-out><![CDATA[2021-01-14 08:47:54 - [TEST_CASE][PASSED] - Test Cases/Admin/Asset/verifyElementsInAddAssetPopUp: Test Cases/Admin/Asset/verifyElementsInAddAssetPopUp

2021-01-14 08:47:54 - [TEST_STEP][PASSED] - Start listener action : login: null

2021-01-14 08:47:54 - [TEST_STEP][PASSED] - Thread.sleep(3000): null

2021-01-14 08:47:57 - [TEST_STEP][PASSED] - url = getUrl(): Current window's url is: 'https://dev-admin.modist.co/dashboard'

2021-01-14 08:47:57 - [MESSAGE][PASSED] - Current window's url is: 'https://dev-admin.modist.co/dashboard'

2021-01-14 08:47:57 - [TEST_STEP][PASSED] - if (!(url.contains("dashboard"))): null

2021-01-14 08:47:57 - [TEST_STEP][PASSED] - pages.Asset.clickAssetTab(): pages.Asset.clickAssetTab is PASSED

2021-01-14 08:47:57 - [MESSAGE][PASSED] - Object 'Object Repository/Asset/Asset/AssetPageElements/assetTab' is present

2021-01-14 08:47:58 - [MESSAGE][PASSED] - Object 'Object Repository/Asset/Asset/AssetPageElements/assetTab' is visible

2021-01-14 08:47:58 - [MESSAGE][PASSED] - Object 'Object Repository/Asset/Asset/AssetPageElements/assetTab' is clickable

2021-01-14 08:47:59 - [MESSAGE][PASSED] - Object: 'Object Repository/Asset/Asset/AssetPageElements/assetTab' is clicked on

2021-01-14 08:47:59 - [MESSAGE][PASSED] - pages.Asset.clickAssetTab is PASSED

2021-01-14 08:47:59 - [TEST_STEP][PASSED] - pages.Asset.verifyAddAssetPopUp(): pages.Asset.verifyAddAssetPopUp is PASSED

2021-01-14 08:47:59 - [MESSAGE][PASSED] - Object 'Object Repository/Asset/Asset/AssetPageElements/assetTab' is present

2021-01-14 08:47:59 - [MESSAGE][PASSED] - Object 'Object Repository/Asset/Asset/AssetPageElements/assetTab' is visible

2021-01-14 08:48:00 - [MESSAGE][PASSED] - Object 'Object Repository/Asset/Asset/AssetPageElements/assetTab' is clickable

2021-01-14 08:48:00 - [MESSAGE][PASSED] - Object: 'Object Repository/Asset/Asset/AssetPageElements/assetTab' is clicked on

2021-01-14 08:48:01 - [MESSAGE][PASSED] - Object 'Object Repository/Asset/Asset/AssetPageElements/AddAssetButton' is present

2021-01-14 08:48:01 - [MESSAGE][PASSED] - Object 'Object Repository/Asset/Asset/AssetPageElements/AddAssetButton' is visible

2021-01-14 08:48:01 - [MESSAGE][PASSED] - Object 'Object Repository/Asset/Asset/AssetPageElements/AddAssetButton' is clickable

2021-01-14 08:48:02 - [MESSAGE][PASSED] - Object: 'Object Repository/Asset/Asset/AssetPageElements/AddAssetButton' is clicked on

2021-01-14 08:48:03 - [MESSAGE][PASSED] - Object 'Object Repository/Asset/Asset/AddAssetPopEle/Author' is present

2021-01-14 08:48:03 - [MESSAGE][PASSED] - Object 'Object Repository/Asset/Asset/AddAssetPopEle/Quote' is present

2021-01-14 08:48:03 - [MESSAGE][PASSED] - Object 'Object Repository/Asset/Asset/AddAssetPopEle/AssetUrl' is present

2021-01-14 08:48:04 - [MESSAGE][PASSED] - Object 'Object Repository/Asset/Asset/AddAssetPopEle/UploadPhoto' is present

2021-01-14 08:48:04 - [MESSAGE][PASSED] - Object 'Object Repository/Asset/Asset/AddAssetPopEle/Tenant' is present

2021-01-14 08:48:04 - [MESSAGE][PASSED] - Object 'Object Repository/Asset/Asset/AddAssetPopEle/Cancel' is present

2021-01-14 08:48:05 - [MESSAGE][PASSED] - Object 'Object Repository/Asset/Asset/AddAssetPopEle/AddAsset' is present

2021-01-14 08:48:05 - [MESSAGE][PASSED] - Object 'Object Repository/Asset/Asset/AddAssetPopEle/Cancel' is present

2021-01-14 08:48:05 - [MESSAGE][PASSED] - Object 'Object Repository/Asset/Asset/AddAssetPopEle/Cancel' is visible

2021-01-14 08:48:06 - [MESSAGE][PASSED] - Object 'Object Repository/Asset/Asset/AddAssetPopEle/Cancel' is clickable

2021-01-14 08:48:06 - [MESSAGE][PASSED] - Object: 'Object Repository/Asset/Asset/AddAssetPopEle/Cancel' is clicked on

2021-01-14 08:48:06 - [MESSAGE][PASSED] - pages.Asset.verifyAddAssetPopUp is PASSED]]></system-out>
         <system-err><![CDATA[]]></system-err>
      </testcase>
      <testcase name="Test Cases/Admin/Asset/VerifyElementsInAssetEditPage" time="10.822" classname="Test Cases/Admin/Asset/VerifyElementsInAssetEditPage" status="PASSED">
         <system-out><![CDATA[2021-01-14 08:48:06 - [TEST_CASE][PASSED] - Test Cases/Admin/Asset/VerifyElementsInAssetEditPage: Test Cases/Admin/Asset/VerifyElementsInAssetEditPage

2021-01-14 08:48:06 - [TEST_STEP][PASSED] - Start listener action : login: null

2021-01-14 08:48:06 - [TEST_STEP][PASSED] - Thread.sleep(3000): null

2021-01-14 08:48:09 - [TEST_STEP][PASSED] - url = getUrl(): Current window's url is: 'https://dev-admin.modist.co/dashboard'

2021-01-14 08:48:09 - [MESSAGE][PASSED] - Current window's url is: 'https://dev-admin.modist.co/dashboard'

2021-01-14 08:48:09 - [TEST_STEP][PASSED] - if (!(url.contains("dashboard"))): null

2021-01-14 08:48:09 - [TEST_STEP][PASSED] - pages.Asset.clickAssetTab(): pages.Asset.clickAssetTab is PASSED

2021-01-14 08:48:10 - [MESSAGE][PASSED] - Object 'Object Repository/Asset/Asset/AssetPageElements/assetTab' is present

2021-01-14 08:48:10 - [MESSAGE][PASSED] - Object 'Object Repository/Asset/Asset/AssetPageElements/assetTab' is visible

2021-01-14 08:48:10 - [MESSAGE][PASSED] - Object 'Object Repository/Asset/Asset/AssetPageElements/assetTab' is clickable

2021-01-14 08:48:11 - [MESSAGE][PASSED] - Object: 'Object Repository/Asset/Asset/AssetPageElements/assetTab' is clicked on

2021-01-14 08:48:11 - [MESSAGE][PASSED] - pages.Asset.clickAssetTab is PASSED

2021-01-14 08:48:11 - [TEST_STEP][PASSED] - pages.Asset.verifyAssetEditPage(): pages.Asset.verifyAssetEditPage is PASSED

2021-01-14 08:48:11 - [MESSAGE][PASSED] - Wait for page load successfully

2021-01-14 08:48:11 - [MESSAGE][PASSED] - Object 'Object Repository/Asset/Asset/AssetCount' is present

2021-01-14 08:48:12 - [MESSAGE][PASSED] - Text of object 'Object Repository/Asset/Asset/randomAsset(index)' is: 'new'

2021-01-14 08:48:12 - [MESSAGE][PASSED] - Object 'Object Repository/Asset/Asset/anyAsset(assetName)' is present

2021-01-14 08:48:12 - [MESSAGE][PASSED] - Object 'Object Repository/Asset/Asset/anyAsset(assetName)' is visible

2021-01-14 08:48:13 - [MESSAGE][PASSED] - Object 'Object Repository/Asset/Asset/anyAsset(assetName)' is clickable

2021-01-14 08:48:13 - [MESSAGE][PASSED] - Object: 'Object Repository/Asset/Asset/anyAsset(assetName)' is clicked on

2021-01-14 08:48:14 - [MESSAGE][PASSED] - Object 'Object Repository/Asset/Asset/assetEditPageElements/AssetEdit' is present

2021-01-14 08:48:14 - [MESSAGE][PASSED] - Object 'Object Repository/Asset/Asset/assetEditPageElements/Content' is present

2021-01-14 08:48:15 - [MESSAGE][PASSED] - Object 'Object Repository/Asset/Asset/assetEditPageElements/Photo' is present

2021-01-14 08:48:15 - [MESSAGE][PASSED] - Object 'Object Repository/Asset/Asset/assetEditPageElements/Tags' is present

2021-01-14 08:48:15 - [MESSAGE][PASSED] - Object 'Object Repository/Asset/Asset/assetEditPageElements/Source' is present

2021-01-14 08:48:16 - [MESSAGE][PASSED] - Object 'Object Repository/Asset/Asset/assetEditPageElements/Tenant' is present

2021-01-14 08:48:16 - [MESSAGE][PASSED] - Object 'Object Repository/Asset/Asset/assetEditPageElements/Public' is present

2021-01-14 08:48:16 - [MESSAGE][PASSED] - Object 'Object Repository/Asset/Asset/assetEditPageElements/Author' is present

2021-01-14 08:48:17 - [MESSAGE][PASSED] - Object 'Object Repository/Asset/Asset/assetEditPageElements/Created' is present

2021-01-14 08:48:17 - [MESSAGE][PASSED] - Object 'Object Repository/Asset/Asset/assetEditPageElements/Updated' is present

2021-01-14 08:48:17 - [MESSAGE][PASSED] - pages.Asset.verifyAssetEditPage is PASSED]]></system-out>
         <system-err><![CDATA[]]></system-err>
      </testcase>
      <testcase name="Test Cases/Admin/AssetSource/Add An AssetSource" time="27.907" classname="Test Cases/Admin/AssetSource/Add An AssetSource" status="PASSED">
         <system-out><![CDATA[2021-01-14 08:48:17 - [TEST_CASE][PASSED] - Test Cases/Admin/AssetSource/Add An AssetSource: Test Cases/Admin/AssetSource/Add An AssetSource

2021-01-14 08:48:17 - [TEST_STEP][PASSED] - Start listener action : login: com.kms.katalon.core.webui.exception.WebElementNotFoundException: Web element with id: 'Object Repository/Login Credentials/Email' located by '//input[@name='email']' not found (Root cause: com.kms.katalon.core.exception.StepFailedException: com.kms.katalon.core.webui.exception.WebElementNotFoundException: Web element with id: 'Object Repository/Login Credentials/Email' located by '//input[@name='email']' not found
	at com.kms.katalon.core.webui.keyword.internal.WebUIKeywordMain.stepFailed(WebUIKeywordMain.groovy:64)
	at com.kms.katalon.core.webui.keyword.builtin.VerifyElementPresentKeyword$_verifyElementPresent_closure1.doCall(VerifyElementPresentKeyword.groovy:85)
	at com.kms.katalon.core.webui.keyword.builtin.VerifyElementPresentKeyword$_verifyElementPresent_closure1.call(VerifyElementPresentKeyword.groovy)
	at com.kms.katalon.core.webui.keyword.internal.WebUIKeywordMain.runKeyword(WebUIKeywordMain.groovy:20)
	at com.kms.katalon.core.webui.keyword.builtin.VerifyElementPresentKeyword.verifyElementPresent(VerifyElementPresentKeyword.groovy:92)
	at com.kms.katalon.core.webui.keyword.builtin.VerifyElementPresentKeyword.execute(VerifyElementPresentKeyword.groovy:68)
	at com.kms.katalon.core.keyword.internal.KeywordExecutor.executeKeywordForPlatform(KeywordExecutor.groovy:73)
	at com.kms.katalon.core.webui.keyword.WebUiBuiltInKeywords.verifyElementPresent(WebUiBuiltInKeywords.groovy:1445)
	at com.kms.katalon.core.webui.keyword.WebUiBuiltInKeywords$verifyElementPresent$2.call(Unknown Source)
	at login.LoginForAdminDevEnvironment.login(LoginForAdminDevEnvironment.groovy:17)
	at login.LoginForAdminDevEnvironment$login.call(Unknown Source)
	at Login.login(Login.groovy:37)
	at Login.invokeMethod(Login.groovy)
	at com.kms.katalon.core.context.internal.TestHooker.invokeMethod(TestHooker.java:111)
	at com.kms.katalon.core.context.internal.TestHooker.lambda$3(TestHooker.java:95)
	at com.kms.katalon.core.context.internal.TestHooker.invokeContextMethods(TestHooker.java:94)
	at com.kms.katalon.core.context.internal.TestListenerCollector.lambda$3(TestListenerCollector.java:88)
	at com.kms.katalon.core.context.internal.TestListenerCollector.handleListenerEvent(TestListenerCollector.java:85)
	at com.kms.katalon.core.context.internal.ExecutionEventManager.publicEvent(ExecutionEventManager.java:36)
	at com.kms.katalon.core.main.TestCaseExecutor.execute(TestCaseExecutor.java:221)
	at com.kms.katalon.core.main.TestSuiteExecutor.accessTestCaseMainPhase(TestSuiteExecutor.java:191)
	at com.kms.katalon.core.main.TestSuiteExecutor.accessTestSuiteMainPhase(TestSuiteExecutor.java:141)
	at com.kms.katalon.core.main.TestSuiteExecutor.execute(TestSuiteExecutor.java:90)
	at com.kms.katalon.core.main.TestCaseMain.startTestSuite(TestCaseMain.java:157)
	at com.kms.katalon.core.main.TestCaseMain$startTestSuite$0.call(Unknown Source)
	at TempTestSuite1610631842892.run(TempTestSuite1610631842892.groovy:39)
)

2021-01-14 08:48:17 - [TEST_STEP][PASSED] - Thread.sleep(3000): null

2021-01-14 08:48:20 - [TEST_STEP][PASSED] - url = getUrl(): Current window's url is: 'https://dev-admin.modist.co/asset/34068'

2021-01-14 08:48:20 - [MESSAGE][PASSED] - Current window's url is: 'https://dev-admin.modist.co/asset/34068'

2021-01-14 08:48:20 - [TEST_STEP][PASSED] - if (!(url.contains("dashboard"))): com.kms.katalon.core.webui.exception.WebElementNotFoundException: Web element with id: 'Object Repository/Login Credentials/Email' located by '//input[@name='email']' not found (Root cause: com.kms.katalon.core.exception.StepFailedException: com.kms.katalon.core.webui.exception.WebElementNotFoundException: Web element with id: 'Object Repository/Login Credentials/Email' located by '//input[@name='email']' not found
	at com.kms.katalon.core.webui.keyword.internal.WebUIKeywordMain.stepFailed(WebUIKeywordMain.groovy:64)
	at com.kms.katalon.core.webui.keyword.builtin.VerifyElementPresentKeyword$_verifyElementPresent_closure1.doCall(VerifyElementPresentKeyword.groovy:85)
	at com.kms.katalon.core.webui.keyword.builtin.VerifyElementPresentKeyword$_verifyElementPresent_closure1.call(VerifyElementPresentKeyword.groovy)
	at com.kms.katalon.core.webui.keyword.internal.WebUIKeywordMain.runKeyword(WebUIKeywordMain.groovy:20)
	at com.kms.katalon.core.webui.keyword.builtin.VerifyElementPresentKeyword.verifyElementPresent(VerifyElementPresentKeyword.groovy:92)
	at com.kms.katalon.core.webui.keyword.builtin.VerifyElementPresentKeyword.execute(VerifyElementPresentKeyword.groovy:68)
	at com.kms.katalon.core.keyword.internal.KeywordExecutor.executeKeywordForPlatform(KeywordExecutor.groovy:73)
	at com.kms.katalon.core.webui.keyword.WebUiBuiltInKeywords.verifyElementPresent(WebUiBuiltInKeywords.groovy:1445)
	at com.kms.katalon.core.webui.keyword.WebUiBuiltInKeywords$verifyElementPresent$2.call(Unknown Source)
	at login.LoginForAdminDevEnvironment.login(LoginForAdminDevEnvironment.groovy:17)
	at login.LoginForAdminDevEnvironment$login.call(Unknown Source)
	at Login.login(Login.groovy:37)
	at Login.invokeMethod(Login.groovy)
	at com.kms.katalon.core.context.internal.TestHooker.invokeMethod(TestHooker.java:111)
	at com.kms.katalon.core.context.internal.TestHooker.lambda$3(TestHooker.java:95)
	at com.kms.katalon.core.context.internal.TestHooker.invokeContextMethods(TestHooker.java:94)
	at com.kms.katalon.core.context.internal.TestListenerCollector.lambda$3(TestListenerCollector.java:88)
	at com.kms.katalon.core.context.internal.TestListenerCollector.handleListenerEvent(TestListenerCollector.java:85)
	at com.kms.katalon.core.context.internal.ExecutionEventManager.publicEvent(ExecutionEventManager.java:36)
	at com.kms.katalon.core.main.TestCaseExecutor.execute(TestCaseExecutor.java:221)
	at com.kms.katalon.core.main.TestSuiteExecutor.accessTestCaseMainPhase(TestSuiteExecutor.java:191)
	at com.kms.katalon.core.main.TestSuiteExecutor.accessTestSuiteMainPhase(TestSuiteExecutor.java:141)
	at com.kms.katalon.core.main.TestSuiteExecutor.execute(TestSuiteExecutor.java:90)
	at com.kms.katalon.core.main.TestCaseMain.startTestSuite(TestCaseMain.java:157)
	at com.kms.katalon.core.main.TestCaseMain$startTestSuite$0.call(Unknown Source)
	at TempTestSuite1610631842892.run(TempTestSuite1610631842892.groovy:39)
)

2021-01-14 08:48:20 - [TEST_STEP][PASSED] - navigateToUrl(Url): Navigate to 'https://dev-admin.modist.co/' successfully

2021-01-14 08:48:20 - [MESSAGE][PASSED] - Navigate to 'https://dev-admin.modist.co/' successfully

2021-01-14 08:48:20 - [TEST_STEP][PASSED] - loginPage.login(Email, Password): com.kms.katalon.core.webui.exception.WebElementNotFoundException: Web element with id: 'Object Repository/Login Credentials/Email' located by '//input[@name='email']' not found (Root cause: com.kms.katalon.core.exception.StepFailedException: com.kms.katalon.core.webui.exception.WebElementNotFoundException: Web element with id: 'Object Repository/Login Credentials/Email' located by '//input[@name='email']' not found
	at com.kms.katalon.core.webui.keyword.internal.WebUIKeywordMain.stepFailed(WebUIKeywordMain.groovy:64)
	at com.kms.katalon.core.webui.keyword.builtin.VerifyElementPresentKeyword$_verifyElementPresent_closure1.doCall(VerifyElementPresentKeyword.groovy:85)
	at com.kms.katalon.core.webui.keyword.builtin.VerifyElementPresentKeyword$_verifyElementPresent_closure1.call(VerifyElementPresentKeyword.groovy)
	at com.kms.katalon.core.webui.keyword.internal.WebUIKeywordMain.runKeyword(WebUIKeywordMain.groovy:20)
	at com.kms.katalon.core.webui.keyword.builtin.VerifyElementPresentKeyword.verifyElementPresent(VerifyElementPresentKeyword.groovy:92)
	at com.kms.katalon.core.webui.keyword.builtin.VerifyElementPresentKeyword.execute(VerifyElementPresentKeyword.groovy:68)
	at com.kms.katalon.core.keyword.internal.KeywordExecutor.executeKeywordForPlatform(KeywordExecutor.groovy:73)
	at com.kms.katalon.core.webui.keyword.WebUiBuiltInKeywords.verifyElementPresent(WebUiBuiltInKeywords.groovy:1445)
	at com.kms.katalon.core.webui.keyword.WebUiBuiltInKeywords$verifyElementPresent$2.call(Unknown Source)
	at login.LoginForAdminDevEnvironment.login(LoginForAdminDevEnvironment.groovy:17)
	at login.LoginForAdminDevEnvironment$login.call(Unknown Source)
	at Login.login(Login.groovy:37)
	at Login.invokeMethod(Login.groovy)
	at com.kms.katalon.core.context.internal.TestHooker.invokeMethod(TestHooker.java:111)
	at com.kms.katalon.core.context.internal.TestHooker.lambda$3(TestHooker.java:95)
	at com.kms.katalon.core.context.internal.TestHooker.invokeContextMethods(TestHooker.java:94)
	at com.kms.katalon.core.context.internal.TestListenerCollector.lambda$3(TestListenerCollector.java:88)
[...]
	at com.kms.katalon.core.webui.keyword.internal.WebUIKeywordMain.stepFailed(WebUIKeywordMain.groovy:64)
	at com.kms.katalon.core.webui.keyword.builtin.VerifyElementPresentKeyword$_verifyElementPresent_closure1.doCall(VerifyElementPresentKeyword.groovy:85)
	at com.kms.katalon.core.webui.keyword.builtin.VerifyElementPresentKeyword$_verifyElementPresent_closure1.call(VerifyElementPresentKeyword.groovy)
	at com.kms.katalon.core.webui.keyword.internal.WebUIKeywordMain.runKeyword(WebUIKeywordMain.groovy:20)
	at com.kms.katalon.core.webui.keyword.builtin.VerifyElementPresentKeyword.verifyElementPresent(VerifyElementPresentKeyword.groovy:92)
	at com.kms.katalon.core.webui.keyword.builtin.VerifyElementPresentKeyword.execute(VerifyElementPresentKeyword.groovy:68)
	at com.kms.katalon.core.keyword.internal.KeywordExecutor.executeKeywordForPlatform(KeywordExecutor.groovy:73)
	at com.kms.katalon.core.webui.keyword.WebUiBuiltInKeywords.verifyElementPresent(WebUiBuiltInKeywords.groovy:1445)
	at com.kms.katalon.core.webui.keyword.WebUiBuiltInKeywords$verifyElementPresent$2.call(Unknown Source)
	at login.LoginForAdminDevEnvironment.login(LoginForAdminDevEnvironment.groovy:17)
	at login.LoginForAdminDevEnvironment$login.call(Unknown Source)
	at Login.login(Login.groovy:37)
	at Login.invokeMethod(Login.groovy)
	at com.kms.katalon.core.context.internal.TestHooker.invokeMethod(TestHooker.java:111)
	at com.kms.katalon.core.context.internal.TestHooker.lambda$3(TestHooker.java:95)
	at com.kms.katalon.core.context.internal.TestHooker.invokeContextMethods(TestHooker.java:94)
	at com.kms.katalon.core.context.internal.TestListenerCollector.lambda$3(TestListenerCollector.java:88)
	at com.kms.katalon.core.context.internal.TestListenerCollector.handleListenerEvent(TestListenerCollector.java:85)
	at com.kms.katalon.core.context.internal.ExecutionEventManager.publicEvent(ExecutionEventManager.java:36)
	at com.kms.katalon.core.main.TestCaseExecutor.execute(TestCaseExecutor.java:221)
	at com.kms.katalon.core.main.TestSuiteExecutor.accessTestCaseMainPhase(TestSuiteExecutor.java:191)
	at com.kms.katalon.core.main.TestSuiteExecutor.accessTestSuiteMainPhase(TestSuiteExecutor.java:141)
	at com.kms.katalon.core.main.TestSuiteExecutor.execute(TestSuiteExecutor.java:90)
	at com.kms.katalon.core.main.TestCaseMain.startTestSuite(TestCaseMain.java:157)
	at com.kms.katalon.core.main.TestCaseMain$startTestSuite$0.call(Unknown Source)
	at TempTestSuite1610631842892.run(TempTestSuite1610631842892.groovy:39)
)

2021-01-14 09:12:52 - [TEST_STEP][PASSED] - navigateToUrl(Url): Navigate to 'https://dev-admin.modist.co/' successfully

2021-01-14 09:12:53 - [MESSAGE][PASSED] - Navigate to 'https://dev-admin.modist.co/' successfully

2021-01-14 09:12:53 - [TEST_STEP][PASSED] - loginPage.login(Email, Password): com.kms.katalon.core.webui.exception.WebElementNotFoundException: Web element with id: 'Object Repository/Login Credentials/Email' located by '//input[@name='email']' not found (Root cause: com.kms.katalon.core.exception.StepFailedException: com.kms.katalon.core.webui.exception.WebElementNotFoundException: Web element with id: 'Object Repository/Login Credentials/Email' located by '//input[@name='email']' not found
	at com.kms.katalon.core.webui.keyword.internal.WebUIKeywordMain.stepFailed(WebUIKeywordMain.groovy:64)
	at com.kms.katalon.core.webui.keyword.builtin.VerifyElementPresentKeyword$_verifyElementPresent_closure1.doCall(VerifyElementPresentKeyword.groovy:85)
	at com.kms.katalon.core.webui.keyword.builtin.VerifyElementPresentKeyword$_verifyElementPresent_closure1.call(VerifyElementPresentKeyword.groovy)
	at com.kms.katalon.core.webui.keyword.internal.WebUIKeywordMain.runKeyword(WebUIKeywordMain.groovy:20)
	at com.kms.katalon.core.webui.keyword.builtin.VerifyElementPresentKeyword.verifyElementPresent(VerifyElementPresentKeyword.groovy:92)
	at com.kms.katalon.core.webui.keyword.builtin.VerifyElementPresentKeyword.execute(VerifyElementPresentKeyword.groovy:68)
	at com.kms.katalon.core.keyword.internal.KeywordExecutor.executeKeywordForPlatform(KeywordExecutor.groovy:73)
	at com.kms.katalon.core.webui.keyword.WebUiBuiltInKeywords.verifyElementPresent(WebUiBuiltInKeywords.groovy:1445)
	at com.kms.katalon.core.webui.keyword.WebUiBuiltInKeywords$verifyElementPresent$2.call(Unknown Source)
	at login.LoginForAdminDevEnvironment.login(LoginForAdminDevEnvironment.groovy:17)
	at login.LoginForAdminDevEnvironment$login.call(Unknown Source)
	at Login.login(Login.groovy:37)
	at Login.invokeMethod(Login.groovy)
	at com.kms.katalon.core.context.internal.TestHooker.invokeMethod(TestHooker.java:111)
	at com.kms.katalon.core.context.internal.TestHooker.lambda$3(TestHooker.java:95)
	at com.kms.katalon.core.context.internal.TestHooker.invokeContextMethods(TestHooker.java:94)
	at com.kms.katalon.core.context.internal.TestListenerCollector.lambda$3(TestListenerCollector.java:88)
	at com.kms.katalon.core.context.internal.TestListenerCollector.handleListenerEvent(TestListenerCollector.java:85)
	at com.kms.katalon.core.context.internal.ExecutionEventManager.publicEvent(ExecutionEventManager.java:36)
	at com.kms.katalon.core.main.TestCaseExecutor.execute(TestCaseExecutor.java:221)
	at com.kms.katalon.core.main.TestSuiteExecutor.accessTestCaseMainPhase(TestSuiteExecutor.java:191)
	at com.kms.katalon.core.main.TestSuiteExecutor.accessTestSuiteMainPhase(TestSuiteExecutor.java:141)
	at com.kms.katalon.core.main.TestSuiteExecutor.execute(TestSuiteExecutor.java:90)
	at com.kms.katalon.core.main.TestCaseMain.startTestSuite(TestCaseMain.java:157)
	at com.kms.katalon.core.main.TestCaseMain$startTestSuite$0.call(Unknown Source)
	at TempTestSuite1610631842892.run(TempTestSuite1610631842892.groovy:39)
)

2021-01-14 09:12:58 - [MESSAGE][INFO] - Unable to find the element located by 'By.xpath: //input[@name='email']'. Please recheck the objects properties to make sure the desired element is located. 

2021-01-14 09:12:58 - [MESSAGE][WARNING] - com.kms.katalon.core.webui.exception.WebElementNotFoundException: Web element with id: 'Object Repository/Login Credentials/Email' located by '//input[@name='email']' not found (Root cause: com.kms.katalon.core.exception.StepFailedException: com.kms.katalon.core.webui.exception.WebElementNotFoundException: Web element with id: 'Object Repository/Login Credentials/Email' located by '//input[@name='email']' not found
	at com.kms.katalon.core.webui.keyword.internal.WebUIKeywordMain.stepFailed(WebUIKeywordMain.groovy:64)
	at com.kms.katalon.core.webui.keyword.builtin.VerifyElementPresentKeyword$_verifyElementPresent_closure1.doCall(VerifyElementPresentKeyword.groovy:85)
	at com.kms.katalon.core.webui.keyword.builtin.VerifyElementPresentKeyword$_verifyElementPresent_closure1.call(VerifyElementPresentKeyword.groovy)
	at com.kms.katalon.core.webui.keyword.internal.WebUIKeywordMain.runKeyword(WebUIKeywordMain.groovy:20)
	at com.kms.katalon.core.webui.keyword.builtin.VerifyElementPresentKeyword.verifyElementPresent(VerifyElementPresentKeyword.groovy:92)
	at com.kms.katalon.core.webui.keyword.builtin.VerifyElementPresentKeyword.execute(VerifyElementPresentKeyword.groovy:68)
	at com.kms.katalon.core.keyword.internal.KeywordExecutor.executeKeywordForPlatform(KeywordExecutor.groovy:73)
	at com.kms.katalon.core.webui.keyword.WebUiBuiltInKeywords.verifyElementPresent(WebUiBuiltInKeywords.groovy:1445)
	at com.kms.katalon.core.webui.keyword.WebUiBuiltInKeywords$verifyElementPresent$2.call(Unknown Source)
	at login.LoginForAdminDevEnvironment.login(LoginForAdminDevEnvironment.groovy:17)
	at login.LoginForAdminDevEnvironment$login.call(Unknown Source)
	at Login.login(Login.groovy:37)
	at Login.invokeMethod(Login.groovy)
	at com.kms.katalon.core.context.internal.TestHooker.invokeMethod(TestHooker.java:111)
	at com.kms.katalon.core.context.internal.TestHooker.lambda$3(TestHooker.java:95)
	at com.kms.katalon.core.context.internal.TestHooker.invokeContextMethods(TestHooker.java:94)
	at com.kms.katalon.core.context.internal.TestListenerCollector.lambda$3(TestListenerCollector.java:88)
	at com.kms.katalon.core.context.internal.TestListenerCollector.handleListenerEvent(TestListenerCollector.java:85)
	at com.kms.katalon.core.context.internal.ExecutionEventManager.publicEvent(ExecutionEventManager.java:36)
	at com.kms.katalon.core.main.TestCaseExecutor.execute(TestCaseExecutor.java:221)
	at com.kms.katalon.core.main.TestSuiteExecutor.accessTestCaseMainPhase(TestSuiteExecutor.java:191)
	at com.kms.katalon.core.main.TestSuiteExecutor.accessTestSuiteMainPhase(TestSuiteExecutor.java:141)
	at com.kms.katalon.core.main.TestSuiteExecutor.execute(TestSuiteExecutor.java:90)
	at com.kms.katalon.core.main.TestCaseMain.startTestSuite(TestCaseMain.java:157)
	at com.kms.katalon.core.main.TestCaseMain$startTestSuite$0.call(Unknown Source)
	at TempTestSuite1610631842892.run(TempTestSuite1610631842892.groovy:39)
)
[[ATTACHMENT|E:\\Modist\\ModistProject\\Reports\\20210114_084402\\AllTestCases\\20210114_084402\\1610633578085.png]]

2021-01-14 09:12:58 - [TEST_STEP][PASSED] - pages.Journey.clickOnJourneyTab(): pages.Journey.clickOnJourneyTab is PASSED

2021-01-14 09:12:58 - [MESSAGE][PASSED] - Object 'Object Repository/Journey/Journeytab' is present

2021-01-14 09:12:59 - [MESSAGE][PASSED] - Object 'Object Repository/Journey/Journeytab' is visible

2021-01-14 09:12:59 - [MESSAGE][PASSED] - Object 'Object Repository/Journey/Journeytab' is clickable

2021-01-14 09:12:59 - [MESSAGE][PASSED] - Object: 'Object Repository/Journey/Journeytab' is clicked on

2021-01-14 09:12:59 - [MESSAGE][PASSED] - pages.Journey.clickOnJourneyTab is PASSED

2021-01-14 09:12:59 - [TEST_STEP][PASSED] - journeyName = pages.Journey.getRandomJourneyName(): pages.Journey.getRandomJourneyName is PASSED

2021-01-14 09:13:00 - [MESSAGE][PASSED] - Object 'Object Repository/Journey/toGetJourneysCount' is present

2021-01-14 09:13:00 - [MESSAGE][PASSED] - Object 'Object Repository/Journey/toGetJourneysCount' is present

2021-01-14 09:13:00 - [MESSAGE][PASSED] - Text of object 'Object Repository/Journey/toPickrandomJourney(index)' is: 'JO3'

2021-01-14 09:13:00 - [MESSAGE][PASSED] - pages.Journey.getRandomJourneyName is PASSED

2021-01-14 09:13:00 - [TEST_STEP][PASSED] - accessCode = pages.Journey.getExistingJourneyAccesscode(journeyName): pages.Journey.getExistingJourneyAccesscode is PASSED

2021-01-14 09:13:01 - [MESSAGE][PASSED] - Object 'Object Repository/Journey/journrySearchInput' is present

2021-01-14 09:13:01 - [MESSAGE][PASSED] - Object 'Object Repository/Journey/journrySearchInput' is visible

2021-01-14 09:13:01 - [MESSAGE][PASSED] - Object 'Object Repository/Journey/journrySearchInput' is clickable

2021-01-14 09:13:01 - [MESSAGE][PASSED] - Text of object 'Object Repository/Journey/journrySearchInput' is cleared

2021-01-14 09:13:02 - [MESSAGE][PASSED] - Keys '' sent to object: 'Object Repository/Journey/journrySearchInput'

2021-01-14 09:13:02 - [MESSAGE][PASSED] - Keys 'J' sent to object: 'Object Repository/Journey/journrySearchInput'

2021-01-14 09:13:02 - [MESSAGE][PASSED] - Keys 'O' sent to object: 'Object Repository/Journey/journrySearchInput'

2021-01-14 09:13:03 - [MESSAGE][PASSED] - Keys '3' sent to object: 'Object Repository/Journey/journrySearchInput'

2021-01-14 09:13:03 - [MESSAGE][PASSED] - Object 'Object Repository/Journey/clickVerifyingJourney(journeyName)' is present

2021-01-14 09:13:04 - [MESSAGE][PASSED] - Object 'Object Repository/Journey/clickVerifyingJourney(journeyName)' is visible

2021-01-14 09:13:04 - [MESSAGE][PASSED] - Object 'Object Repository/Journey/clickVerifyingJourney(journeyName)' is clickable

2021-01-14 09:13:05 - [MESSAGE][PASSED] - Object: 'Object Repository/Journey/clickVerifyingJourney(journeyName)' is clicked on

2021-01-14 09:13:05 - [MESSAGE][PASSED] - Scroll to object 'Object Repository/Journey/Current Access Codes/currentAccessCodeField' successfully

2021-01-14 09:13:06 - [MESSAGE][PASSED] - Object 'Object Repository/Journey/Current Access Codes/getAccessCodesCount' is present

2021-01-14 09:13:07 - [MESSAGE][PASSED] - Text of object 'Object Repository/Journey/Current Access Codes/getAccessCodeText(index)' is: 'access12'

2021-01-14 09:13:07 - [MESSAGE][PASSED] - pages.Journey.getExistingJourneyAccesscode is PASSED

2021-01-14 09:13:07 - [TEST_STEP][PASSED] - login.LoginForJourneyApplication.loginToJourneyApplication(): login.LoginForJourneyApplication.loginToJourneyApplication is PASSED

2021-01-14 09:13:07 - [MESSAGE][PASSED] - Navigate to 'https://qualitlabs.dev.modist.co/' successfully

2021-01-14 09:13:07 - [MESSAGE][PASSED] - login.LoginForJourneyApplication.loginToJourneyApplication is PASSED

2021-01-14 09:13:07 - [TEST_STEP][PASSED] - pages.Journey.enterAccessCodeInJourney(accessCode): pages.Journey.enterAccessCodeInJourney is PASSED

2021-01-14 09:13:08 - [MESSAGE][PASSED] - Object 'Object Repository/Journey/JourneyPortal/enterAccessCode' is present

2021-01-14 09:13:08 - [MESSAGE][PASSED] - Object 'Object Repository/Journey/JourneyPortal/enterAccessCode' is visible

2021-01-14 09:13:09 - [MESSAGE][PASSED] - Object 'Object Repository/Journey/JourneyPortal/enterAccessCode' is clickable

2021-01-14 09:13:09 - [MESSAGE][PASSED] - Text of object 'Object Repository/Journey/JourneyPortal/enterAccessCode' is cleared

2021-01-14 09:13:09 - [MESSAGE][PASSED] - Keys 'access12' sent to object: 'Object Repository/Journey/JourneyPortal/enterAccessCode'

2021-01-14 09:13:09 - [MESSAGE][PASSED] - pages.Journey.enterAccessCodeInJourney is PASSED

2021-01-14 09:13:09 - [TEST_STEP][PASSED] - pages.Journey.clickEnterButton(): pages.Journey.clickEnterButton is PASSED

2021-01-14 09:13:09 - [MESSAGE][PASSED] - Object 'Object Repository/Journey/JourneyPortal/EnterButton' is present

2021-01-14 09:13:10 - [MESSAGE][PASSED] - Object 'Object Repository/Journey/JourneyPortal/EnterButton' is visible

2021-01-14 09:13:10 - [MESSAGE][PASSED] - Object 'Object Repository/Journey/JourneyPortal/EnterButton' is clickable

2021-01-14 09:13:10 - [MESSAGE][PASSED] - Object: 'Object Repository/Journey/JourneyPortal/EnterButton' is clicked on

2021-01-14 09:13:10 - [MESSAGE][PASSED] - pages.Journey.clickEnterButton is PASSED

2021-01-14 09:13:10 - [TEST_STEP][PASSED] - pages.Journey.sectionPageVerification(): pages.Journey.sectionPageVerification is PASSED

2021-01-14 09:13:11 - [MESSAGE][PASSED] - Object 'Object Repository/Journey/JourneyPortal/Section/sectionPage' is present

2021-01-14 09:13:11 - [MESSAGE][PASSED] - pages.Journey.sectionPageVerification is PASSED

2021-01-14 09:13:11 - [TEST_STEP][PASSED] - pages.JourneyPortal.clickFullScreenIcon(): pages.JourneyPortal.clickFullScreenIcon is PASSED

2021-01-14 09:13:12 - [MESSAGE][PASSED] - Object 'Object Repository/Journey/JourneyPortal/Section/FullScreenIcon' is present

2021-01-14 09:13:12 - [MESSAGE][PASSED] - Object 'Object Repository/Journey/JourneyPortal/Section/FullScreenIcon' is visible

2021-01-14 09:13:12 - [MESSAGE][PASSED] - Object 'Object Repository/Journey/JourneyPortal/Section/FullScreenIcon' is clickable

2021-01-14 09:13:13 - [MESSAGE][PASSED] - Object: 'Object Repository/Journey/JourneyPortal/Section/FullScreenIcon' is clicked on

2021-01-14 09:13:13 - [MESSAGE][PASSED] - pages.JourneyPortal.clickFullScreenIcon is PASSED

2021-01-14 09:13:13 - [TEST_STEP][PASSED] - pages.JourneyPortal.verifyTheFullScreenView(): pages.JourneyPortal.verifyTheFullScreenView is PASSED

2021-01-14 09:13:13 - [MESSAGE][PASSED] - Object 'Object Repository/Journey/JourneyPortal/Section/verifyFullScreenView' is present

2021-01-14 09:13:13 - [MESSAGE][PASSED] - pages.JourneyPortal.verifyTheFullScreenView is PASSED]]></system-out>
         <system-err><![CDATA[]]></system-err>
      </testcase>
      <system-out><![CDATA[2021-01-14 08:44:06 - [TEST_SUITE][FAILED] - AllTestCases: Test Cases/Admin/Section/addSectionAndVerify FAILED.
Reason:
com.kms.katalon.core.exception.StepFailedException: RandomSection847is not present
	at com.kms.katalon.core.util.KeywordUtil.markFailedAndStop(KeywordUtil.java:28)
	at com.kms.katalon.core.util.KeywordUtil$markFailedAndStop$0.call(Unknown Source)
	at verification.Verification.verifyElementPresent(Verification.groovy:31)
	at pages.Section.verifySectionAdded(Section.groovy:60)
	at pages.Section.invokeMethod(Section.groovy)
	at com.kms.katalon.core.main.CustomKeywordDelegatingMetaClass.invokeStaticMethod(CustomKeywordDelegatingMetaClass.java:50)
	at addSectionAndVerify.run(addSectionAndVerify:22)
	at com.kms.katalon.core.main.ScriptEngine.run(ScriptEngine.java:194)
	at com.kms.katalon.core.main.ScriptEngine.runScriptAsRawText(ScriptEngine.java:119)
	at com.kms.katalon.core.main.TestCaseExecutor.runScript(TestCaseExecutor.java:339)
	at com.kms.katalon.core.main.TestCaseExecutor.doExecute(TestCaseExecutor.java:330)
	at com.kms.katalon.core.main.TestCaseExecutor.processExecutionPhase(TestCaseExecutor.java:309)
	at com.kms.katalon.core.main.TestCaseExecutor.accessMainPhase(TestCaseExecutor.java:301)
	at com.kms.katalon.core.main.TestCaseExecutor.execute(TestCaseExecutor.java:235)
	at com.kms.katalon.core.main.TestSuiteExecutor.accessTestCaseMainPhase(TestSuiteExecutor.java:191)
	at com.kms.katalon.core.main.TestSuiteExecutor.accessTestSuiteMainPhase(TestSuiteExecutor.java:141)
	at com.kms.katalon.core.main.TestSuiteExecutor.execute(TestSuiteExecutor.java:90)
	at com.kms.katalon.core.main.TestCaseMain.startTestSuite(TestCaseMain.java:157)
	at com.kms.katalon.core.main.TestCaseMain$startTestSuite$0.call(Unknown Source)
	at TempTestSuite1610631842892.run(TempTestSuite1610631842892.groovy:39)]]></system-out>
      <system-err><![CDATA[2021-01-14 08:44:06 - [TEST_SUITE][FAILED] - AllTestCases: Test Cases/Admin/Section/addSectionAndVerify FAILED.
Reason:
com.kms.katalon.core.exception.StepFailedException: RandomSection847is not present
	at com.kms.katalon.core.util.KeywordUtil.markFailedAndStop(KeywordUtil.java:28)
	at com.kms.katalon.core.util.KeywordUtil$markFailedAndStop$0.call(Unknown Source)
	at verification.Verification.verifyElementPresent(Verification.groovy:31)
	at pages.Section.verifySectionAdded(Section.groovy:60)
	at pages.Section.invokeMethod(Section.groovy)
	at com.kms.katalon.core.main.CustomKeywordDelegatingMetaClass.invokeStaticMethod(CustomKeywordDelegatingMetaClass.java:50)
	at addSectionAndVerify.run(addSectionAndVerify:22)
	at com.kms.katalon.core.main.ScriptEngine.run(ScriptEngine.java:194)
	at com.kms.katalon.core.main.ScriptEngine.runScriptAsRawText(ScriptEngine.java:119)
	at com.kms.katalon.core.main.TestCaseExecutor.runScript(TestCaseExecutor.java:339)
	at com.kms.katalon.core.main.TestCaseExecutor.doExecute(TestCaseExecutor.java:330)
	at com.kms.katalon.core.main.TestCaseExecutor.processExecutionPhase(TestCaseExecutor.java:309)
	at com.kms.katalon.core.main.TestCaseExecutor.accessMainPhase(TestCaseExecutor.java:301)
	at com.kms.katalon.core.main.TestCaseExecutor.execute(TestCaseExecutor.java:235)
	at com.kms.katalon.core.main.TestSuiteExecutor.accessTestCaseMainPhase(TestSuiteExecutor.java:191)
	at com.kms.katalon.core.main.TestSuiteExecutor.accessTestSuiteMainPhase(TestSuiteExecutor.java:141)
	at com.kms.katalon.core.main.TestSuiteExecutor.execute(TestSuiteExecutor.java:90)
	at com.kms.katalon.core.main.TestCaseMain.startTestSuite(TestCaseMain.java:157)
	at com.kms.katalon.core.main.TestCaseMain$startTestSuite$0.call(Unknown Source)
	at TempTestSuite1610631842892.run(TempTestSuite1610631842892.groovy:39)]]></system-err>
   </testsuite>
</testsuites>
