<?xml version="1.0" encoding="UTF-8"?>
<testsuites name="journeyPortal" time="681.835" tests="12" failures="3" errors="0">
   <testsuite name="journeyPortal" tests="12" failures="3" errors="0" time="681.835" timestamp="2021-01-08 01:20:06" hostname="Lenovo - DESKTOP-H3LAPEO" id="Test Suites/journeyPortal">
      <properties>
         <property name="deviceName" value=""/>
         <property name="devicePlatform" value=""/>
         <property name="logFolder" value="E:\\Modist Project\\ModistProject\\Reports\\20210108_012003\\journeyPortal\\20210108_012003"/>
         <property name="logFiles" value="E:\\Modist Project\\ModistProject\\Reports\\20210108_012003\\journeyPortal\\20210108_012003\\execution0.log"/>
         <property name="attachments" value="E:\\Modist Project\\ModistProject\\Reports\\20210108_012003\\journeyPortal\\20210108_012003\\1610087294073.png, E:\\Modist Project\\ModistProject\\Reports\\20210108_012003\\journeyPortal\\20210108_012003\\1610087294566.png, E:\\Modist Project\\ModistProject\\Reports\\20210108_012003\\journeyPortal\\20210108_012003\\1610087426016.png, E:\Modist Project\ModistProject\Reports\20210108_012003\journeyPortal\20210108_012003\1610087426990.png"/>
         <property name="hostName" value="Lenovo - DESKTOP-H3LAPEO"/>
         <property name="os" value="Windows 10 64bit"/>
         <property name="katalonVersion" value="7.7.0.205"/>
         <property name="browser" value="Chrome 87.0.4280.141"/>
         <property name="hostAddress" value="192.168.43.128"/>
         <property name="sessionId" value="4f0a1c5b98af9d397b99f7afd34ef80b"/>
         <property name="seleniumVersion" value="3.141.59"/>
         <property name="proxyInformation" value="ProxyInformation { proxyOption=NO_PROXY, proxyServerType=HTTP, username=, password=********, proxyServerAddress=, proxyServerPort=0, executionList=&quot;&quot;, isApplyToDesiredCapabilities=true }"/>
         <property name="platform" value="Windows 10"/>
      </properties>
      <testcase name="Test Cases/JourneyPortal/addProductTOCartAndVerifyWhetherIsItShownInUi" time="69.511" classname="Test Cases/JourneyPortal/addProductTOCartAndVerifyWhetherIsItShownInUi" status="PASSED">
         <system-out><![CDATA[2021-01-08 01:20:06 - [TEST_CASE][PASSED] - Test Cases/JourneyPortal/addProductTOCartAndVerifyWhetherIsItShownInUi: Test Cases/JourneyPortal/addProductTOCartAndVerifyWhetherIsItShownInUi

2021-01-08 01:20:06 - [TEST_STEP][PASSED] - Start listener action : OpenWebSite: Object: 'Object Repository/Login Credentials/EnterButton' is clicked on

2021-01-08 01:20:06 - [TEST_STEP][PASSED] - openBrowser(""): Browser is opened with url: ''

2021-01-08 01:20:07 - [MESSAGE][INFO] - Starting 'Chrome' driver

2021-01-08 01:20:07 - [MESSAGE][INFO] - Action delay is set to 0 milliseconds

2021-01-08 01:20:11 - [MESSAGE][PASSED] - Browser is opened with url: ''

2021-01-08 01:20:11 - [TEST_STEP][PASSED] - maximizeWindow(): Current window maximized

2021-01-08 01:20:14 - [MESSAGE][PASSED] - Current window maximized

2021-01-08 01:20:14 - [TEST_STEP][PASSED] - navigateToUrl(Url): Navigate to 'https://dev-admin.modist.co/' successfully

2021-01-08 01:20:23 - [MESSAGE][PASSED] - Navigate to 'https://dev-admin.modist.co/' successfully

2021-01-08 01:20:23 - [TEST_STEP][PASSED] - loginPage.login(Email, Password): Object: 'Object Repository/Login Credentials/EnterButton' is clicked on

2021-01-08 01:20:23 - [MESSAGE][PASSED] - Object 'Object Repository/Login Credentials/Email' is present

2021-01-08 01:20:24 - [MESSAGE][PASSED] - Object 'Object Repository/Login Credentials/Email' is visible

2021-01-08 01:20:24 - [MESSAGE][PASSED] - Object 'Object Repository/Login Credentials/Email' is clickable

2021-01-08 01:20:25 - [MESSAGE][PASSED] - Text of object 'Object Repository/Login Credentials/Email' is cleared

2021-01-08 01:20:25 - [MESSAGE][PASSED] - Keys 'naresh.k@qualitlabs.com' sent to object: 'Object Repository/Login Credentials/Email'

2021-01-08 01:20:25 - [MESSAGE][PASSED] - Object 'Object Repository/Login Credentials/Password' is present

2021-01-08 01:20:26 - [MESSAGE][PASSED] - Object 'Object Repository/Login Credentials/Password' is visible

2021-01-08 01:20:26 - [MESSAGE][PASSED] - Object 'Object Repository/Login Credentials/Password' is clickable

2021-01-08 01:20:26 - [MESSAGE][PASSED] - Text of object 'Object Repository/Login Credentials/Password' is cleared

2021-01-08 01:20:27 - [MESSAGE][PASSED] - Keys 'Qualitlabs1?' sent to object: 'Object Repository/Login Credentials/Password'

2021-01-08 01:20:27 - [MESSAGE][PASSED] - Object 'Object Repository/Login Credentials/EnterButton' is present

2021-01-08 01:20:27 - [MESSAGE][PASSED] - Object 'Object Repository/Login Credentials/EnterButton' is visible

2021-01-08 01:20:27 - [MESSAGE][PASSED] - Object 'Object Repository/Login Credentials/EnterButton' is clickable

2021-01-08 01:20:28 - [MESSAGE][PASSED] - Object: 'Object Repository/Login Credentials/EnterButton' is clicked on

2021-01-08 01:20:28 - [TEST_STEP][PASSED] - pages.Journey.clickOnJourneyTab(): pages.Journey.clickOnJourneyTab is PASSED

2021-01-08 01:20:30 - [MESSAGE][PASSED] - Object 'Object Repository/Journey/Journeytab' is present

2021-01-08 01:20:30 - [MESSAGE][PASSED] - Object 'Object Repository/Journey/Journeytab' is visible

2021-01-08 01:20:30 - [MESSAGE][PASSED] - Object 'Object Repository/Journey/Journeytab' is clickable

2021-01-08 01:20:31 - [MESSAGE][PASSED] - Object: 'Object Repository/Journey/Journeytab' is clicked on

2021-01-08 01:20:31 - [MESSAGE][PASSED] - pages.Journey.clickOnJourneyTab is PASSED

2021-01-08 01:20:31 - [TEST_STEP][PASSED] - journeyName = pages.Journey.getRandomJourneyName(): pages.Journey.getRandomJourneyName is PASSED

2021-01-08 01:20:36 - [MESSAGE][PASSED] - Delayed 5 second(s)

2021-01-08 01:20:36 - [MESSAGE][PASSED] - Object 'Object Repository/Journey/toGetJourneysCount' is present

2021-01-08 01:20:37 - [MESSAGE][PASSED] - Text of object 'Object Repository/Journey/toPickrandomJourney(index)' is: 'DEMOJ'

2021-01-08 01:20:37 - [MESSAGE][PASSED] - pages.Journey.getRandomJourneyName is PASSED

2021-01-08 01:20:37 - [TEST_STEP][PASSED] - accessCode = pages.Journey.getExistingJourneyAccesscode(journeyName): pages.Journey.getExistingJourneyAccesscode is PASSED

2021-01-08 01:20:37 - [MESSAGE][PASSED] - Object 'Object Repository/Journey/journrySearchInput' is present

2021-01-08 01:20:37 - [MESSAGE][PASSED] - Object 'Object Repository/Journey/journrySearchInput' is visible

2021-01-08 01:20:38 - [MESSAGE][PASSED] - Object 'Object Repository/Journey/journrySearchInput' is clickable

2021-01-08 01:20:38 - [MESSAGE][PASSED] - Text of object 'Object Repository/Journey/journrySearchInput' is cleared

2021-01-08 01:20:38 - [MESSAGE][PASSED] - Keys 'DEMOJ' sent to object: 'Object Repository/Journey/journrySearchInput'

2021-01-08 01:20:39 - [MESSAGE][PASSED] - Object 'Object Repository/Journey/journrySearchInput' is present

2021-01-08 01:20:40 - [MESSAGE][PASSED] - Object 'Object Repository/Journey/journrySearchInput' is visible

2021-01-08 01:20:41 - [MESSAGE][PASSED] - Object 'Object Repository/Journey/journrySearchInput' is clickable

2021-01-08 01:20:41 - [MESSAGE][PASSED] - Text of object 'Object Repository/Journey/journrySearchInput' is cleared

2021-01-08 01:20:41 - [MESSAGE][PASSED] - Keys 'DEMOJ' sent to object: 'Object Repository/Journey/journrySearchInput'

2021-01-08 01:20:43 - [MESSAGE][PASSED] - Object 'Object Repository/Journey/clickVerifyingJourney(journeyName)' is present

2021-01-08 01:20:44 - [MESSAGE][PASSED] - Object 'Object Repository/Journey/clickVerifyingJourney(journeyName)' is visible

2021-01-08 01:20:44 - [MESSAGE][PASSED] - Object 'Object Repository/Journey/clickVerifyingJourney(journeyName)' is clickable

2021-01-08 01:20:44 - [MESSAGE][PASSED] - Object: 'Object Repository/Journey/clickVerifyingJourney(journeyName)' is clicked on

2021-01-08 01:20:46 - [MESSAGE][PASSED] - Scroll to object 'Object Repository/Journey/Current Access Codes/currentAccessCodeField' successfully

2021-01-08 01:20:46 - [MESSAGE][PASSED] - Object 'Object Repository/Journey/Current Access Codes/getAccessCodesCount' is present

2021-01-08 01:20:47 - [MESSAGE][PASSED] - Text of object 'Object Repository/Journey/Current Access Codes/getAccessCodeText(index)' is: 'access6'

2021-01-08 01:20:47 - [MESSAGE][PASSED] - pages.Journey.getExistingJourneyAccesscode is PASSED

2021-01-08 01:20:47 - [TEST_STEP][PASSED] - login.LoginForJourneyApplication.loginToJourneyApplication(): login.LoginForJourneyApplication.loginToJourneyApplication is PASSED

2021-01-08 01:20:47 - [MESSAGE][PASSED] - Current window's index is: 0

2021-01-08 01:20:47 - [MESSAGE][PASSED] - Switched to window with index: '1'

2021-01-08 01:20:53 - [MESSAGE][PASSED] - Navigate to 'https://qualitlabs.dev.modist.co/' successfully

2021-01-08 01:20:53 - [MESSAGE][PASSED] - login.LoginForJourneyApplication.loginToJourneyApplication is PASSED

2021-01-08 01:20:53 - [TEST_STEP][PASSED] - pages.Journey.enterAccessCodeInJourney(accessCode): pages.Journey.enterAccessCodeInJourney is PASSED

2021-01-08 01:20:54 - [MESSAGE][PASSED] - Object 'Object Repository/Journey/JourneyPortal/enterAccessCode' is present

2021-01-08 01:20:54 - [MESSAGE][PASSED] - Object 'Object Repository/Journey/JourneyPortal/enterAccessCode' is visible

2021-01-08 01:20:55 - [MESSAGE][PASSED] - Object 'Object Repository/Journey/JourneyPortal/enterAccessCode' is clickable

2021-01-08 01:20:55 - [MESSAGE][PASSED] - Text of object 'Object Repository/Journey/JourneyPortal/enterAccessCode' is cleared

2021-01-08 01:20:55 - [MESSAGE][PASSED] - Keys 'access6' sent to object: 'Object Repository/Journey/JourneyPortal/enterAccessCode'

2021-01-08 01:20:55 - [MESSAGE][PASSED] - pages.Journey.enterAccessCodeInJourney is PASSED

2021-01-08 01:20:55 - [TEST_STEP][PASSED] - pages.Journey.clickEnterButton(): pages.Journey.clickEnterButton is PASSED

2021-01-08 01:20:56 - [MESSAGE][PASSED] - Object 'Object Repository/Journey/JourneyPortal/EnterButton' is present

2021-01-08 01:20:56 - [MESSAGE][PASSED] - Object 'Object Repository/Journey/JourneyPortal/EnterButton' is visible

2021-01-08 01:20:56 - [MESSAGE][PASSED] - Object 'Object Repository/Journey/JourneyPortal/EnterButton' is clickable

2021-01-08 01:20:56 - [MESSAGE][PASSED] - Object: 'Object Repository/Journey/JourneyPortal/EnterButton' is clicked on

2021-01-08 01:20:56 - [MESSAGE][PASSED] - pages.Journey.clickEnterButton is PASSED

2021-01-08 01:20:56 - [TEST_STEP][PASSED] - pages.JourneyPortal.openExistingSection(): pages.JourneyPortal.openExistingSection is PASSED

2021-01-08 01:20:59 - [MESSAGE][PASSED] - Object 'Object Repository/Journey/JourneyPortal/Section/getSectionsCount' is present

2021-01-08 01:20:59 - [MESSAGE][PASSED] - Object 'Object Repository/Journey/JourneyPortal/Section/openSection(index)' is present

2021-01-08 01:21:00 - [MESSAGE][PASSED] - Object 'Object Repository/Journey/JourneyPortal/Section/openSection(index)' is visible

2021-01-08 01:21:00 - [MESSAGE][PASSED] - Object 'Object Repository/Journey/JourneyPortal/Section/openSection(index)' is clickable

2021-01-08 01:21:00 - [MESSAGE][PASSED] - Object: 'Object Repository/Journey/JourneyPortal/Section/openSection(index)' is clicked on

2021-01-08 01:21:00 - [MESSAGE][PASSED] - pages.JourneyPortal.openExistingSection is PASSED

2021-01-08 01:21:00 - [TEST_STEP][PASSED] - pages.JourneyPortal.openAnyProductInTheJourneyPortal(): pages.JourneyPortal.openAnyProductInTheJourneyPortal is PASSED

2021-01-08 01:21:01 - [MESSAGE][PASSED] - Object 'Object Repository/Journey/JourneyPortal/Product/toGetProductsCountInTheCart' is present

2021-01-08 01:21:02 - [MESSAGE][PASSED] - Scroll to object 'Object Repository/Journey/JourneyPortal/Product/openAnyProduct(index)' successfully

2021-01-08 01:21:02 - [MESSAGE][PASSED] - Object 'Object Repository/Journey/JourneyPortal/Product/openAnyProduct(index)' is present

2021-01-08 01:21:03 - [MESSAGE][PASSED] - Object 'Object Repository/Journey/JourneyPortal/Product/openAnyProduct(index)' is visible

2021-01-08 01:21:03 - [MESSAGE][PASSED] - Object 'Object Repository/Journey/JourneyPortal/Product/openAnyProduct(index)' is clickable

2021-01-08 01:21:03 - [MESSAGE][PASSED] - Object: 'Object Repository/Journey/JourneyPortal/Product/openAnyProduct(index)' is clicked on

2021-01-08 01:21:03 - [MESSAGE][PASSED] - pages.JourneyPortal.openAnyProductInTheJourneyPortal is PASSED

2021-01-08 01:21:03 - [TEST_STEP][PASSED] - orderCount = pages.JourneyPortal.clickAddToCartButton(): pages.JourneyPortal.clickAddToCartButton is PASSED

2021-01-08 01:21:04 - [MESSAGE][PASSED] - Object 'Object Repository/Journey/JourneyPortal/Product/AddToCart' is present

2021-01-08 01:21:04 - [MESSAGE][PASSED] - Object 'Object Repository/Journey/JourneyPortal/Product/AddToCart' is visible

2021-01-08 01:21:05 - [MESSAGE][PASSED] - Object 'Object Repository/Journey/JourneyPortal/Product/AddToCart' is clickable

2021-01-08 01:21:05 - [MESSAGE][PASSED] - Object: 'Object Repository/Journey/JourneyPortal/Product/AddToCart' is clicked on

2021-01-08 01:21:05 - [MESSAGE][PASSED] - Object 'Object Repository/Journey/JourneyPortal/Product/AddToCart' is present

2021-01-08 01:21:06 - [MESSAGE][PASSED] - Object 'Object Repository/Journey/JourneyPortal/Product/AddToCart' is visible

2021-01-08 01:21:06 - [MESSAGE][PASSED] - Object 'Object Repository/Journey/JourneyPortal/Product/AddToCart' is clickable

2021-01-08 01:21:06 - [MESSAGE][PASSED] - Object: 'Object Repository/Journey/JourneyPortal/Product/AddToCart' is clicked on

2021-01-08 01:21:06 - [MESSAGE][PASSED] - Object 'Object Repository/Journey/JourneyPortal/Product/AddToCart' is present

2021-01-08 01:21:07 - [MESSAGE][PASSED] - Object 'Object Repository/Journey/JourneyPortal/Product/AddToCart' is visible

2021-01-08 01:21:07 - [MESSAGE][PASSED] - Object 'Object Repository/Journey/JourneyPortal/Product/AddToCart' is clickable

2021-01-08 01:21:07 - [MESSAGE][PASSED] - Object: 'Object Repository/Journey/JourneyPortal/Product/AddToCart' is clicked on

2021-01-08 01:21:08 - [MESSAGE][PASSED] - Object 'Object Repository/Journey/JourneyPortal/Product/AddToCart' is present

2021-01-08 01:21:08 - [MESSAGE][PASSED] - Object 'Object Repository/Journey/JourneyPortal/Product/AddToCart' is visible

2021-01-08 01:21:08 - [MESSAGE][PASSED] - Object 'Object Repository/Journey/JourneyPortal/Product/AddToCart' is clickable

2021-01-08 01:21:08 - [MESSAGE][PASSED] - Object: 'Object Repository/Journey/JourneyPortal/Product/AddToCart' is clicked on

2021-01-08 01:21:09 - [MESSAGE][PASSED] - Object 'Object Repository/Journey/JourneyPortal/Product/AddToCart' is present

2021-01-08 01:21:09 - [MESSAGE][PASSED] - Object 'Object Repository/Journey/JourneyPortal/Product/AddToCart' is visible

2021-01-08 01:21:09 - [MESSAGE][PASSED] - Object 'Object Repository/Journey/JourneyPortal/Product/AddToCart' is clickable

2021-01-08 01:21:09 - [MESSAGE][PASSED] - Object: 'Object Repository/Journey/JourneyPortal/Product/AddToCart' is clicked on

2021-01-08 01:21:10 - [MESSAGE][PASSED] - Object 'Object Repository/Journey/JourneyPortal/Product/AddToCart' is present

2021-01-08 01:21:10 - [MESSAGE][PASSED] - Object 'Object Repository/Journey/JourneyPortal/Product/AddToCart' is visible

2021-01-08 01:21:10 - [MESSAGE][PASSED] - Object 'Object Repository/Journey/JourneyPortal/Product/AddToCart' is clickable

2021-01-08 01:21:11 - [MESSAGE][PASSED] - Object: 'Object Repository/Journey/JourneyPortal/Product/AddToCart' is clicked on

2021-01-08 01:21:11 - [MESSAGE][PASSED] - Object 'Object Repository/Journey/JourneyPortal/Product/AddToCart' is present

2021-01-08 01:21:11 - [MESSAGE][PASSED] - Object 'Object Repository/Journey/JourneyPortal/Product/AddToCart' is visible

2021-01-08 01:21:11 - [MESSAGE][PASSED] - Object 'Object Repository/Journey/JourneyPortal/Product/AddToCart' is clickable

2021-01-08 01:21:12 - [MESSAGE][PASSED] - Object: 'Object Repository/Journey/JourneyPortal/Product/AddToCart' is clicked on

2021-01-08 01:21:12 - [MESSAGE][PASSED] - Object 'Object Repository/Journey/JourneyPortal/Product/AddToCart' is present

2021-01-08 01:21:12 - [MESSAGE][PASSED] - Object 'Object Repository/Journey/JourneyPortal/Product/AddToCart' is visible

2021-01-08 01:21:13 - [MESSAGE][PASSED] - Object 'Object Repository/Journey/JourneyPortal/Product/AddToCart' is clickable

2021-01-08 01:21:13 - [MESSAGE][PASSED] - Object: 'Object Repository/Journey/JourneyPortal/Product/AddToCart' is clicked on

2021-01-08 01:21:13 - [MESSAGE][PASSED] - Object 'Object Repository/Journey/JourneyPortal/Product/AddToCart' is present

2021-01-08 01:21:13 - [MESSAGE][PASSED] - Object 'Object Repository/Journey/JourneyPortal/Product/AddToCart' is visible

2021-01-08 01:21:14 - [MESSAGE][PASSED] - Object 'Object Repository/Journey/JourneyPortal/Product/AddToCart' is clickable

2021-01-08 01:21:14 - [MESSAGE][PASSED] - Object: 'Object Repository/Journey/JourneyPortal/Product/AddToCart' is clicked on

2021-01-08 01:21:14 - [MESSAGE][PASSED] - Object 'Object Repository/Journey/JourneyPortal/Product/closeButton' is present

2021-01-08 01:21:15 - [MESSAGE][PASSED] - Object 'Object Repository/Journey/JourneyPortal/Product/closeButton' is visible

2021-01-08 01:21:15 - [MESSAGE][PASSED] - Object 'Object Repository/Journey/JourneyPortal/Product/closeButton' is clickable

2021-01-08 01:21:15 - [MESSAGE][PASSED] - Object: 'Object Repository/Journey/JourneyPortal/Product/closeButton' is clicked on

2021-01-08 01:21:15 - [MESSAGE][PASSED] - pages.JourneyPortal.clickAddToCartButton is PASSED

2021-01-08 01:21:15 - [TEST_STEP][PASSED] - productCount = pages.JourneyPortal.getProductsCount(): pages.JourneyPortal.getProductsCount is PASSED

2021-01-08 01:21:16 - [MESSAGE][PASSED] - Attribute 'data-count' of object 'Object Repository/Journey/JourneyPortal/Product/toGetProductsCountInTheCart' is: '9'

2021-01-08 01:21:16 - [MESSAGE][PASSED] - pages.JourneyPortal.getProductsCount is PASSED

2021-01-08 01:21:16 - [TEST_STEP][PASSED] - pages.JourneyPortal.verifyWhetherOrderedAndAvailableProductsCountAreSame(orderCount, productCount): you have selected 9 products 

2021-01-08 01:21:16 - [MESSAGE][PASSED] - you have selected 9 products]]></system-out>
         <system-err><![CDATA[]]></system-err>
      </testcase>
      <testcase name="Test Cases/JourneyPortal/AddProductToCartMulitpleTimesAndVerifyTheProductsCountAfterRefresh" time="64.716" classname="Test Cases/JourneyPortal/AddProductToCartMulitpleTimesAndVerifyTheProductsCountAfterRefresh" status="FAILED">
         <failure type="FAILED" message="Test Cases/JourneyPortal/AddProductToCartMulitpleTimesAndVerifyTheProductsCountAfterRefresh FAILED.
Reason:
com.kms.katalon.core.exception.StepFailedException: you have selected 5 products , but you have only 1
	at com.kms.katalon.core.util.KeywordUtil.markFailed(KeywordUtil.java:19)
	at com.kms.katalon.core.util.KeywordUtil$markFailed$0.call(Unknown Source)
	at pages.JourneyPortal.verifyWhetherOrderedAndAvailableProductsCountAreSame(JourneyPortal.groovy:104)
	at pages.JourneyPortal.invokeMethod(JourneyPortal.groovy)
	at com.kms.katalon.core.main.CustomKeywordDelegatingMetaClass.invokeStaticMethod(CustomKeywordDelegatingMetaClass.java:50)
	at AddProductToCartMulitpleTimesAndVerifyTheProductsCountAfterRefresh.run(AddProductToCartMulitpleTimesAndVerifyTheProductsCountAfterRefresh:40)
	at com.kms.katalon.core.main.ScriptEngine.run(ScriptEngine.java:194)
	at com.kms.katalon.core.main.ScriptEngine.runScriptAsRawText(ScriptEngine.java:119)
	at com.kms.katalon.core.main.TestCaseExecutor.runScript(TestCaseExecutor.java:339)
	at com.kms.katalon.core.main.TestCaseExecutor.doExecute(TestCaseExecutor.java:330)
	at com.kms.katalon.core.main.TestCaseExecutor.processExecutionPhase(TestCaseExecutor.java:309)
	at com.kms.katalon.core.main.TestCaseExecutor.accessMainPhase(TestCaseExecutor.java:301)
	at com.kms.katalon.core.main.TestCaseExecutor.execute(TestCaseExecutor.java:235)
	at com.kms.katalon.core.main.TestSuiteExecutor.accessTestCaseMainPhase(TestSuiteExecutor.java:191)
	at com.kms.katalon.core.main.TestSuiteExecutor.accessTestSuiteMainPhase(TestSuiteExecutor.java:141)
	at com.kms.katalon.core.main.TestSuiteExecutor.execute(TestSuiteExecutor.java:90)
	at com.kms.katalon.core.main.TestCaseMain.startTestSuite(TestCaseMain.java:157)
	at com.kms.katalon.core.main.TestCaseMain$startTestSuite$0.call(Unknown Source)
	at TempTestSuite1610086803667.run(TempTestSuite1610086803667.groovy:39)
"/>
         <system-out><![CDATA[2021-01-08 01:21:16 - [TEST_CASE][FAILED] - Test Cases/JourneyPortal/AddProductToCartMulitpleTimesAndVerifyTheProductsCountAfterRefresh: Test Cases/JourneyPortal/AddProductToCartMulitpleTimesAndVerifyTheProductsCountAfterRefresh FAILED.
Reason:
com.kms.katalon.core.exception.StepFailedException: you have selected 5 products , but you have only 1
	at com.kms.katalon.core.util.KeywordUtil.markFailed(KeywordUtil.java:19)
	at com.kms.katalon.core.util.KeywordUtil$markFailed$0.call(Unknown Source)
	at pages.JourneyPortal.verifyWhetherOrderedAndAvailableProductsCountAreSame(JourneyPortal.groovy:104)
	at pages.JourneyPortal.invokeMethod(JourneyPortal.groovy)
	at com.kms.katalon.core.main.CustomKeywordDelegatingMetaClass.invokeStaticMethod(CustomKeywordDelegatingMetaClass.java:50)
	at AddProductToCartMulitpleTimesAndVerifyTheProductsCountAfterRefresh.run(AddProductToCartMulitpleTimesAndVerifyTheProductsCountAfterRefresh:40)
	at com.kms.katalon.core.main.ScriptEngine.run(ScriptEngine.java:194)
	at com.kms.katalon.core.main.ScriptEngine.runScriptAsRawText(ScriptEngine.java:119)
	at com.kms.katalon.core.main.TestCaseExecutor.runScript(TestCaseExecutor.java:339)
	at com.kms.katalon.core.main.TestCaseExecutor.doExecute(TestCaseExecutor.java:330)
	at com.kms.katalon.core.main.TestCaseExecutor.processExecutionPhase(TestCaseExecutor.java:309)
	at com.kms.katalon.core.main.TestCaseExecutor.accessMainPhase(TestCaseExecutor.java:301)
	at com.kms.katalon.core.main.TestCaseExecutor.execute(TestCaseExecutor.java:235)
	at com.kms.katalon.core.main.TestSuiteExecutor.accessTestCaseMainPhase(TestSuiteExecutor.java:191)
	at com.kms.katalon.core.main.TestSuiteExecutor.accessTestSuiteMainPhase(TestSuiteExecutor.java:141)
	at com.kms.katalon.core.main.TestSuiteExecutor.execute(TestSuiteExecutor.java:90)
	at com.kms.katalon.core.main.TestCaseMain.startTestSuite(TestCaseMain.java:157)
	at com.kms.katalon.core.main.TestCaseMain$startTestSuite$0.call(Unknown Source)
	at TempTestSuite1610086803667.run(TempTestSuite1610086803667.groovy:39)


2021-01-08 01:21:16 - [TEST_STEP][PASSED] - Start listener action : OpenWebSite: Object: 'Object Repository/Login Credentials/EnterButton' is clicked on

2021-01-08 01:21:16 - [TEST_STEP][PASSED] - openBrowser(""): Browser is opened with url: ''

2021-01-08 01:21:16 - [MESSAGE][WARNING] - A browser is already opened. Closing browser and opening a new one

2021-01-08 01:21:16 - [MESSAGE][INFO] - Starting 'Chrome' driver

2021-01-08 01:21:16 - [MESSAGE][INFO] - Action delay is set to 0 milliseconds

2021-01-08 01:21:20 - [MESSAGE][PASSED] - Browser is opened with url: ''

2021-01-08 01:21:20 - [TEST_STEP][PASSED] - maximizeWindow(): Current window maximized

2021-01-08 01:21:22 - [MESSAGE][PASSED] - Current window maximized

2021-01-08 01:21:22 - [TEST_STEP][PASSED] - navigateToUrl(Url): Navigate to 'https://dev-admin.modist.co/' successfully

2021-01-08 01:21:34 - [MESSAGE][PASSED] - Navigate to 'https://dev-admin.modist.co/' successfully

2021-01-08 01:21:34 - [TEST_STEP][PASSED] - loginPage.login(Email, Password): Object: 'Object Repository/Login Credentials/EnterButton' is clicked on

2021-01-08 01:21:34 - [MESSAGE][PASSED] - Object 'Object Repository/Login Credentials/Email' is present

2021-01-08 01:21:34 - [MESSAGE][PASSED] - Object 'Object Repository/Login Credentials/Email' is visible

2021-01-08 01:21:35 - [MESSAGE][PASSED] - Object 'Object Repository/Login Credentials/Email' is clickable

2021-01-08 01:21:35 - [MESSAGE][PASSED] - Text of object 'Object Repository/Login Credentials/Email' is cleared

2021-01-08 01:21:35 - [MESSAGE][PASSED] - Keys 'naresh.k@qualitlabs.com' sent to object: 'Object Repository/Login Credentials/Email'

2021-01-08 01:21:36 - [MESSAGE][PASSED] - Object 'Object Repository/Login Credentials/Password' is present

2021-01-08 01:21:36 - [MESSAGE][PASSED] - Object 'Object Repository/Login Credentials/Password' is visible

2021-01-08 01:21:36 - [MESSAGE][PASSED] - Object 'Object Repository/Login Credentials/Password' is clickable

2021-01-08 01:21:36 - [MESSAGE][PASSED] - Text of object 'Object Repository/Login Credentials/Password' is cleared

2021-01-08 01:21:37 - [MESSAGE][PASSED] - Keys 'Qualitlabs1?' sent to object: 'Object Repository/Login Credentials/Password'

2021-01-08 01:21:37 - [MESSAGE][PASSED] - Object 'Object Repository/Login Credentials/EnterButton' is present

2021-01-08 01:21:37 - [MESSAGE][PASSED] - Object 'Object Repository/Login Credentials/EnterButton' is visible

2021-01-08 01:21:38 - [MESSAGE][PASSED] - Object 'Object Repository/Login Credentials/EnterButton' is clickable

2021-01-08 01:21:38 - [MESSAGE][PASSED] - Object: 'Object Repository/Login Credentials/EnterButton' is clicked on

2021-01-08 01:21:38 - [TEST_STEP][PASSED] - pages.Journey.clickOnJourneyTab(): pages.Journey.clickOnJourneyTab is PASSED

2021-01-08 01:21:40 - [MESSAGE][PASSED] - Object 'Object Repository/Journey/Journeytab' is present

2021-01-08 01:21:41 - [MESSAGE][PASSED] - Object 'Object Repository/Journey/Journeytab' is visible

2021-01-08 01:21:41 - [MESSAGE][PASSED] - Object 'Object Repository/Journey/Journeytab' is clickable

2021-01-08 01:21:42 - [MESSAGE][PASSED] - Object: 'Object Repository/Journey/Journeytab' is clicked on

2021-01-08 01:21:42 - [MESSAGE][PASSED] - pages.Journey.clickOnJourneyTab is PASSED

2021-01-08 01:21:42 - [TEST_STEP][PASSED] - journeyName = pages.Journey.getRandomJourneyName(): pages.Journey.getRandomJourneyName is PASSED

2021-01-08 01:21:47 - [MESSAGE][PASSED] - Delayed 5 second(s)

2021-01-08 01:21:47 - [MESSAGE][PASSED] - Object 'Object Repository/Journey/toGetJourneysCount' is present

2021-01-08 01:21:48 - [MESSAGE][PASSED] - Text of object 'Object Repository/Journey/toPickrandomJourney(index)' is: 'JO7'

2021-01-08 01:21:48 - [MESSAGE][PASSED] - pages.Journey.getRandomJourneyName is PASSED

2021-01-08 01:21:48 - [TEST_STEP][PASSED] - accessCode = pages.Journey.getExistingJourneyAccesscode(journeyName): pages.Journey.getExistingJourneyAccesscode is PASSED

2021-01-08 01:21:48 - [MESSAGE][PASSED] - Object 'Object Repository/Journey/journrySearchInput' is present

2021-01-08 01:21:49 - [MESSAGE][PASSED] - Object 'Object Repository/Journey/journrySearchInput' is visible

2021-01-08 01:21:49 - [MESSAGE][PASSED] - Object 'Object Repository/Journey/journrySearchInput' is clickable

2021-01-08 01:21:49 - [MESSAGE][PASSED] - Text of object 'Object Repository/Journey/journrySearchInput' is cleared

2021-01-08 01:21:49 - [MESSAGE][PASSED] - Keys 'JO7' sent to object: 'Object Repository/Journey/journrySearchInput'

2021-01-08 01:21:50 - [MESSAGE][PASSED] - Object 'Object Repository/Journey/journrySearchInput' is present

2021-01-08 01:21:51 - [MESSAGE][PASSED] - Object 'Object Repository/Journey/journrySearchInput' is visible

2021-01-08 01:21:51 - [MESSAGE][PASSED] - Object 'Object Repository/Journey/journrySearchInput' is clickable

2021-01-08 01:21:52 - [MESSAGE][PASSED] - Text of object 'Object Repository/Journey/journrySearchInput' is cleared

2021-01-08 01:21:52 - [MESSAGE][PASSED] - Keys 'JO7' sent to object: 'Object Repository/Journey/journrySearchInput'

2021-01-08 01:21:53 - [MESSAGE][PASSED] - Object 'Object Repository/Journey/clickVerifyingJourney(journeyName)' is present

2021-01-08 01:21:53 - [MESSAGE][PASSED] - Object 'Object Repository/Journey/clickVerifyingJourney(journeyName)' is visible

2021-01-08 01:21:54 - [MESSAGE][PASSED] - Object 'Object Repository/Journey/clickVerifyingJourney(journeyName)' is clickable

2021-01-08 01:21:54 - [MESSAGE][PASSED] - Object: 'Object Repository/Journey/clickVerifyingJourney(journeyName)' is clicked on

2021-01-08 01:21:55 - [MESSAGE][PASSED] - Scroll to object 'Object Repository/Journey/Current Access Codes/currentAccessCodeField' successfully

2021-01-08 01:21:56 - [MESSAGE][PASSED] - Object 'Object Repository/Journey/Current Access Codes/getAccessCodesCount' is present

2021-01-08 01:21:57 - [MESSAGE][PASSED] - Text of object 'Object Repository/Journey/Current Access Codes/getAccessCodeText(index)' is: 'access9'

2021-01-08 01:21:57 - [MESSAGE][PASSED] - pages.Journey.getExistingJourneyAccesscode is PASSED

2021-01-08 01:21:57 - [TEST_STEP][PASSED] - login.LoginForJourneyApplication.loginToJourneyApplication(): login.LoginForJourneyApplication.loginToJourneyApplication is PASSED

2021-01-08 01:21:57 - [MESSAGE][PASSED] - Current window's index is: 0

2021-01-08 01:21:57 - [MESSAGE][PASSED] - Switched to window with index: '1'

2021-01-08 01:22:02 - [MESSAGE][PASSED] - Navigate to 'https://qualitlabs.dev.modist.co/' successfully

2021-01-08 01:22:02 - [MESSAGE][PASSED] - login.LoginForJourneyApplication.loginToJourneyApplication is PASSED

2021-01-08 01:22:02 - [TEST_STEP][PASSED] - pages.Journey.enterAccessCodeInJourney(accessCode): pages.Journey.enterAccessCodeInJourney is PASSED

2021-01-08 01:22:03 - [MESSAGE][PASSED] - Object 'Object Repository/Journey/JourneyPortal/enterAccessCode' is present

2021-01-08 01:22:03 - [MESSAGE][PASSED] - Object 'Object Repository/Journey/JourneyPortal/enterAccessCode' is visible

2021-01-08 01:22:04 - [MESSAGE][PASSED] - Object 'Object Repository/Journey/JourneyPortal/enterAccessCode' is clickable

2021-01-08 01:22:04 - [MESSAGE][PASSED] - Text of object 'Object Repository/Journey/JourneyPortal/enterAccessCode' is cleared

2021-01-08 01:22:04 - [MESSAGE][PASSED] - Keys 'access9' sent to object: 'Object Repository/Journey/JourneyPortal/enterAccessCode'

2021-01-08 01:22:04 - [MESSAGE][PASSED] - pages.Journey.enterAccessCodeInJourney is PASSED

2021-01-08 01:22:04 - [TEST_STEP][PASSED] - pages.Journey.clickEnterButton(): pages.Journey.clickEnterButton is PASSED

2021-01-08 01:22:04 - [MESSAGE][PASSED] - Object 'Object Repository/Journey/JourneyPortal/EnterButton' is present

2021-01-08 01:22:05 - [MESSAGE][PASSED] - Object 'Object Repository/Journey/JourneyPortal/EnterButton' is visible

2021-01-08 01:22:05 - [MESSAGE][PASSED] - Object 'Object Repository/Journey/JourneyPortal/EnterButton' is clickable

2021-01-08 01:22:05 - [MESSAGE][PASSED] - Object: 'Object Repository/Journey/JourneyPortal/EnterButton' is clicked on

2021-01-08 01:22:05 - [MESSAGE][PASSED] - pages.Journey.clickEnterButton is PASSED

2021-01-08 01:22:05 - [TEST_STEP][PASSED] - pages.JourneyPortal.openExistingSection(): pages.JourneyPortal.openExistingSection is PASSED

2021-01-08 01:22:07 - [MESSAGE][PASSED] - Object 'Object Repository/Journey/JourneyPortal/Section/getSectionsCount' is present

2021-01-08 01:22:08 - [MESSAGE][PASSED] - Object 'Object Repository/Journey/JourneyPortal/Section/openSection(index)' is present

2021-01-08 01:22:08 - [MESSAGE][PASSED] - Object 'Object Repository/Journey/JourneyPortal/Section/openSection(index)' is visible

2021-01-08 01:22:08 - [MESSAGE][PASSED] - Object 'Object Repository/Journey/JourneyPortal/Section/openSection(index)' is clickable

2021-01-08 01:22:09 - [MESSAGE][PASSED] - Object: 'Object Repository/Journey/JourneyPortal/Section/openSection(index)' is clicked on

2021-01-08 01:22:09 - [MESSAGE][PASSED] - pages.JourneyPortal.openExistingSection is PASSED

2021-01-08 01:22:09 - [TEST_STEP][PASSED] - pages.JourneyPortal.openAnyProductInTheJourneyPortal(): pages.JourneyPortal.openAnyProductInTheJourneyPortal is PASSED

2021-01-08 01:22:10 - [MESSAGE][PASSED] - Object 'Object Repository/Journey/JourneyPortal/Product/toGetProductsCountInTheCart' is present

2021-01-08 01:22:10 - [MESSAGE][PASSED] - Scroll to object 'Object Repository/Journey/JourneyPortal/Product/openAnyProduct(index)' successfully

2021-01-08 01:22:11 - [MESSAGE][PASSED] - Object 'Object Repository/Journey/JourneyPortal/Product/openAnyProduct(index)' is present

2021-01-08 01:22:11 - [MESSAGE][PASSED] - Object 'Object Repository/Journey/JourneyPortal/Product/openAnyProduct(index)' is visible

2021-01-08 01:22:11 - [MESSAGE][PASSED] - Object 'Object Repository/Journey/JourneyPortal/Product/openAnyProduct(index)' is clickable

2021-01-08 01:22:12 - [MESSAGE][PASSED] - Object: 'Object Repository/Journey/JourneyPortal/Product/openAnyProduct(index)' is clicked on

2021-01-08 01:22:12 - [MESSAGE][PASSED] - pages.JourneyPortal.openAnyProductInTheJourneyPortal is PASSED

2021-01-08 01:22:12 - [TEST_STEP][PASSED] - orderCount = pages.JourneyPortal.clickAddToCartButton(): pages.JourneyPortal.clickAddToCartButton is PASSED

2021-01-08 01:22:12 - [MESSAGE][PASSED] - Object 'Object Repository/Journey/JourneyPortal/Product/AddToCart' is present

2021-01-08 01:22:13 - [MESSAGE][PASSED] - Object 'Object Repository/Journey/JourneyPortal/Product/AddToCart' is visible

2021-01-08 01:22:13 - [MESSAGE][PASSED] - Object 'Object Repository/Journey/JourneyPortal/Product/AddToCart' is clickable

2021-01-08 01:22:13 - [MESSAGE][PASSED] - Object: 'Object Repository/Journey/JourneyPortal/Product/AddToCart' is clicked on

2021-01-08 01:22:13 - [MESSAGE][PASSED] - Object 'Object Repository/Journey/JourneyPortal/Product/AddToCart' is present

2021-01-08 01:22:14 - [MESSAGE][PASSED] - Object 'Object Repository/Journey/JourneyPortal/Product/AddToCart' is visible

2021-01-08 01:22:14 - [MESSAGE][PASSED] - Object 'Object Repository/Journey/JourneyPortal/Product/AddToCart' is clickable

2021-01-08 01:22:14 - [MESSAGE][PASSED] - Object: 'Object Repository/Journey/JourneyPortal/Product/AddToCart' is clicked on

2021-01-08 01:22:15 - [MESSAGE][PASSED] - Object 'Object Repository/Journey/JourneyPortal/Product/AddToCart' is present

2021-01-08 01:22:15 - [MESSAGE][PASSED] - Object 'Object Repository/Journey/JourneyPortal/Product/AddToCart' is visible

2021-01-08 01:22:15 - [MESSAGE][PASSED] - Object 'Object Repository/Journey/JourneyPortal/Product/AddToCart' is clickable

2021-01-08 01:22:16 - [MESSAGE][PASSED] - Object: 'Object Repository/Journey/JourneyPortal/Product/AddToCart' is clicked on

2021-01-08 01:22:16 - [MESSAGE][PASSED] - Object 'Object Repository/Journey/JourneyPortal/Product/AddToCart' is present

2021-01-08 01:22:16 - [MESSAGE][PASSED] - Object 'Object Repository/Journey/JourneyPortal/Product/AddToCart' is visible

2021-01-08 01:22:16 - [MESSAGE][PASSED] - Object 'Object Repository/Journey/JourneyPortal/Product/AddToCart' is clickable

2021-01-08 01:22:17 - [MESSAGE][PASSED] - Object: 'Object Repository/Journey/JourneyPortal/Product/AddToCart' is clicked on

2021-01-08 01:22:17 - [MESSAGE][PASSED] - Object 'Object Repository/Journey/JourneyPortal/Product/AddToCart' is present

2021-01-08 01:22:17 - [MESSAGE][PASSED] - Object 'Object Repository/Journey/JourneyPortal/Product/AddToCart' is visible

2021-01-08 01:22:17 - [MESSAGE][PASSED] - Object 'Object Repository/Journey/JourneyPortal/Product/AddToCart' is clickable

2021-01-08 01:22:18 - [MESSAGE][PASSED] - Object: 'Object Repository/Journey/JourneyPortal/Product/AddToCart' is clicked on

2021-01-08 01:22:18 - [MESSAGE][PASSED] - Object 'Object Repository/Journey/JourneyPortal/Product/closeButton' is present

2021-01-08 01:22:18 - [MESSAGE][PASSED] - Object 'Object Repository/Journey/JourneyPortal/Product/closeButton' is visible

2021-01-08 01:22:19 - [MESSAGE][PASSED] - Object 'Object Repository/Journey/JourneyPortal/Product/closeButton' is clickable

2021-01-08 01:22:19 - [MESSAGE][PASSED] - Object: 'Object Repository/Journey/JourneyPortal/Product/closeButton' is clicked on

2021-01-08 01:22:19 - [MESSAGE][PASSED] - pages.JourneyPortal.clickAddToCartButton is PASSED

2021-01-08 01:22:19 - [TEST_STEP][PASSED] - login.LoginForJourneyApplication.reloadThePage(): login.LoginForJourneyApplication.reloadThePage is PASSED

2021-01-08 01:22:19 - [MESSAGE][PASSED] - login.LoginForJourneyApplication.reloadThePage is PASSED

2021-01-08 01:22:19 - [TEST_STEP][PASSED] - productCount = pages.JourneyPortal.getProductsCount(): pages.JourneyPortal.getProductsCount is PASSED

2021-01-08 01:22:20 - [MESSAGE][PASSED] - Attribute 'data-count' of object 'Object Repository/Journey/JourneyPortal/Product/toGetProductsCountInTheCart' is: '1'

2021-01-08 01:22:20 - [MESSAGE][PASSED] - pages.JourneyPortal.getProductsCount is PASSED

2021-01-08 01:22:20 - [TEST_STEP][FAILED] - pages.JourneyPortal.verifyWhetherOrderedAndAvailableProductsCountAreSame(orderCount, productCount): com.kms.katalon.core.exception.StepFailedException: you have selected 5 products , but you have only 1

2021-01-08 01:22:20 - [MESSAGE][FAILED] - you have selected 5 products , but you have only 1

2021-01-08 01:22:20 - [MESSAGE][FAILED] - com.kms.katalon.core.exception.StepFailedException: you have selected 5 products , but you have only 1]]></system-out>
         <system-err><![CDATA[2021-01-08 01:21:16 - [TEST_CASE][FAILED] - Test Cases/JourneyPortal/AddProductToCartMulitpleTimesAndVerifyTheProductsCountAfterRefresh: Test Cases/JourneyPortal/AddProductToCartMulitpleTimesAndVerifyTheProductsCountAfterRefresh FAILED.
Reason:
com.kms.katalon.core.exception.StepFailedException: you have selected 5 products , but you have only 1
	at com.kms.katalon.core.util.KeywordUtil.markFailed(KeywordUtil.java:19)
	at com.kms.katalon.core.util.KeywordUtil$markFailed$0.call(Unknown Source)
	at pages.JourneyPortal.verifyWhetherOrderedAndAvailableProductsCountAreSame(JourneyPortal.groovy:104)
	at pages.JourneyPortal.invokeMethod(JourneyPortal.groovy)
	at com.kms.katalon.core.main.CustomKeywordDelegatingMetaClass.invokeStaticMethod(CustomKeywordDelegatingMetaClass.java:50)
	at AddProductToCartMulitpleTimesAndVerifyTheProductsCountAfterRefresh.run(AddProductToCartMulitpleTimesAndVerifyTheProductsCountAfterRefresh:40)
	at com.kms.katalon.core.main.ScriptEngine.run(ScriptEngine.java:194)
	at com.kms.katalon.core.main.ScriptEngine.runScriptAsRawText(ScriptEngine.java:119)
	at com.kms.katalon.core.main.TestCaseExecutor.runScript(TestCaseExecutor.java:339)
	at com.kms.katalon.core.main.TestCaseExecutor.doExecute(TestCaseExecutor.java:330)
	at com.kms.katalon.core.main.TestCaseExecutor.processExecutionPhase(TestCaseExecutor.java:309)
	at com.kms.katalon.core.main.TestCaseExecutor.accessMainPhase(TestCaseExecutor.java:301)
	at com.kms.katalon.core.main.TestCaseExecutor.execute(TestCaseExecutor.java:235)
	at com.kms.katalon.core.main.TestSuiteExecutor.accessTestCaseMainPhase(TestSuiteExecutor.java:191)
	at com.kms.katalon.core.main.TestSuiteExecutor.accessTestSuiteMainPhase(TestSuiteExecutor.java:141)
	at com.kms.katalon.core.main.TestSuiteExecutor.execute(TestSuiteExecutor.java:90)
	at com.kms.katalon.core.main.TestCaseMain.startTestSuite(TestCaseMain.java:157)
	at com.kms.katalon.core.main.TestCaseMain$startTestSuite$0.call(Unknown Source)
	at TempTestSuite1610086803667.run(TempTestSuite1610086803667.groovy:39)]]></system-err>
      </testcase>
      <testcase name="Test Cases/JourneyPortal/loginToJourneyApplicationThroughAccessCodeAndVerifyTheDisplayPage" time="48.067" classname="Test Cases/JourneyPortal/loginToJourneyApplicationThroughAccessCodeAndVerifyTheDisplayPage" status="PASSED">
         <system-out><![CDATA[2021-01-08 01:22:20 - [TEST_CASE][PASSED] - Test Cases/JourneyPortal/loginToJourneyApplicationThroughAccessCodeAndVerifyTheDisplayPage: Test Cases/JourneyPortal/loginToJourneyApplicationThroughAccessCodeAndVerifyTheDisplayPage

2021-01-08 01:22:20 - [TEST_STEP][PASSED] - Start listener action : OpenWebSite: Object: 'Object Repository/Login Credentials/EnterButton' is clicked on

2021-01-08 01:22:20 - [TEST_STEP][PASSED] - openBrowser(""): Browser is opened with url: ''

2021-01-08 01:22:20 - [MESSAGE][WARNING] - A browser is already opened. Closing browser and opening a new one

2021-01-08 01:22:21 - [MESSAGE][INFO] - Starting 'Chrome' driver

2021-01-08 01:22:21 - [MESSAGE][INFO] - Action delay is set to 0 milliseconds

2021-01-08 01:22:24 - [MESSAGE][PASSED] - Browser is opened with url: ''

2021-01-08 01:22:24 - [TEST_STEP][PASSED] - maximizeWindow(): Current window maximized

2021-01-08 01:22:27 - [MESSAGE][PASSED] - Current window maximized

2021-01-08 01:22:27 - [TEST_STEP][PASSED] - navigateToUrl(Url): Navigate to 'https://dev-admin.modist.co/' successfully

2021-01-08 01:22:35 - [MESSAGE][PASSED] - Navigate to 'https://dev-admin.modist.co/' successfully

2021-01-08 01:22:35 - [TEST_STEP][PASSED] - loginPage.login(Email, Password): Object: 'Object Repository/Login Credentials/EnterButton' is clicked on

2021-01-08 01:22:36 - [MESSAGE][PASSED] - Object 'Object Repository/Login Credentials/Email' is present

2021-01-08 01:22:36 - [MESSAGE][PASSED] - Object 'Object Repository/Login Credentials/Email' is visible

2021-01-08 01:22:36 - [MESSAGE][PASSED] - Object 'Object Repository/Login Credentials/Email' is clickable

2021-01-08 01:22:36 - [MESSAGE][PASSED] - Text of object 'Object Repository/Login Credentials/Email' is cleared

2021-01-08 01:22:37 - [MESSAGE][PASSED] - Keys 'naresh.k@qualitlabs.com' sent to object: 'Object Repository/Login Credentials/Email'

2021-01-08 01:22:37 - [MESSAGE][PASSED] - Object 'Object Repository/Login Credentials/Password' is present

2021-01-08 01:22:37 - [MESSAGE][PASSED] - Object 'Object Repository/Login Credentials/Password' is visible

2021-01-08 01:22:38 - [MESSAGE][PASSED] - Object 'Object Repository/Login Credentials/Password' is clickable

2021-01-08 01:22:38 - [MESSAGE][PASSED] - Text of object 'Object Repository/Login Credentials/Password' is cleared

2021-01-08 01:22:38 - [MESSAGE][PASSED] - Keys 'Qualitlabs1?' sent to object: 'Object Repository/Login Credentials/Password'

2021-01-08 01:22:39 - [MESSAGE][PASSED] - Object 'Object Repository/Login Credentials/EnterButton' is present

2021-01-08 01:22:39 - [MESSAGE][PASSED] - Object 'Object Repository/Login Credentials/EnterButton' is visible

2021-01-08 01:22:39 - [MESSAGE][PASSED] - Object 'Object Repository/Login Credentials/EnterButton' is clickable

2021-01-08 01:22:39 - [MESSAGE][PASSED] - Object: 'Object Repository/Login Credentials/EnterButton' is clicked on

2021-01-08 01:22:40 - [TEST_STEP][PASSED] - pages.Journey.clickOnJourneyTab(): pages.Journey.clickOnJourneyTab is PASSED

2021-01-08 01:22:41 - [MESSAGE][PASSED] - Object 'Object Repository/Journey/Journeytab' is present

2021-01-08 01:22:42 - [MESSAGE][PASSED] - Object 'Object Repository/Journey/Journeytab' is visible

2021-01-08 01:22:42 - [MESSAGE][PASSED] - Object 'Object Repository/Journey/Journeytab' is clickable

2021-01-08 01:22:43 - [MESSAGE][PASSED] - Object: 'Object Repository/Journey/Journeytab' is clicked on

2021-01-08 01:22:43 - [MESSAGE][PASSED] - pages.Journey.clickOnJourneyTab is PASSED

2021-01-08 01:22:43 - [TEST_STEP][PASSED] - journeyName = pages.Journey.getRandomJourneyName(): pages.Journey.getRandomJourneyName is PASSED

2021-01-08 01:22:48 - [MESSAGE][PASSED] - Delayed 5 second(s)

2021-01-08 01:22:48 - [MESSAGE][PASSED] - Object 'Object Repository/Journey/toGetJourneysCount' is present

2021-01-08 01:22:49 - [MESSAGE][PASSED] - Text of object 'Object Repository/Journey/toPickrandomJourney(index)' is: 'journey 2'

2021-01-08 01:22:49 - [MESSAGE][PASSED] - pages.Journey.getRandomJourneyName is PASSED

2021-01-08 01:22:49 - [TEST_STEP][PASSED] - accessCode = pages.Journey.getExistingJourneyAccesscode(journeyName): pages.Journey.getExistingJourneyAccesscode is PASSED

2021-01-08 01:22:49 - [MESSAGE][PASSED] - Object 'Object Repository/Journey/journrySearchInput' is present

2021-01-08 01:22:49 - [MESSAGE][PASSED] - Object 'Object Repository/Journey/journrySearchInput' is visible

2021-01-08 01:22:49 - [MESSAGE][PASSED] - Object 'Object Repository/Journey/journrySearchInput' is clickable

2021-01-08 01:22:50 - [MESSAGE][PASSED] - Text of object 'Object Repository/Journey/journrySearchInput' is cleared

2021-01-08 01:22:50 - [MESSAGE][PASSED] - Keys 'journey 2' sent to object: 'Object Repository/Journey/journrySearchInput'

2021-01-08 01:22:51 - [MESSAGE][PASSED] - Object 'Object Repository/Journey/journrySearchInput' is present

2021-01-08 01:22:52 - [MESSAGE][PASSED] - Object 'Object Repository/Journey/journrySearchInput' is visible

2021-01-08 01:22:52 - [MESSAGE][PASSED] - Object 'Object Repository/Journey/journrySearchInput' is clickable

2021-01-08 01:22:53 - [MESSAGE][PASSED] - Text of object 'Object Repository/Journey/journrySearchInput' is cleared

2021-01-08 01:22:53 - [MESSAGE][PASSED] - Keys 'journey 2' sent to object: 'Object Repository/Journey/journrySearchInput'

2021-01-08 01:22:55 - [MESSAGE][PASSED] - Object 'Object Repository/Journey/clickVerifyingJourney(journeyName)' is present

2021-01-08 01:22:56 - [MESSAGE][PASSED] - Object 'Object Repository/Journey/clickVerifyingJourney(journeyName)' is visible

2021-01-08 01:22:56 - [MESSAGE][PASSED] - Object 'Object Repository/Journey/clickVerifyingJourney(journeyName)' is clickable

2021-01-08 01:22:56 - [MESSAGE][PASSED] - Object: 'Object Repository/Journey/clickVerifyingJourney(journeyName)' is clicked on

2021-01-08 01:22:58 - [MESSAGE][PASSED] - Scroll to object 'Object Repository/Journey/Current Access Codes/currentAccessCodeField' successfully

2021-01-08 01:22:58 - [MESSAGE][PASSED] - Object 'Object Repository/Journey/Current Access Codes/getAccessCodesCount' is present

2021-01-08 01:22:59 - [MESSAGE][PASSED] - Text of object 'Object Repository/Journey/Current Access Codes/getAccessCodeText(index)' is: 'ss1'

2021-01-08 01:22:59 - [MESSAGE][PASSED] - pages.Journey.getExistingJourneyAccesscode is PASSED

2021-01-08 01:22:59 - [TEST_STEP][PASSED] - login.LoginForJourneyApplication.loginToJourneyApplication(): login.LoginForJourneyApplication.loginToJourneyApplication is PASSED

2021-01-08 01:22:59 - [MESSAGE][PASSED] - Current window's index is: 0

2021-01-08 01:22:59 - [MESSAGE][PASSED] - Switched to window with index: '1'

2021-01-08 01:23:04 - [MESSAGE][PASSED] - Navigate to 'https://qualitlabs.dev.modist.co/' successfully

2021-01-08 01:23:04 - [MESSAGE][PASSED] - login.LoginForJourneyApplication.loginToJourneyApplication is PASSED

2021-01-08 01:23:04 - [TEST_STEP][PASSED] - pages.Journey.enterAccessCodeInJourney(accessCode): pages.Journey.enterAccessCodeInJourney is PASSED

2021-01-08 01:23:05 - [MESSAGE][PASSED] - Object 'Object Repository/Journey/JourneyPortal/enterAccessCode' is present

2021-01-08 01:23:06 - [MESSAGE][PASSED] - Object 'Object Repository/Journey/JourneyPortal/enterAccessCode' is visible

2021-01-08 01:23:06 - [MESSAGE][PASSED] - Object 'Object Repository/Journey/JourneyPortal/enterAccessCode' is clickable

2021-01-08 01:23:06 - [MESSAGE][PASSED] - Text of object 'Object Repository/Journey/JourneyPortal/enterAccessCode' is cleared

2021-01-08 01:23:06 - [MESSAGE][PASSED] - Keys 'ss1' sent to object: 'Object Repository/Journey/JourneyPortal/enterAccessCode'

2021-01-08 01:23:06 - [MESSAGE][PASSED] - pages.Journey.enterAccessCodeInJourney is PASSED

2021-01-08 01:23:06 - [TEST_STEP][PASSED] - pages.Journey.clickEnterButton(): pages.Journey.clickEnterButton is PASSED

2021-01-08 01:23:07 - [MESSAGE][PASSED] - Object 'Object Repository/Journey/JourneyPortal/EnterButton' is present

2021-01-08 01:23:07 - [MESSAGE][PASSED] - Object 'Object Repository/Journey/JourneyPortal/EnterButton' is visible

2021-01-08 01:23:07 - [MESSAGE][PASSED] - Object 'Object Repository/Journey/JourneyPortal/EnterButton' is clickable

2021-01-08 01:23:08 - [MESSAGE][PASSED] - Object: 'Object Repository/Journey/JourneyPortal/EnterButton' is clicked on

2021-01-08 01:23:08 - [MESSAGE][PASSED] - pages.Journey.clickEnterButton is PASSED

2021-01-08 01:23:08 - [TEST_STEP][PASSED] - pages.Journey.sectionPageVerification(): pages.Journey.sectionPageVerification is PASSED

2021-01-08 01:23:08 - [MESSAGE][PASSED] - Object 'Object Repository/Journey/JourneyPortal/Section/sectionPage' is present

2021-01-08 01:23:08 - [MESSAGE][PASSED] - pages.Journey.sectionPageVerification is PASSED]]></system-out>
         <system-err><![CDATA[]]></system-err>
      </testcase>
      <testcase name="Test Cases/JourneyPortal/loginToJourneyApplicationThroughInvalidAccessCodeAndVerifyTheErrorMessage" time="43.271" classname="Test Cases/JourneyPortal/loginToJourneyApplicationThroughInvalidAccessCodeAndVerifyTheErrorMessage" status="PASSED">
         <system-out><![CDATA[2021-01-08 01:23:08 - [TEST_CASE][PASSED] - Test Cases/JourneyPortal/loginToJourneyApplicationThroughInvalidAccessCodeAndVerifyTheErrorMessage: Test Cases/JourneyPortal/loginToJourneyApplicationThroughInvalidAccessCodeAndVerifyTheErrorMessage

2021-01-08 01:23:08 - [TEST_STEP][PASSED] - Start listener action : OpenWebSite: Object: 'Object Repository/Login Credentials/EnterButton' is clicked on

2021-01-08 01:23:08 - [TEST_STEP][PASSED] - openBrowser(""): Browser is opened with url: ''

2021-01-08 01:23:08 - [MESSAGE][WARNING] - A browser is already opened. Closing browser and opening a new one

2021-01-08 01:23:09 - [MESSAGE][INFO] - Starting 'Chrome' driver

2021-01-08 01:23:09 - [MESSAGE][INFO] - Action delay is set to 0 milliseconds

2021-01-08 01:23:12 - [MESSAGE][PASSED] - Browser is opened with url: ''

2021-01-08 01:23:12 - [TEST_STEP][PASSED] - maximizeWindow(): Current window maximized

2021-01-08 01:23:15 - [MESSAGE][PASSED] - Current window maximized

2021-01-08 01:23:15 - [TEST_STEP][PASSED] - navigateToUrl(Url): Navigate to 'https://dev-admin.modist.co/' successfully

2021-01-08 01:23:21 - [MESSAGE][PASSED] - Navigate to 'https://dev-admin.modist.co/' successfully

2021-01-08 01:23:21 - [TEST_STEP][PASSED] - loginPage.login(Email, Password): Object: 'Object Repository/Login Credentials/EnterButton' is clicked on

2021-01-08 01:23:21 - [MESSAGE][PASSED] - Object 'Object Repository/Login Credentials/Email' is present

2021-01-08 01:23:22 - [MESSAGE][PASSED] - Object 'Object Repository/Login Credentials/Email' is visible

2021-01-08 01:23:22 - [MESSAGE][PASSED] - Object 'Object Repository/Login Credentials/Email' is clickable

2021-01-08 01:23:22 - [MESSAGE][PASSED] - Text of object 'Object Repository/Login Credentials/Email' is cleared

2021-01-08 01:23:23 - [MESSAGE][PASSED] - Keys 'naresh.k@qualitlabs.com' sent to object: 'Object Repository/Login Credentials/Email'

2021-01-08 01:23:23 - [MESSAGE][PASSED] - Object 'Object Repository/Login Credentials/Password' is present

2021-01-08 01:23:23 - [MESSAGE][PASSED] - Object 'Object Repository/Login Credentials/Password' is visible

2021-01-08 01:23:24 - [MESSAGE][PASSED] - Object 'Object Repository/Login Credentials/Password' is clickable

2021-01-08 01:23:24 - [MESSAGE][PASSED] - Text of object 'Object Repository/Login Credentials/Password' is cleared

2021-01-08 01:23:24 - [MESSAGE][PASSED] - Keys 'Qualitlabs1?' sent to object: 'Object Repository/Login Credentials/Password'

2021-01-08 01:23:24 - [MESSAGE][PASSED] - Object 'Object Repository/Login Credentials/EnterButton' is present

2021-01-08 01:23:25 - [MESSAGE][PASSED] - Object 'Object Repository/Login Credentials/EnterButton' is visible

2021-01-08 01:23:25 - [MESSAGE][PASSED] - Object 'Object Repository/Login Credentials/EnterButton' is clickable

2021-01-08 01:23:25 - [MESSAGE][PASSED] - Object: 'Object Repository/Login Credentials/EnterButton' is clicked on

2021-01-08 01:23:25 - [TEST_STEP][PASSED] - pages.Journey.clickOnJourneyTab(): pages.Journey.clickOnJourneyTab is PASSED

2021-01-08 01:23:27 - [MESSAGE][PASSED] - Object 'Object Repository/Journey/Journeytab' is present

2021-01-08 01:23:27 - [MESSAGE][PASSED] - Object 'Object Repository/Journey/Journeytab' is visible

2021-01-08 01:23:28 - [MESSAGE][PASSED] - Object 'Object Repository/Journey/Journeytab' is clickable

2021-01-08 01:23:28 - [MESSAGE][PASSED] - Object: 'Object Repository/Journey/Journeytab' is clicked on

2021-01-08 01:23:28 - [MESSAGE][PASSED] - pages.Journey.clickOnJourneyTab is PASSED

2021-01-08 01:23:28 - [TEST_STEP][PASSED] - journeyName = pages.Journey.getRandomJourneyName(): pages.Journey.getRandomJourneyName is PASSED

2021-01-08 01:23:33 - [MESSAGE][PASSED] - Delayed 5 second(s)

2021-01-08 01:23:34 - [MESSAGE][PASSED] - Object 'Object Repository/Journey/toGetJourneysCount' is present

2021-01-08 01:23:34 - [MESSAGE][PASSED] - Text of object 'Object Repository/Journey/toPickrandomJourney(index)' is: 'KJO'

2021-01-08 01:23:34 - [MESSAGE][PASSED] - pages.Journey.getRandomJourneyName is PASSED

2021-01-08 01:23:34 - [TEST_STEP][PASSED] - accessCode = pages.Journey.getExistingJourneyAccesscode(journeyName): pages.Journey.getExistingJourneyAccesscode is PASSED

2021-01-08 01:23:34 - [MESSAGE][PASSED] - Object 'Object Repository/Journey/journrySearchInput' is present

2021-01-08 01:23:35 - [MESSAGE][PASSED] - Object 'Object Repository/Journey/journrySearchInput' is visible

2021-01-08 01:23:35 - [MESSAGE][PASSED] - Object 'Object Repository/Journey/journrySearchInput' is clickable

2021-01-08 01:23:35 - [MESSAGE][PASSED] - Text of object 'Object Repository/Journey/journrySearchInput' is cleared

2021-01-08 01:23:36 - [MESSAGE][PASSED] - Keys 'KJO' sent to object: 'Object Repository/Journey/journrySearchInput'

2021-01-08 01:23:36 - [MESSAGE][PASSED] - Object 'Object Repository/Journey/journrySearchInput' is present

2021-01-08 01:23:37 - [MESSAGE][PASSED] - Object 'Object Repository/Journey/journrySearchInput' is visible

2021-01-08 01:23:37 - [MESSAGE][PASSED] - Object 'Object Repository/Journey/journrySearchInput' is clickable

2021-01-08 01:23:38 - [MESSAGE][PASSED] - Text of object 'Object Repository/Journey/journrySearchInput' is cleared

2021-01-08 01:23:38 - [MESSAGE][PASSED] - Keys 'KJO' sent to object: 'Object Repository/Journey/journrySearchInput'

2021-01-08 01:23:39 - [MESSAGE][PASSED] - Object 'Object Repository/Journey/clickVerifyingJourney(journeyName)' is present

2021-01-08 01:23:40 - [MESSAGE][PASSED] - Object 'Object Repository/Journey/clickVerifyingJourney(journeyName)' is visible

2021-01-08 01:23:40 - [MESSAGE][PASSED] - Object 'Object Repository/Journey/clickVerifyingJourney(journeyName)' is clickable

2021-01-08 01:23:40 - [MESSAGE][PASSED] - Object: 'Object Repository/Journey/clickVerifyingJourney(journeyName)' is clicked on

2021-01-08 01:23:42 - [MESSAGE][PASSED] - Scroll to object 'Object Repository/Journey/Current Access Codes/currentAccessCodeField' successfully

2021-01-08 01:23:43 - [MESSAGE][PASSED] - Object 'Object Repository/Journey/Current Access Codes/getAccessCodesCount' is present

2021-01-08 01:23:43 - [MESSAGE][PASSED] - Text of object 'Object Repository/Journey/Current Access Codes/getAccessCodeText(index)' is: 'k111'

2021-01-08 01:23:43 - [MESSAGE][PASSED] - pages.Journey.getExistingJourneyAccesscode is PASSED

2021-01-08 01:23:43 - [TEST_STEP][PASSED] - accessCode = accessCode + pages.Journey.getRandomCount(): pages.Journey.getRandomCount is PASSED

2021-01-08 01:23:43 - [MESSAGE][PASSED] - pages.Journey.getRandomCount is PASSED

2021-01-08 01:23:43 - [TEST_STEP][PASSED] - login.LoginForJourneyApplication.loginToJourneyApplication(): login.LoginForJourneyApplication.loginToJourneyApplication is PASSED

2021-01-08 01:23:43 - [MESSAGE][PASSED] - Current window's index is: 0

2021-01-08 01:23:43 - [MESSAGE][PASSED] - Switched to window with index: '1'

2021-01-08 01:23:48 - [MESSAGE][PASSED] - Navigate to 'https://qualitlabs.dev.modist.co/' successfully

2021-01-08 01:23:48 - [MESSAGE][PASSED] - login.LoginForJourneyApplication.loginToJourneyApplication is PASSED

2021-01-08 01:23:48 - [TEST_STEP][PASSED] - pages.Journey.enterAccessCodeInJourney(accessCode): pages.Journey.enterAccessCodeInJourney is PASSED

2021-01-08 01:23:49 - [MESSAGE][PASSED] - Object 'Object Repository/Journey/JourneyPortal/enterAccessCode' is present

2021-01-08 01:23:49 - [MESSAGE][PASSED] - Object 'Object Repository/Journey/JourneyPortal/enterAccessCode' is visible

2021-01-08 01:23:49 - [MESSAGE][PASSED] - Object 'Object Repository/Journey/JourneyPortal/enterAccessCode' is clickable

2021-01-08 01:23:49 - [MESSAGE][PASSED] - Text of object 'Object Repository/Journey/JourneyPortal/enterAccessCode' is cleared

2021-01-08 01:23:50 - [MESSAGE][PASSED] - Keys 'k1110' sent to object: 'Object Repository/Journey/JourneyPortal/enterAccessCode'

2021-01-08 01:23:50 - [MESSAGE][PASSED] - pages.Journey.enterAccessCodeInJourney is PASSED

2021-01-08 01:23:50 - [TEST_STEP][PASSED] - pages.Journey.clickEnterButton(): pages.Journey.clickEnterButton is PASSED

2021-01-08 01:23:50 - [MESSAGE][PASSED] - Object 'Object Repository/Journey/JourneyPortal/EnterButton' is present

2021-01-08 01:23:50 - [MESSAGE][PASSED] - Object 'Object Repository/Journey/JourneyPortal/EnterButton' is visible

2021-01-08 01:23:51 - [MESSAGE][PASSED] - Object 'Object Repository/Journey/JourneyPortal/EnterButton' is clickable

2021-01-08 01:23:51 - [MESSAGE][PASSED] - Object: 'Object Repository/Journey/JourneyPortal/EnterButton' is clicked on

2021-01-08 01:23:51 - [MESSAGE][PASSED] - pages.Journey.clickEnterButton is PASSED

2021-01-08 01:23:51 - [TEST_STEP][PASSED] - pages.Journey.errorLoginCheck(): pages.Journey.errorLoginCheck is PASSED

2021-01-08 01:23:52 - [MESSAGE][PASSED] - Object 'Object Repository/Journey/JourneyPortal/warningMessageForInvalidAccessCode' is present

2021-01-08 01:23:52 - [MESSAGE][PASSED] - pages.Journey.errorLoginCheck is PASSED]]></system-out>
         <system-err><![CDATA[]]></system-err>
      </testcase>
      <testcase name="Test Cases/JourneyPortal/loginToJourneyApplicationWithEmptyAccessCode" time="42.779" classname="Test Cases/JourneyPortal/loginToJourneyApplicationWithEmptyAccessCode" status="PASSED">
         <system-out><![CDATA[2021-01-08 01:23:52 - [TEST_CASE][PASSED] - Test Cases/JourneyPortal/loginToJourneyApplicationWithEmptyAccessCode: Test Cases/JourneyPortal/loginToJourneyApplicationWithEmptyAccessCode

2021-01-08 01:23:52 - [TEST_STEP][PASSED] - Start listener action : OpenWebSite: Object: 'Object Repository/Login Credentials/EnterButton' is clicked on

2021-01-08 01:23:52 - [TEST_STEP][PASSED] - openBrowser(""): Browser is opened with url: ''

2021-01-08 01:23:52 - [MESSAGE][WARNING] - A browser is already opened. Closing browser and opening a new one

2021-01-08 01:23:52 - [MESSAGE][INFO] - Starting 'Chrome' driver

2021-01-08 01:23:52 - [MESSAGE][INFO] - Action delay is set to 0 milliseconds

2021-01-08 01:23:56 - [MESSAGE][PASSED] - Browser is opened with url: ''

2021-01-08 01:23:56 - [TEST_STEP][PASSED] - maximizeWindow(): Current window maximized

2021-01-08 01:23:58 - [MESSAGE][PASSED] - Current window maximized

2021-01-08 01:23:58 - [TEST_STEP][PASSED] - navigateToUrl(Url): Navigate to 'https://dev-admin.modist.co/' successfully

2021-01-08 01:24:06 - [MESSAGE][PASSED] - Navigate to 'https://dev-admin.modist.co/' successfully

2021-01-08 01:24:06 - [TEST_STEP][PASSED] - loginPage.login(Email, Password): Object: 'Object Repository/Login Credentials/EnterButton' is clicked on

2021-01-08 01:24:06 - [MESSAGE][PASSED] - Object 'Object Repository/Login Credentials/Email' is present

2021-01-08 01:24:07 - [MESSAGE][PASSED] - Object 'Object Repository/Login Credentials/Email' is visible

2021-01-08 01:24:07 - [MESSAGE][PASSED] - Object 'Object Repository/Login Credentials/Email' is clickable

2021-01-08 01:24:07 - [MESSAGE][PASSED] - Text of object 'Object Repository/Login Credentials/Email' is cleared

2021-01-08 01:24:08 - [MESSAGE][PASSED] - Keys 'naresh.k@qualitlabs.com' sent to object: 'Object Repository/Login Credentials/Email'

2021-01-08 01:24:08 - [MESSAGE][PASSED] - Object 'Object Repository/Login Credentials/Password' is present

2021-01-08 01:24:08 - [MESSAGE][PASSED] - Object 'Object Repository/Login Credentials/Password' is visible

2021-01-08 01:24:08 - [MESSAGE][PASSED] - Object 'Object Repository/Login Credentials/Password' is clickable

2021-01-08 01:24:09 - [MESSAGE][PASSED] - Text of object 'Object Repository/Login Credentials/Password' is cleared

2021-01-08 01:24:09 - [MESSAGE][PASSED] - Keys 'Qualitlabs1?' sent to object: 'Object Repository/Login Credentials/Password'

2021-01-08 01:24:09 - [MESSAGE][PASSED] - Object 'Object Repository/Login Credentials/EnterButton' is present

2021-01-08 01:24:10 - [MESSAGE][PASSED] - Object 'Object Repository/Login Credentials/EnterButton' is visible

2021-01-08 01:24:10 - [MESSAGE][PASSED] - Object 'Object Repository/Login Credentials/EnterButton' is clickable

2021-01-08 01:24:10 - [MESSAGE][PASSED] - Object: 'Object Repository/Login Credentials/EnterButton' is clicked on

2021-01-08 01:24:10 - [TEST_STEP][PASSED] - pages.Journey.clickOnJourneyTab(): pages.Journey.clickOnJourneyTab is PASSED

2021-01-08 01:24:12 - [MESSAGE][PASSED] - Object 'Object Repository/Journey/Journeytab' is present

2021-01-08 01:24:12 - [MESSAGE][PASSED] - Object 'Object Repository/Journey/Journeytab' is visible

2021-01-08 01:24:13 - [MESSAGE][PASSED] - Object 'Object Repository/Journey/Journeytab' is clickable

2021-01-08 01:24:13 - [MESSAGE][PASSED] - Object: 'Object Repository/Journey/Journeytab' is clicked on

2021-01-08 01:24:13 - [MESSAGE][PASSED] - pages.Journey.clickOnJourneyTab is PASSED

2021-01-08 01:24:13 - [TEST_STEP][PASSED] - journeyName = pages.Journey.getRandomJourneyName(): pages.Journey.getRandomJourneyName is PASSED

2021-01-08 01:24:18 - [MESSAGE][PASSED] - Delayed 5 second(s)

2021-01-08 01:24:18 - [MESSAGE][PASSED] - Object 'Object Repository/Journey/toGetJourneysCount' is present

2021-01-08 01:24:19 - [MESSAGE][PASSED] - Text of object 'Object Repository/Journey/toPickrandomJourney(index)' is: 'JO3'

2021-01-08 01:24:19 - [MESSAGE][PASSED] - pages.Journey.getRandomJourneyName is PASSED

2021-01-08 01:24:19 - [TEST_STEP][PASSED] - accessCode = pages.Journey.getExistingJourneyAccesscode(journeyName): pages.Journey.getExistingJourneyAccesscode is PASSED

2021-01-08 01:24:19 - [MESSAGE][PASSED] - Object 'Object Repository/Journey/journrySearchInput' is present

2021-01-08 01:24:20 - [MESSAGE][PASSED] - Object 'Object Repository/Journey/journrySearchInput' is visible

2021-01-08 01:24:20 - [MESSAGE][PASSED] - Object 'Object Repository/Journey/journrySearchInput' is clickable

2021-01-08 01:24:20 - [MESSAGE][PASSED] - Text of object 'Object Repository/Journey/journrySearchInput' is cleared

2021-01-08 01:24:21 - [MESSAGE][PASSED] - Keys 'JO3' sent to object: 'Object Repository/Journey/journrySearchInput'

2021-01-08 01:24:21 - [MESSAGE][PASSED] - Object 'Object Repository/Journey/journrySearchInput' is present

2021-01-08 01:24:22 - [MESSAGE][PASSED] - Object 'Object Repository/Journey/journrySearchInput' is visible

2021-01-08 01:24:22 - [MESSAGE][PASSED] - Object 'Object Repository/Journey/journrySearchInput' is clickable

2021-01-08 01:24:23 - [MESSAGE][PASSED] - Text of object 'Object Repository/Journey/journrySearchInput' is cleared

2021-01-08 01:24:23 - [MESSAGE][PASSED] - Keys 'JO3' sent to object: 'Object Repository/Journey/journrySearchInput'

2021-01-08 01:24:24 - [MESSAGE][PASSED] - Object 'Object Repository/Journey/clickVerifyingJourney(journeyName)' is present

2021-01-08 01:24:25 - [MESSAGE][PASSED] - Object 'Object Repository/Journey/clickVerifyingJourney(journeyName)' is visible

2021-01-08 01:24:25 - [MESSAGE][PASSED] - Object 'Object Repository/Journey/clickVerifyingJourney(journeyName)' is clickable

2021-01-08 01:24:25 - [MESSAGE][PASSED] - Object: 'Object Repository/Journey/clickVerifyingJourney(journeyName)' is clicked on

2021-01-08 01:24:27 - [MESSAGE][PASSED] - Scroll to object 'Object Repository/Journey/Current Access Codes/currentAccessCodeField' successfully

2021-01-08 01:24:27 - [MESSAGE][PASSED] - Object 'Object Repository/Journey/Current Access Codes/getAccessCodesCount' is present

2021-01-08 01:24:28 - [MESSAGE][PASSED] - Text of object 'Object Repository/Journey/Current Access Codes/getAccessCodeText(index)' is: 'access6'

2021-01-08 01:24:28 - [MESSAGE][PASSED] - pages.Journey.getExistingJourneyAccesscode is PASSED

2021-01-08 01:24:28 - [TEST_STEP][PASSED] - login.LoginForJourneyApplication.loginToJourneyApplication(): login.LoginForJourneyApplication.loginToJourneyApplication is PASSED

2021-01-08 01:24:28 - [MESSAGE][PASSED] - Current window's index is: 0

2021-01-08 01:24:28 - [MESSAGE][PASSED] - Switched to window with index: '1'

2021-01-08 01:24:32 - [MESSAGE][PASSED] - Navigate to 'https://qualitlabs.dev.modist.co/' successfully

2021-01-08 01:24:32 - [MESSAGE][PASSED] - login.LoginForJourneyApplication.loginToJourneyApplication is PASSED

2021-01-08 01:24:32 - [TEST_STEP][PASSED] - pages.Journey.clickEnterButton(): pages.Journey.clickEnterButton is PASSED

2021-01-08 01:24:33 - [MESSAGE][PASSED] - Object 'Object Repository/Journey/JourneyPortal/EnterButton' is present

2021-01-08 01:24:33 - [MESSAGE][PASSED] - Object 'Object Repository/Journey/JourneyPortal/EnterButton' is visible

2021-01-08 01:24:33 - [MESSAGE][PASSED] - Object 'Object Repository/Journey/JourneyPortal/EnterButton' is clickable

2021-01-08 01:24:34 - [MESSAGE][PASSED] - Object: 'Object Repository/Journey/JourneyPortal/EnterButton' is clicked on

2021-01-08 01:24:34 - [MESSAGE][PASSED] - pages.Journey.clickEnterButton is PASSED

2021-01-08 01:24:34 - [TEST_STEP][PASSED] - pages.Journey.errorLoginCheck(): pages.Journey.errorLoginCheck is PASSED

2021-01-08 01:24:35 - [MESSAGE][PASSED] - Object 'Object Repository/Journey/JourneyPortal/warningMessageForInvalidAccessCode' is present

2021-01-08 01:24:35 - [MESSAGE][PASSED] - pages.Journey.errorLoginCheck is PASSED]]></system-out>
         <system-err><![CDATA[]]></system-err>
      </testcase>
      <testcase name="Test Cases/JourneyPortal/verifyCartIfNoItemsAvailable" time="45.455" classname="Test Cases/JourneyPortal/verifyCartIfNoItemsAvailable" status="PASSED">
         <system-out><![CDATA[2021-01-08 01:24:35 - [TEST_CASE][PASSED] - Test Cases/JourneyPortal/verifyCartIfNoItemsAvailable: Test Cases/JourneyPortal/verifyCartIfNoItemsAvailable

2021-01-08 01:24:35 - [TEST_STEP][PASSED] - Start listener action : OpenWebSite: Object: 'Object Repository/Login Credentials/EnterButton' is clicked on

2021-01-08 01:24:35 - [TEST_STEP][PASSED] - openBrowser(""): Browser is opened with url: ''

2021-01-08 01:24:35 - [MESSAGE][WARNING] - A browser is already opened. Closing browser and opening a new one

2021-01-08 01:24:35 - [MESSAGE][INFO] - Starting 'Chrome' driver

2021-01-08 01:24:35 - [MESSAGE][INFO] - Action delay is set to 0 milliseconds

2021-01-08 01:24:39 - [MESSAGE][PASSED] - Browser is opened with url: ''

2021-01-08 01:24:39 - [TEST_STEP][PASSED] - maximizeWindow(): Current window maximized

2021-01-08 01:24:41 - [MESSAGE][PASSED] - Current window maximized

2021-01-08 01:24:41 - [TEST_STEP][PASSED] - navigateToUrl(Url): Navigate to 'https://dev-admin.modist.co/' successfully

2021-01-08 01:24:48 - [MESSAGE][PASSED] - Navigate to 'https://dev-admin.modist.co/' successfully

2021-01-08 01:24:48 - [TEST_STEP][PASSED] - loginPage.login(Email, Password): Object: 'Object Repository/Login Credentials/EnterButton' is clicked on

2021-01-08 01:24:49 - [MESSAGE][PASSED] - Object 'Object Repository/Login Credentials/Email' is present

2021-01-08 01:24:49 - [MESSAGE][PASSED] - Object 'Object Repository/Login Credentials/Email' is visible

2021-01-08 01:24:49 - [MESSAGE][PASSED] - Object 'Object Repository/Login Credentials/Email' is clickable

2021-01-08 01:24:49 - [MESSAGE][PASSED] - Text of object 'Object Repository/Login Credentials/Email' is cleared

2021-01-08 01:24:50 - [MESSAGE][PASSED] - Keys 'naresh.k@qualitlabs.com' sent to object: 'Object Repository/Login Credentials/Email'

2021-01-08 01:24:50 - [MESSAGE][PASSED] - Object 'Object Repository/Login Credentials/Password' is present

2021-01-08 01:24:50 - [MESSAGE][PASSED] - Object 'Object Repository/Login Credentials/Password' is visible

2021-01-08 01:24:51 - [MESSAGE][PASSED] - Object 'Object Repository/Login Credentials/Password' is clickable

2021-01-08 01:24:51 - [MESSAGE][PASSED] - Text of object 'Object Repository/Login Credentials/Password' is cleared

2021-01-08 01:24:51 - [MESSAGE][PASSED] - Keys 'Qualitlabs1?' sent to object: 'Object Repository/Login Credentials/Password'

2021-01-08 01:24:51 - [MESSAGE][PASSED] - Object 'Object Repository/Login Credentials/EnterButton' is present

2021-01-08 01:24:52 - [MESSAGE][PASSED] - Object 'Object Repository/Login Credentials/EnterButton' is visible

2021-01-08 01:24:52 - [MESSAGE][PASSED] - Object 'Object Repository/Login Credentials/EnterButton' is clickable

2021-01-08 01:24:52 - [MESSAGE][PASSED] - Object: 'Object Repository/Login Credentials/EnterButton' is clicked on

2021-01-08 01:24:52 - [TEST_STEP][PASSED] - pages.Journey.clickOnJourneyTab(): pages.Journey.clickOnJourneyTab is PASSED

2021-01-08 01:24:54 - [MESSAGE][PASSED] - Object 'Object Repository/Journey/Journeytab' is present

2021-01-08 01:24:54 - [MESSAGE][PASSED] - Object 'Object Repository/Journey/Journeytab' is visible

2021-01-08 01:24:55 - [MESSAGE][PASSED] - Object 'Object Repository/Journey/Journeytab' is clickable

2021-01-08 01:24:55 - [MESSAGE][PASSED] - Object: 'Object Repository/Journey/Journeytab' is clicked on

2021-01-08 01:24:55 - [MESSAGE][PASSED] - pages.Journey.clickOnJourneyTab is PASSED

2021-01-08 01:24:55 - [TEST_STEP][PASSED] - journeyName = pages.Journey.getRandomJourneyName(): pages.Journey.getRandomJourneyName is PASSED

2021-01-08 01:25:00 - [MESSAGE][PASSED] - Delayed 5 second(s)

2021-01-08 01:25:01 - [MESSAGE][PASSED] - Object 'Object Repository/Journey/toGetJourneysCount' is present

2021-01-08 01:25:01 - [MESSAGE][PASSED] - Text of object 'Object Repository/Journey/toPickrandomJourney(index)' is: 'JO3'

2021-01-08 01:25:01 - [MESSAGE][PASSED] - pages.Journey.getRandomJourneyName is PASSED

2021-01-08 01:25:01 - [TEST_STEP][PASSED] - accessCode = pages.Journey.getExistingJourneyAccesscode(journeyName): pages.Journey.getExistingJourneyAccesscode is PASSED

2021-01-08 01:25:02 - [MESSAGE][PASSED] - Object 'Object Repository/Journey/journrySearchInput' is present

2021-01-08 01:25:02 - [MESSAGE][PASSED] - Object 'Object Repository/Journey/journrySearchInput' is visible

2021-01-08 01:25:02 - [MESSAGE][PASSED] - Object 'Object Repository/Journey/journrySearchInput' is clickable

2021-01-08 01:25:02 - [MESSAGE][PASSED] - Text of object 'Object Repository/Journey/journrySearchInput' is cleared

2021-01-08 01:25:03 - [MESSAGE][PASSED] - Keys 'JO3' sent to object: 'Object Repository/Journey/journrySearchInput'

2021-01-08 01:25:03 - [MESSAGE][PASSED] - Object 'Object Repository/Journey/journrySearchInput' is present

2021-01-08 01:25:04 - [MESSAGE][PASSED] - Object 'Object Repository/Journey/journrySearchInput' is visible

2021-01-08 01:25:04 - [MESSAGE][PASSED] - Object 'Object Repository/Journey/journrySearchInput' is clickable

2021-01-08 01:25:05 - [MESSAGE][PASSED] - Text of object 'Object Repository/Journey/journrySearchInput' is cleared

2021-01-08 01:25:05 - [MESSAGE][PASSED] - Keys 'JO3' sent to object: 'Object Repository/Journey/journrySearchInput'

2021-01-08 01:25:07 - [MESSAGE][PASSED] - Object 'Object Repository/Journey/clickVerifyingJourney(journeyName)' is present

2021-01-08 01:25:07 - [MESSAGE][PASSED] - Object 'Object Repository/Journey/clickVerifyingJourney(journeyName)' is visible

2021-01-08 01:25:07 - [MESSAGE][PASSED] - Object 'Object Repository/Journey/clickVerifyingJourney(journeyName)' is clickable

2021-01-08 01:25:07 - [MESSAGE][PASSED] - Object: 'Object Repository/Journey/clickVerifyingJourney(journeyName)' is clicked on

2021-01-08 01:25:09 - [MESSAGE][PASSED] - Scroll to object 'Object Repository/Journey/Current Access Codes/currentAccessCodeField' successfully

2021-01-08 01:25:09 - [MESSAGE][PASSED] - Object 'Object Repository/Journey/Current Access Codes/getAccessCodesCount' is present

2021-01-08 01:25:10 - [MESSAGE][PASSED] - Text of object 'Object Repository/Journey/Current Access Codes/getAccessCodeText(index)' is: 'access6'

2021-01-08 01:25:10 - [MESSAGE][PASSED] - pages.Journey.getExistingJourneyAccesscode is PASSED

2021-01-08 01:25:10 - [TEST_STEP][PASSED] - login.LoginForJourneyApplication.loginToJourneyApplication(): login.LoginForJourneyApplication.loginToJourneyApplication is PASSED

2021-01-08 01:25:10 - [MESSAGE][PASSED] - Current window's index is: 0

2021-01-08 01:25:10 - [MESSAGE][PASSED] - Switched to window with index: '1'

2021-01-08 01:25:14 - [MESSAGE][PASSED] - Navigate to 'https://qualitlabs.dev.modist.co/' successfully

2021-01-08 01:25:14 - [MESSAGE][PASSED] - login.LoginForJourneyApplication.loginToJourneyApplication is PASSED

2021-01-08 01:25:14 - [TEST_STEP][PASSED] - pages.Journey.enterAccessCodeInJourney(accessCode): pages.Journey.enterAccessCodeInJourney is PASSED

2021-01-08 01:25:15 - [MESSAGE][PASSED] - Object 'Object Repository/Journey/JourneyPortal/enterAccessCode' is present

2021-01-08 01:25:15 - [MESSAGE][PASSED] - Object 'Object Repository/Journey/JourneyPortal/enterAccessCode' is visible

2021-01-08 01:25:16 - [MESSAGE][PASSED] - Object 'Object Repository/Journey/JourneyPortal/enterAccessCode' is clickable

2021-01-08 01:25:16 - [MESSAGE][PASSED] - Text of object 'Object Repository/Journey/JourneyPortal/enterAccessCode' is cleared

2021-01-08 01:25:16 - [MESSAGE][PASSED] - Keys 'access6' sent to object: 'Object Repository/Journey/JourneyPortal/enterAccessCode'

2021-01-08 01:25:16 - [MESSAGE][PASSED] - pages.Journey.enterAccessCodeInJourney is PASSED

2021-01-08 01:25:16 - [TEST_STEP][PASSED] - pages.Journey.clickEnterButton(): pages.Journey.clickEnterButton is PASSED

2021-01-08 01:25:17 - [MESSAGE][PASSED] - Object 'Object Repository/Journey/JourneyPortal/EnterButton' is present

2021-01-08 01:25:17 - [MESSAGE][PASSED] - Object 'Object Repository/Journey/JourneyPortal/EnterButton' is visible

2021-01-08 01:25:17 - [MESSAGE][PASSED] - Object 'Object Repository/Journey/JourneyPortal/EnterButton' is clickable

2021-01-08 01:25:17 - [MESSAGE][PASSED] - Object: 'Object Repository/Journey/JourneyPortal/EnterButton' is clicked on

2021-01-08 01:25:17 - [MESSAGE][PASSED] - pages.Journey.clickEnterButton is PASSED

2021-01-08 01:25:17 - [TEST_STEP][PASSED] - pages.JourneyPortal.clickOnCart(): pages.JourneyPortal.clickOnCart is PASSED

2021-01-08 01:25:18 - [MESSAGE][PASSED] - Object 'Object Repository/Journey/JourneyPortal/Product/Cart' is present

2021-01-08 01:25:19 - [MESSAGE][PASSED] - Object 'Object Repository/Journey/JourneyPortal/Product/Cart' is visible

2021-01-08 01:25:19 - [MESSAGE][PASSED] - Object 'Object Repository/Journey/JourneyPortal/Product/Cart' is clickable

2021-01-08 01:25:20 - [MESSAGE][PASSED] - Object: 'Object Repository/Journey/JourneyPortal/Product/Cart' is clicked on

2021-01-08 01:25:20 - [MESSAGE][PASSED] - pages.JourneyPortal.clickOnCart is PASSED

2021-01-08 01:25:20 - [TEST_STEP][PASSED] - pages.JourneyPortal.verifyElementOnCartIfNoItems(): pages.JourneyPortal.verifyElementOnCartIfNoItems is PASSED

2021-01-08 01:25:20 - [MESSAGE][PASSED] - Object 'Object Repository/Journey/JourneyPortal/Product/verifyNoItemsInTheCart' is present

2021-01-08 01:25:20 - [MESSAGE][PASSED] - pages.JourneyPortal.verifyElementOnCartIfNoItems is PASSED]]></system-out>
         <system-err><![CDATA[]]></system-err>
      </testcase>
      <testcase name="Test Cases/JourneyPortal/verifyClickingOnBackButtonNavigatesBackToSectionPage" time="50.979" classname="Test Cases/JourneyPortal/verifyClickingOnBackButtonNavigatesBackToSectionPage" status="PASSED">
         <system-out><![CDATA[2021-01-08 01:25:20 - [TEST_CASE][PASSED] - Test Cases/JourneyPortal/verifyClickingOnBackButtonNavigatesBackToSectionPage: Test Cases/JourneyPortal/verifyClickingOnBackButtonNavigatesBackToSectionPage

2021-01-08 01:25:20 - [TEST_STEP][PASSED] - Start listener action : OpenWebSite: Object: 'Object Repository/Login Credentials/EnterButton' is clicked on

2021-01-08 01:25:20 - [TEST_STEP][PASSED] - openBrowser(""): Browser is opened with url: ''

2021-01-08 01:25:20 - [MESSAGE][WARNING] - A browser is already opened. Closing browser and opening a new one

2021-01-08 01:25:21 - [MESSAGE][INFO] - Starting 'Chrome' driver

2021-01-08 01:25:21 - [MESSAGE][INFO] - Action delay is set to 0 milliseconds

2021-01-08 01:25:24 - [MESSAGE][PASSED] - Browser is opened with url: ''

2021-01-08 01:25:24 - [TEST_STEP][PASSED] - maximizeWindow(): Current window maximized

2021-01-08 01:25:26 - [MESSAGE][PASSED] - Current window maximized

2021-01-08 01:25:26 - [TEST_STEP][PASSED] - navigateToUrl(Url): Navigate to 'https://dev-admin.modist.co/' successfully

2021-01-08 01:25:35 - [MESSAGE][PASSED] - Navigate to 'https://dev-admin.modist.co/' successfully

2021-01-08 01:25:35 - [TEST_STEP][PASSED] - loginPage.login(Email, Password): Object: 'Object Repository/Login Credentials/EnterButton' is clicked on

2021-01-08 01:25:35 - [MESSAGE][PASSED] - Object 'Object Repository/Login Credentials/Email' is present

2021-01-08 01:25:35 - [MESSAGE][PASSED] - Object 'Object Repository/Login Credentials/Email' is visible

2021-01-08 01:25:36 - [MESSAGE][PASSED] - Object 'Object Repository/Login Credentials/Email' is clickable

2021-01-08 01:25:36 - [MESSAGE][PASSED] - Text of object 'Object Repository/Login Credentials/Email' is cleared

2021-01-08 01:25:36 - [MESSAGE][PASSED] - Keys 'naresh.k@qualitlabs.com' sent to object: 'Object Repository/Login Credentials/Email'

2021-01-08 01:25:37 - [MESSAGE][PASSED] - Object 'Object Repository/Login Credentials/Password' is present

2021-01-08 01:25:37 - [MESSAGE][PASSED] - Object 'Object Repository/Login Credentials/Password' is visible

2021-01-08 01:25:37 - [MESSAGE][PASSED] - Object 'Object Repository/Login Credentials/Password' is clickable

2021-01-08 01:25:38 - [MESSAGE][PASSED] - Text of object 'Object Repository/Login Credentials/Password' is cleared

2021-01-08 01:25:38 - [MESSAGE][PASSED] - Keys 'Qualitlabs1?' sent to object: 'Object Repository/Login Credentials/Password'

2021-01-08 01:25:38 - [MESSAGE][PASSED] - Object 'Object Repository/Login Credentials/EnterButton' is present

2021-01-08 01:25:38 - [MESSAGE][PASSED] - Object 'Object Repository/Login Credentials/EnterButton' is visible

2021-01-08 01:25:39 - [MESSAGE][PASSED] - Object 'Object Repository/Login Credentials/EnterButton' is clickable

2021-01-08 01:25:39 - [MESSAGE][PASSED] - Object: 'Object Repository/Login Credentials/EnterButton' is clicked on

2021-01-08 01:25:39 - [TEST_STEP][PASSED] - pages.Journey.clickOnJourneyTab(): pages.Journey.clickOnJourneyTab is PASSED

2021-01-08 01:25:41 - [MESSAGE][PASSED] - Object 'Object Repository/Journey/Journeytab' is present

2021-01-08 01:25:41 - [MESSAGE][PASSED] - Object 'Object Repository/Journey/Journeytab' is visible

2021-01-08 01:25:42 - [MESSAGE][PASSED] - Object 'Object Repository/Journey/Journeytab' is clickable

2021-01-08 01:25:42 - [MESSAGE][PASSED] - Object: 'Object Repository/Journey/Journeytab' is clicked on

2021-01-08 01:25:42 - [MESSAGE][PASSED] - pages.Journey.clickOnJourneyTab is PASSED

2021-01-08 01:25:42 - [TEST_STEP][PASSED] - journeyName = pages.Journey.getRandomJourneyName(): pages.Journey.getRandomJourneyName is PASSED

2021-01-08 01:25:47 - [MESSAGE][PASSED] - Delayed 5 second(s)

2021-01-08 01:25:47 - [MESSAGE][PASSED] - Object 'Object Repository/Journey/toGetJourneysCount' is present

2021-01-08 01:25:48 - [MESSAGE][PASSED] - Text of object 'Object Repository/Journey/toPickrandomJourney(index)' is: 'JO6'

2021-01-08 01:25:48 - [MESSAGE][PASSED] - pages.Journey.getRandomJourneyName is PASSED

[...]
	at com.kms.katalon.core.webui.keyword.internal.WebUIKeywordMain.stepFailed(WebUIKeywordMain.groovy:64)
	at com.kms.katalon.core.webui.keyword.builtin.VerifyElementPresentKeyword$_verifyElementPresent_closure1.doCall(VerifyElementPresentKeyword.groovy:85)
	at com.kms.katalon.core.webui.keyword.builtin.VerifyElementPresentKeyword$_verifyElementPresent_closure1.call(VerifyElementPresentKeyword.groovy)
	at com.kms.katalon.core.webui.keyword.internal.WebUIKeywordMain.runKeyword(WebUIKeywordMain.groovy:20)
	at com.kms.katalon.core.webui.keyword.builtin.VerifyElementPresentKeyword.verifyElementPresent(VerifyElementPresentKeyword.groovy:92)
	at com.kms.katalon.core.webui.keyword.builtin.VerifyElementPresentKeyword.execute(VerifyElementPresentKeyword.groovy:68)
	at com.kms.katalon.core.keyword.internal.KeywordExecutor.executeKeywordForPlatform(KeywordExecutor.groovy:73)
	at com.kms.katalon.core.webui.keyword.WebUiBuiltInKeywords.verifyElementPresent(WebUiBuiltInKeywords.groovy:1445)
	at com.kms.katalon.core.webui.keyword.WebUiBuiltInKeywords$verifyElementPresent$8.call(Unknown Source)
	at verification.Verification.verifyElementPresent(Verification.groovy:29)
	at verification.Verification.verifyElementPresent(Verification.groovy)
	at verification.Verification$verifyElementPresent.call(Unknown Source)
	at pages.JourneyPortal.verifyTheFullScreenView(JourneyPortal.groovy:65)
	at pages.JourneyPortal.invokeMethod(JourneyPortal.groovy)
	at com.kms.katalon.core.main.CustomKeywordDelegatingMetaClass.invokeStaticMethod(CustomKeywordDelegatingMetaClass.java:50)
	at verifyTheFullScreenViewInProductPage.run(verifyTheFullScreenViewInProductPage:36)
	at com.kms.katalon.core.main.ScriptEngine.run(ScriptEngine.java:194)
	at com.kms.katalon.core.main.ScriptEngine.runScriptAsRawText(ScriptEngine.java:119)
	at com.kms.katalon.core.main.TestCaseExecutor.runScript(TestCaseExecutor.java:339)
	at com.kms.katalon.core.main.TestCaseExecutor.doExecute(TestCaseExecutor.java:330)
	at com.kms.katalon.core.main.TestCaseExecutor.processExecutionPhase(TestCaseExecutor.java:309)
	at com.kms.katalon.core.main.TestCaseExecutor.accessMainPhase(TestCaseExecutor.java:301)
	at com.kms.katalon.core.main.TestCaseExecutor.execute(TestCaseExecutor.java:235)
	at com.kms.katalon.core.main.TestSuiteExecutor.accessTestCaseMainPhase(TestSuiteExecutor.java:191)
	at com.kms.katalon.core.main.TestSuiteExecutor.accessTestSuiteMainPhase(TestSuiteExecutor.java:141)
	at com.kms.katalon.core.main.TestSuiteExecutor.execute(TestSuiteExecutor.java:90)
	at com.kms.katalon.core.main.TestCaseMain.startTestSuite(TestCaseMain.java:157)
	at com.kms.katalon.core.main.TestCaseMain$startTestSuite$0.call(Unknown Source)
	at TempTestSuite1610086803667.run(TempTestSuite1610086803667.groovy:39)
)
[[ATTACHMENT|E:\\Modist Project\\ModistProject\\Reports\\20210108_012003\\journeyPortal\\20210108_012003\\1610087426016.png]]

2021-01-08 01:30:27 - [MESSAGE][PASSED] - Taking screenshot successfully
[[ATTACHMENT|E:\Modist Project\ModistProject\Reports\20210108_012003\journeyPortal\20210108_012003\1610087426990.png]]

2021-01-08 01:30:27 - [MESSAGE][FAILED] - you are not in full screen view]]></system-out>
         <system-err><![CDATA[2021-01-08 01:29:02 - [TEST_CASE][FAILED] - Test Cases/JourneyPortal/verifyTheFullScreenViewInProductPage: Test Cases/JourneyPortal/verifyTheFullScreenViewInProductPage FAILED.
Reason:
com.kms.katalon.core.exception.StepFailedException: you are not in full screen view
	at com.kms.katalon.core.util.KeywordUtil.markFailedAndStop(KeywordUtil.java:28)
	at com.kms.katalon.core.util.KeywordUtil$markFailedAndStop$1.call(Unknown Source)
	at verification.Verification.verifyElementPresent(Verification.groovy:31)
	at verification.Verification.verifyElementPresent(Verification.groovy)
	at verification.Verification$verifyElementPresent.call(Unknown Source)
	at pages.JourneyPortal.verifyTheFullScreenView(JourneyPortal.groovy:65)
	at pages.JourneyPortal.invokeMethod(JourneyPortal.groovy)
	at com.kms.katalon.core.main.CustomKeywordDelegatingMetaClass.invokeStaticMethod(CustomKeywordDelegatingMetaClass.java:50)
	at verifyTheFullScreenViewInProductPage.run(verifyTheFullScreenViewInProductPage:36)
	at com.kms.katalon.core.main.ScriptEngine.run(ScriptEngine.java:194)
	at com.kms.katalon.core.main.ScriptEngine.runScriptAsRawText(ScriptEngine.java:119)
	at com.kms.katalon.core.main.TestCaseExecutor.runScript(TestCaseExecutor.java:339)
	at com.kms.katalon.core.main.TestCaseExecutor.doExecute(TestCaseExecutor.java:330)
	at com.kms.katalon.core.main.TestCaseExecutor.processExecutionPhase(TestCaseExecutor.java:309)
	at com.kms.katalon.core.main.TestCaseExecutor.accessMainPhase(TestCaseExecutor.java:301)
	at com.kms.katalon.core.main.TestCaseExecutor.execute(TestCaseExecutor.java:235)
	at com.kms.katalon.core.main.TestSuiteExecutor.accessTestCaseMainPhase(TestSuiteExecutor.java:191)
	at com.kms.katalon.core.main.TestSuiteExecutor.accessTestSuiteMainPhase(TestSuiteExecutor.java:141)
	at com.kms.katalon.core.main.TestSuiteExecutor.execute(TestSuiteExecutor.java:90)
	at com.kms.katalon.core.main.TestCaseMain.startTestSuite(TestCaseMain.java:157)
	at com.kms.katalon.core.main.TestCaseMain$startTestSuite$0.call(Unknown Source)
	at TempTestSuite1610086803667.run(TempTestSuite1610086803667.groovy:39)]]></system-err>
      </testcase>
      <testcase name="Test Cases/JourneyPortal/verifyTheFullScreenViewInSectionPage" time="58.716" classname="Test Cases/JourneyPortal/verifyTheFullScreenViewInSectionPage" status="PASSED">
         <system-out><![CDATA[2021-01-08 01:30:27 - [TEST_CASE][PASSED] - Test Cases/JourneyPortal/verifyTheFullScreenViewInSectionPage: Test Cases/JourneyPortal/verifyTheFullScreenViewInSectionPage

2021-01-08 01:30:27 - [TEST_STEP][PASSED] - Start listener action : OpenWebSite: Object: 'Object Repository/Login Credentials/EnterButton' is clicked on

2021-01-08 01:30:27 - [TEST_STEP][PASSED] - openBrowser(""): Browser is opened with url: ''

2021-01-08 01:30:27 - [MESSAGE][WARNING] - A browser is already opened. Closing browser and opening a new one

2021-01-08 01:30:28 - [MESSAGE][INFO] - Starting 'Chrome' driver

2021-01-08 01:30:28 - [MESSAGE][INFO] - Action delay is set to 0 milliseconds

2021-01-08 01:30:31 - [MESSAGE][PASSED] - Browser is opened with url: ''

2021-01-08 01:30:31 - [TEST_STEP][PASSED] - maximizeWindow(): Current window maximized

2021-01-08 01:30:33 - [MESSAGE][PASSED] - Current window maximized

2021-01-08 01:30:33 - [TEST_STEP][PASSED] - navigateToUrl(Url): Navigate to 'https://dev-admin.modist.co/' successfully

2021-01-08 01:30:52 - [MESSAGE][PASSED] - Navigate to 'https://dev-admin.modist.co/' successfully

2021-01-08 01:30:52 - [TEST_STEP][PASSED] - loginPage.login(Email, Password): Object: 'Object Repository/Login Credentials/EnterButton' is clicked on

2021-01-08 01:30:52 - [MESSAGE][PASSED] - Object 'Object Repository/Login Credentials/Email' is present

2021-01-08 01:30:52 - [MESSAGE][PASSED] - Object 'Object Repository/Login Credentials/Email' is visible

2021-01-08 01:30:53 - [MESSAGE][PASSED] - Object 'Object Repository/Login Credentials/Email' is clickable

2021-01-08 01:30:53 - [MESSAGE][PASSED] - Text of object 'Object Repository/Login Credentials/Email' is cleared

2021-01-08 01:30:53 - [MESSAGE][PASSED] - Keys 'naresh.k@qualitlabs.com' sent to object: 'Object Repository/Login Credentials/Email'

2021-01-08 01:30:54 - [MESSAGE][PASSED] - Object 'Object Repository/Login Credentials/Password' is present

2021-01-08 01:30:54 - [MESSAGE][PASSED] - Object 'Object Repository/Login Credentials/Password' is visible

2021-01-08 01:30:54 - [MESSAGE][PASSED] - Object 'Object Repository/Login Credentials/Password' is clickable

2021-01-08 01:30:55 - [MESSAGE][PASSED] - Text of object 'Object Repository/Login Credentials/Password' is cleared

2021-01-08 01:30:55 - [MESSAGE][PASSED] - Keys 'Qualitlabs1?' sent to object: 'Object Repository/Login Credentials/Password'

2021-01-08 01:30:55 - [MESSAGE][PASSED] - Object 'Object Repository/Login Credentials/EnterButton' is present

2021-01-08 01:30:55 - [MESSAGE][PASSED] - Object 'Object Repository/Login Credentials/EnterButton' is visible

2021-01-08 01:30:56 - [MESSAGE][PASSED] - Object 'Object Repository/Login Credentials/EnterButton' is clickable

2021-01-08 01:30:56 - [MESSAGE][PASSED] - Object: 'Object Repository/Login Credentials/EnterButton' is clicked on

2021-01-08 01:30:56 - [TEST_STEP][PASSED] - pages.Journey.clickOnJourneyTab(): pages.Journey.clickOnJourneyTab is PASSED

2021-01-08 01:30:58 - [MESSAGE][PASSED] - Object 'Object Repository/Journey/Journeytab' is present

2021-01-08 01:30:58 - [MESSAGE][PASSED] - Object 'Object Repository/Journey/Journeytab' is visible

2021-01-08 01:30:59 - [MESSAGE][PASSED] - Object 'Object Repository/Journey/Journeytab' is clickable

2021-01-08 01:30:59 - [MESSAGE][PASSED] - Object: 'Object Repository/Journey/Journeytab' is clicked on

2021-01-08 01:30:59 - [MESSAGE][PASSED] - pages.Journey.clickOnJourneyTab is PASSED

2021-01-08 01:30:59 - [TEST_STEP][PASSED] - journeyName = pages.Journey.getRandomJourneyName(): pages.Journey.getRandomJourneyName is PASSED

2021-01-08 01:31:04 - [MESSAGE][PASSED] - Delayed 5 second(s)

2021-01-08 01:31:04 - [MESSAGE][PASSED] - Object 'Object Repository/Journey/toGetJourneysCount' is present

2021-01-08 01:31:05 - [MESSAGE][PASSED] - Text of object 'Object Repository/Journey/toPickrandomJourney(index)' is: 'journey 1'

2021-01-08 01:31:05 - [MESSAGE][PASSED] - pages.Journey.getRandomJourneyName is PASSED

2021-01-08 01:31:05 - [TEST_STEP][PASSED] - accessCode = pages.Journey.getExistingJourneyAccesscode(journeyName): pages.Journey.getExistingJourneyAccesscode is PASSED

2021-01-08 01:31:05 - [MESSAGE][PASSED] - Object 'Object Repository/Journey/journrySearchInput' is present

2021-01-08 01:31:05 - [MESSAGE][PASSED] - Object 'Object Repository/Journey/journrySearchInput' is visible

2021-01-08 01:31:06 - [MESSAGE][PASSED] - Object 'Object Repository/Journey/journrySearchInput' is clickable

2021-01-08 01:31:06 - [MESSAGE][PASSED] - Text of object 'Object Repository/Journey/journrySearchInput' is cleared

2021-01-08 01:31:06 - [MESSAGE][PASSED] - Keys 'journey 1' sent to object: 'Object Repository/Journey/journrySearchInput'

2021-01-08 01:31:08 - [MESSAGE][PASSED] - Object 'Object Repository/Journey/journrySearchInput' is present

2021-01-08 01:31:09 - [MESSAGE][PASSED] - Object 'Object Repository/Journey/journrySearchInput' is visible

2021-01-08 01:31:09 - [MESSAGE][PASSED] - Object 'Object Repository/Journey/journrySearchInput' is clickable

2021-01-08 01:31:10 - [MESSAGE][PASSED] - Text of object 'Object Repository/Journey/journrySearchInput' is cleared

2021-01-08 01:31:10 - [MESSAGE][PASSED] - Keys 'journey 1' sent to object: 'Object Repository/Journey/journrySearchInput'

2021-01-08 01:31:11 - [MESSAGE][PASSED] - Object 'Object Repository/Journey/clickVerifyingJourney(journeyName)' is present

2021-01-08 01:31:12 - [MESSAGE][PASSED] - Object 'Object Repository/Journey/clickVerifyingJourney(journeyName)' is visible

2021-01-08 01:31:12 - [MESSAGE][PASSED] - Object 'Object Repository/Journey/clickVerifyingJourney(journeyName)' is clickable

2021-01-08 01:31:13 - [MESSAGE][PASSED] - Object: 'Object Repository/Journey/clickVerifyingJourney(journeyName)' is clicked on

2021-01-08 01:31:14 - [MESSAGE][PASSED] - Scroll to object 'Object Repository/Journey/Current Access Codes/currentAccessCodeField' successfully

2021-01-08 01:31:15 - [MESSAGE][PASSED] - Object 'Object Repository/Journey/Current Access Codes/getAccessCodesCount' is present

2021-01-08 01:31:15 - [MESSAGE][PASSED] - Text of object 'Object Repository/Journey/Current Access Codes/getAccessCodeText(index)' is: 'access16'

2021-01-08 01:31:15 - [MESSAGE][PASSED] - pages.Journey.getExistingJourneyAccesscode is PASSED

2021-01-08 01:31:15 - [TEST_STEP][PASSED] - login.LoginForJourneyApplication.loginToJourneyApplication(): login.LoginForJourneyApplication.loginToJourneyApplication is PASSED

2021-01-08 01:31:15 - [MESSAGE][PASSED] - Current window's index is: 0

2021-01-08 01:31:15 - [MESSAGE][PASSED] - Switched to window with index: '1'

2021-01-08 01:31:20 - [MESSAGE][PASSED] - Navigate to 'https://qualitlabs.dev.modist.co/' successfully

2021-01-08 01:31:20 - [MESSAGE][PASSED] - login.LoginForJourneyApplication.loginToJourneyApplication is PASSED

2021-01-08 01:31:20 - [TEST_STEP][PASSED] - pages.Journey.enterAccessCodeInJourney(accessCode): pages.Journey.enterAccessCodeInJourney is PASSED

2021-01-08 01:31:21 - [MESSAGE][PASSED] - Object 'Object Repository/Journey/JourneyPortal/enterAccessCode' is present

2021-01-08 01:31:21 - [MESSAGE][PASSED] - Object 'Object Repository/Journey/JourneyPortal/enterAccessCode' is visible

2021-01-08 01:31:21 - [MESSAGE][PASSED] - Object 'Object Repository/Journey/JourneyPortal/enterAccessCode' is clickable

2021-01-08 01:31:22 - [MESSAGE][PASSED] - Text of object 'Object Repository/Journey/JourneyPortal/enterAccessCode' is cleared

2021-01-08 01:31:22 - [MESSAGE][PASSED] - Keys 'access16' sent to object: 'Object Repository/Journey/JourneyPortal/enterAccessCode'

2021-01-08 01:31:22 - [MESSAGE][PASSED] - pages.Journey.enterAccessCodeInJourney is PASSED

2021-01-08 01:31:22 - [TEST_STEP][PASSED] - pages.Journey.clickEnterButton(): pages.Journey.clickEnterButton is PASSED

2021-01-08 01:31:22 - [MESSAGE][PASSED] - Object 'Object Repository/Journey/JourneyPortal/EnterButton' is present

2021-01-08 01:31:23 - [MESSAGE][PASSED] - Object 'Object Repository/Journey/JourneyPortal/EnterButton' is visible

2021-01-08 01:31:23 - [MESSAGE][PASSED] - Object 'Object Repository/Journey/JourneyPortal/EnterButton' is clickable

2021-01-08 01:31:23 - [MESSAGE][PASSED] - Object: 'Object Repository/Journey/JourneyPortal/EnterButton' is clicked on

2021-01-08 01:31:23 - [MESSAGE][PASSED] - pages.Journey.clickEnterButton is PASSED

2021-01-08 01:31:23 - [TEST_STEP][PASSED] - pages.Journey.sectionPageVerification(): pages.Journey.sectionPageVerification is PASSED

2021-01-08 01:31:24 - [MESSAGE][PASSED] - Object 'Object Repository/Journey/JourneyPortal/Section/sectionPage' is present

2021-01-08 01:31:24 - [MESSAGE][PASSED] - pages.Journey.sectionPageVerification is PASSED

2021-01-08 01:31:24 - [TEST_STEP][PASSED] - pages.JourneyPortal.clickFullScreenIcon(): pages.JourneyPortal.clickFullScreenIcon is PASSED

2021-01-08 01:31:24 - [MESSAGE][PASSED] - Object 'Object Repository/Journey/JourneyPortal/Section/FullScreenIcon' is present

2021-01-08 01:31:25 - [MESSAGE][PASSED] - Object 'Object Repository/Journey/JourneyPortal/Section/FullScreenIcon' is visible

2021-01-08 01:31:25 - [MESSAGE][PASSED] - Object 'Object Repository/Journey/JourneyPortal/Section/FullScreenIcon' is clickable

2021-01-08 01:31:26 - [MESSAGE][PASSED] - Object: 'Object Repository/Journey/JourneyPortal/Section/FullScreenIcon' is clicked on

2021-01-08 01:31:26 - [MESSAGE][PASSED] - pages.JourneyPortal.clickFullScreenIcon is PASSED

2021-01-08 01:31:26 - [TEST_STEP][PASSED] - pages.JourneyPortal.verifyTheFullScreenView(): pages.JourneyPortal.verifyTheFullScreenView is PASSED

2021-01-08 01:31:26 - [MESSAGE][PASSED] - Object 'Object Repository/Journey/JourneyPortal/Section/verifyFullScreenView' is present

2021-01-08 01:31:26 - [MESSAGE][PASSED] - pages.JourneyPortal.verifyTheFullScreenView is PASSED]]></system-out>
         <system-err><![CDATA[]]></system-err>
      </testcase>
      <system-out><![CDATA[2021-01-08 01:20:06 - [TEST_SUITE][FAILED] - journeyPortal: Test Cases/JourneyPortal/AddProductToCartMulitpleTimesAndVerifyTheProductsCountAfterRefresh FAILED.
Reason:
com.kms.katalon.core.exception.StepFailedException: you have selected 5 products , but you have only 1
	at com.kms.katalon.core.util.KeywordUtil.markFailed(KeywordUtil.java:19)
	at com.kms.katalon.core.util.KeywordUtil$markFailed$0.call(Unknown Source)
	at pages.JourneyPortal.verifyWhetherOrderedAndAvailableProductsCountAreSame(JourneyPortal.groovy:104)
	at pages.JourneyPortal.invokeMethod(JourneyPortal.groovy)
	at com.kms.katalon.core.main.CustomKeywordDelegatingMetaClass.invokeStaticMethod(CustomKeywordDelegatingMetaClass.java:50)
	at AddProductToCartMulitpleTimesAndVerifyTheProductsCountAfterRefresh.run(AddProductToCartMulitpleTimesAndVerifyTheProductsCountAfterRefresh:40)
	at com.kms.katalon.core.main.ScriptEngine.run(ScriptEngine.java:194)
	at com.kms.katalon.core.main.ScriptEngine.runScriptAsRawText(ScriptEngine.java:119)
	at com.kms.katalon.core.main.TestCaseExecutor.runScript(TestCaseExecutor.java:339)
	at com.kms.katalon.core.main.TestCaseExecutor.doExecute(TestCaseExecutor.java:330)
	at com.kms.katalon.core.main.TestCaseExecutor.processExecutionPhase(TestCaseExecutor.java:309)
	at com.kms.katalon.core.main.TestCaseExecutor.accessMainPhase(TestCaseExecutor.java:301)
	at com.kms.katalon.core.main.TestCaseExecutor.execute(TestCaseExecutor.java:235)
	at com.kms.katalon.core.main.TestSuiteExecutor.accessTestCaseMainPhase(TestSuiteExecutor.java:191)
	at com.kms.katalon.core.main.TestSuiteExecutor.accessTestSuiteMainPhase(TestSuiteExecutor.java:141)
	at com.kms.katalon.core.main.TestSuiteExecutor.execute(TestSuiteExecutor.java:90)
	at com.kms.katalon.core.main.TestCaseMain.startTestSuite(TestCaseMain.java:157)
	at com.kms.katalon.core.main.TestCaseMain$startTestSuite$0.call(Unknown Source)
	at TempTestSuite1610086803667.run(TempTestSuite1610086803667.groovy:39)]]></system-out>
      <system-err><![CDATA[2021-01-08 01:20:06 - [TEST_SUITE][FAILED] - journeyPortal: Test Cases/JourneyPortal/AddProductToCartMulitpleTimesAndVerifyTheProductsCountAfterRefresh FAILED.
Reason:
com.kms.katalon.core.exception.StepFailedException: you have selected 5 products , but you have only 1
	at com.kms.katalon.core.util.KeywordUtil.markFailed(KeywordUtil.java:19)
	at com.kms.katalon.core.util.KeywordUtil$markFailed$0.call(Unknown Source)
	at pages.JourneyPortal.verifyWhetherOrderedAndAvailableProductsCountAreSame(JourneyPortal.groovy:104)
	at pages.JourneyPortal.invokeMethod(JourneyPortal.groovy)
	at com.kms.katalon.core.main.CustomKeywordDelegatingMetaClass.invokeStaticMethod(CustomKeywordDelegatingMetaClass.java:50)
	at AddProductToCartMulitpleTimesAndVerifyTheProductsCountAfterRefresh.run(AddProductToCartMulitpleTimesAndVerifyTheProductsCountAfterRefresh:40)
	at com.kms.katalon.core.main.ScriptEngine.run(ScriptEngine.java:194)
	at com.kms.katalon.core.main.ScriptEngine.runScriptAsRawText(ScriptEngine.java:119)
	at com.kms.katalon.core.main.TestCaseExecutor.runScript(TestCaseExecutor.java:339)
	at com.kms.katalon.core.main.TestCaseExecutor.doExecute(TestCaseExecutor.java:330)
	at com.kms.katalon.core.main.TestCaseExecutor.processExecutionPhase(TestCaseExecutor.java:309)
	at com.kms.katalon.core.main.TestCaseExecutor.accessMainPhase(TestCaseExecutor.java:301)
	at com.kms.katalon.core.main.TestCaseExecutor.execute(TestCaseExecutor.java:235)
	at com.kms.katalon.core.main.TestSuiteExecutor.accessTestCaseMainPhase(TestSuiteExecutor.java:191)
	at com.kms.katalon.core.main.TestSuiteExecutor.accessTestSuiteMainPhase(TestSuiteExecutor.java:141)
	at com.kms.katalon.core.main.TestSuiteExecutor.execute(TestSuiteExecutor.java:90)
	at com.kms.katalon.core.main.TestCaseMain.startTestSuite(TestCaseMain.java:157)
	at com.kms.katalon.core.main.TestCaseMain$startTestSuite$0.call(Unknown Source)
	at TempTestSuite1610086803667.run(TempTestSuite1610086803667.groovy:39)]]></system-err>
   </testsuite>
</testsuites>
